ARM GAS  C:\Users\SF\AppData\Local\Temp\ccygzwkh.s 			page 1


   1              		.cpu cortex-m4
   2              		.arch armv7e-m
   3              		.fpu fpv4-sp-d16
   4              		.eabi_attribute 27, 1
   5              		.eabi_attribute 28, 1
   6              		.eabi_attribute 20, 1
   7              		.eabi_attribute 21, 1
   8              		.eabi_attribute 23, 3
   9              		.eabi_attribute 24, 1
  10              		.eabi_attribute 25, 1
  11              		.eabi_attribute 26, 1
  12              		.eabi_attribute 30, 1
  13              		.eabi_attribute 34, 1
  14              		.eabi_attribute 18, 4
  15              		.file	"freertos.c"
  16              		.text
  17              	.Ltext0:
  18              		.cfi_sections	.debug_frame
  19              		.section	.text.vel_setter_callback,"ax",%progbits
  20              		.align	1
  21              		.global	vel_setter_callback
  22              		.syntax unified
  23              		.thumb
  24              		.thumb_func
  26              	vel_setter_callback:
  27              	.LVL0:
  28              	.LFB138:
  29              		.file 1 "Core/Src/freertos.c"
   1:Core/Src/freertos.c **** /* USER CODE BEGIN Header */
   2:Core/Src/freertos.c **** /**
   3:Core/Src/freertos.c ****   ******************************************************************************
   4:Core/Src/freertos.c ****   * File Name          : freertos.c
   5:Core/Src/freertos.c ****   * Description        : Code for freertos applications
   6:Core/Src/freertos.c ****   ******************************************************************************
   7:Core/Src/freertos.c ****   * @attention
   8:Core/Src/freertos.c ****   *
   9:Core/Src/freertos.c ****   * Copyright (c) 2023 STMicroelectronics.
  10:Core/Src/freertos.c ****   * All rights reserved.
  11:Core/Src/freertos.c ****   *
  12:Core/Src/freertos.c ****   * This software is licensed under terms that can be found in the LICENSE file
  13:Core/Src/freertos.c ****   * in the root directory of this software component.
  14:Core/Src/freertos.c ****   * If no LICENSE file comes with this software, it is provided AS-IS.
  15:Core/Src/freertos.c ****   *
  16:Core/Src/freertos.c ****   ******************************************************************************
  17:Core/Src/freertos.c ****   */
  18:Core/Src/freertos.c **** /* USER CODE END Header */
  19:Core/Src/freertos.c **** 
  20:Core/Src/freertos.c **** /* Includes ------------------------------------------------------------------*/
  21:Core/Src/freertos.c **** #include "FreeRTOS.h"
  22:Core/Src/freertos.c **** #include "task.h"
  23:Core/Src/freertos.c **** #include "main.h"
  24:Core/Src/freertos.c **** #include "cmsis_os.h"
  25:Core/Src/freertos.c **** 
  26:Core/Src/freertos.c **** /* Private includes ----------------------------------------------------------*/
  27:Core/Src/freertos.c **** /* USER CODE BEGIN Includes */
  28:Core/Src/freertos.c **** #include <rcl/rcl.h>
  29:Core/Src/freertos.c **** #include <rcl/error_handling.h>
ARM GAS  C:\Users\SF\AppData\Local\Temp\ccygzwkh.s 			page 2


  30:Core/Src/freertos.c **** #include <rclc/rclc.h>
  31:Core/Src/freertos.c **** #include <rclc/executor.h>
  32:Core/Src/freertos.c **** #include <uxr/client/transport.h>
  33:Core/Src/freertos.c **** #include <rmw_microxrcedds_c/config.h>
  34:Core/Src/freertos.c **** #include <rmw_microros/rmw_microros.h>
  35:Core/Src/freertos.c **** #include "usart.h"
  36:Core/Src/freertos.c **** #include <std_msgs/msg/int32.h>
  37:Core/Src/freertos.c **** #include <firmware_msgs/msg/mcu_pose.h>
  38:Core/Src/freertos.c **** 
  39:Core/Src/freertos.c **** #include <geometry_msgs/msg/twist.h>
  40:Core/Src/freertos.c **** #include "odometry.h"
  41:Core/Src/freertos.c **** /* USER CODE END Includes */
  42:Core/Src/freertos.c **** 
  43:Core/Src/freertos.c **** /* Private typedef -----------------------------------------------------------*/
  44:Core/Src/freertos.c **** typedef StaticTask_t osStaticThreadDef_t;
  45:Core/Src/freertos.c **** /* USER CODE BEGIN PTD */
  46:Core/Src/freertos.c **** 
  47:Core/Src/freertos.c **** /* USER CODE END PTD */
  48:Core/Src/freertos.c **** 
  49:Core/Src/freertos.c **** /* Private define ------------------------------------------------------------*/
  50:Core/Src/freertos.c **** /* USER CODE BEGIN PD */
  51:Core/Src/freertos.c **** #define NODE_NAME "firmware_node"
  52:Core/Src/freertos.c **** 
  53:Core/Src/freertos.c **** /* USER CODE END PD */
  54:Core/Src/freertos.c **** 
  55:Core/Src/freertos.c **** /* Private macro -------------------------------------------------------------*/
  56:Core/Src/freertos.c **** /* USER CODE BEGIN PM */
  57:Core/Src/freertos.c **** /* USER CODE END PM */
  58:Core/Src/freertos.c **** 
  59:Core/Src/freertos.c **** /* Private variables ---------------------------------------------------------*/
  60:Core/Src/freertos.c **** /* USER CODE BEGIN Variables */
  61:Core/Src/freertos.c **** rclc_executor_t executor;
  62:Core/Src/freertos.c **** rcl_publisher_t publisher;
  63:Core/Src/freertos.c **** rclc_support_t support;
  64:Core/Src/freertos.c **** rcl_allocator_t allocator;
  65:Core/Src/freertos.c **** rcl_node_t node;
  66:Core/Src/freertos.c **** rcl_subscription_t subscriber;
  67:Core/Src/freertos.c **** 
  68:Core/Src/freertos.c **** firmware_msgs__msg__McuPose odom_msg;
  69:Core/Src/freertos.c **** geometry_msgs__msg__Twist   vel_msg;
  70:Core/Src/freertos.c **** 
  71:Core/Src/freertos.c **** //osSemaphoreId_t OdomSemHandle;
  72:Core/Src/freertos.c **** //const osSemaphoreAttr_t OdomSem_attributes = {
  73:Core/Src/freertos.c **** //  .name = "OdomSem"
  74:Core/Src/freertos.c **** //};
  75:Core/Src/freertos.c **** 
  76:Core/Src/freertos.c **** osMutexId_t odom_mutex;
  77:Core/Src/freertos.c **** 
  78:Core/Src/freertos.c **** const osMutexAttr_t Thread_Mutex_attr = {
  79:Core/Src/freertos.c ****   "OdomMutex",                          // human readable mutex name
  80:Core/Src/freertos.c ****   osMutexRecursive | osMutexPrioInherit,    // attr_bits
  81:Core/Src/freertos.c ****   NULL,                                     // memory for control block
  82:Core/Src/freertos.c ****   0U                                        // size for control block
  83:Core/Src/freertos.c **** };
  84:Core/Src/freertos.c **** 
  85:Core/Src/freertos.c **** /* USER CODE END Variables */
  86:Core/Src/freertos.c **** /* Definitions for MCU_POSE */
ARM GAS  C:\Users\SF\AppData\Local\Temp\ccygzwkh.s 			page 3


  87:Core/Src/freertos.c **** osThreadId_t MCU_POSEHandle;
  88:Core/Src/freertos.c **** uint32_t defaultTaskBuffer[ 3000 ];
  89:Core/Src/freertos.c **** osStaticThreadDef_t defaultTaskControlBlock;
  90:Core/Src/freertos.c **** const osThreadAttr_t MCU_POSE_attributes = {
  91:Core/Src/freertos.c ****   .name = "MCU_POSE",
  92:Core/Src/freertos.c ****   .cb_mem = &defaultTaskControlBlock,
  93:Core/Src/freertos.c ****   .cb_size = sizeof(defaultTaskControlBlock),
  94:Core/Src/freertos.c ****   .stack_mem = &defaultTaskBuffer[0],
  95:Core/Src/freertos.c ****   .stack_size = sizeof(defaultTaskBuffer),
  96:Core/Src/freertos.c ****   .priority = (osPriority_t) osPriorityHigh7,
  97:Core/Src/freertos.c **** };
  98:Core/Src/freertos.c **** /* Definitions for MCU_VEL */
  99:Core/Src/freertos.c **** osThreadId_t MCU_VELHandle;
 100:Core/Src/freertos.c **** uint32_t MCU_VELBuffer[ 3000 ];
 101:Core/Src/freertos.c **** osStaticThreadDef_t MCU_VELControlBlock;
 102:Core/Src/freertos.c **** const osThreadAttr_t MCU_VEL_attributes = {
 103:Core/Src/freertos.c ****   .name = "MCU_VEL",
 104:Core/Src/freertos.c ****   .cb_mem = &MCU_VELControlBlock,
 105:Core/Src/freertos.c ****   .cb_size = sizeof(MCU_VELControlBlock),
 106:Core/Src/freertos.c ****   .stack_mem = &MCU_VELBuffer[0],
 107:Core/Src/freertos.c ****   .stack_size = sizeof(MCU_VELBuffer),
 108:Core/Src/freertos.c ****   .priority = (osPriority_t) osPriorityRealtime,
 109:Core/Src/freertos.c **** };
 110:Core/Src/freertos.c **** /* Definitions for UPDATE_IMU_VEL */
 111:Core/Src/freertos.c **** osThreadId_t UPDATE_IMU_VELHandle;
 112:Core/Src/freertos.c **** uint32_t UPDATE_IMU_VELBuffer[ 256 ];
 113:Core/Src/freertos.c **** osStaticThreadDef_t UPDATE_IMU_VELControlBlock;
 114:Core/Src/freertos.c **** const osThreadAttr_t UPDATE_IMU_VEL_attributes = {
 115:Core/Src/freertos.c ****   .name = "UPDATE_IMU_VEL",
 116:Core/Src/freertos.c ****   .cb_mem = &UPDATE_IMU_VELControlBlock,
 117:Core/Src/freertos.c ****   .cb_size = sizeof(UPDATE_IMU_VELControlBlock),
 118:Core/Src/freertos.c ****   .stack_mem = &UPDATE_IMU_VELBuffer[0],
 119:Core/Src/freertos.c ****   .stack_size = sizeof(UPDATE_IMU_VELBuffer),
 120:Core/Src/freertos.c ****   .priority = (osPriority_t) osPriorityNormal,
 121:Core/Src/freertos.c **** };
 122:Core/Src/freertos.c **** 
 123:Core/Src/freertos.c **** /* Private function prototypes -----------------------------------------------*/
 124:Core/Src/freertos.c **** /* USER CODE BEGIN FunctionPrototypes */
 125:Core/Src/freertos.c **** bool cubemx_transport_open(struct uxrCustomTransport * transport);
 126:Core/Src/freertos.c **** bool cubemx_transport_close(struct uxrCustomTransport * transport);
 127:Core/Src/freertos.c **** size_t cubemx_transport_write(struct uxrCustomTransport* transport, const uint8_t * buf, size_t len
 128:Core/Src/freertos.c **** size_t cubemx_transport_read(struct uxrCustomTransport* transport, uint8_t* buf, size_t len, int ti
 129:Core/Src/freertos.c **** 
 130:Core/Src/freertos.c **** void * microros_allocate(size_t size, void * state);
 131:Core/Src/freertos.c **** void microros_deallocate(void * pointer, void * state);
 132:Core/Src/freertos.c **** void * microros_reallocate(void * pointer, size_t size, void * state);
 133:Core/Src/freertos.c **** void * microros_zero_allocate(size_t number_of_elements, size_t size_of_element, void * state);
 134:Core/Src/freertos.c **** 
 135:Core/Src/freertos.c **** void vel_setter_callback(const void *msgin) {
  30              		.loc 1 135 45 view -0
  31              		.cfi_startproc
  32              		@ args = 0, pretend = 0, frame = 0
  33              		@ frame_needed = 0, uses_anonymous_args = 0
  34              		.loc 1 135 45 is_stmt 0 view .LVU1
  35 0000 08B5     		push	{r3, lr}
  36              	.LCFI0:
  37              		.cfi_def_cfa_offset 8
ARM GAS  C:\Users\SF\AppData\Local\Temp\ccygzwkh.s 			page 4


  38              		.cfi_offset 3, -8
  39              		.cfi_offset 14, -4
 136:Core/Src/freertos.c **** 	const geometry_msgs__msg__Twist *cmdVel = (const geometry_msgs__msg__Twist *) msgin;
  40              		.loc 1 136 2 is_stmt 1 view .LVU2
  41              	.LVL1:
 137:Core/Src/freertos.c **** 
 138:Core/Src/freertos.c **** 	update_vel_wheels(cmdVel);
  42              		.loc 1 138 2 view .LVU3
  43 0002 FFF7FEFF 		bl	update_vel_wheels
  44              	.LVL2:
 139:Core/Src/freertos.c **** }
  45              		.loc 1 139 1 is_stmt 0 view .LVU4
  46 0006 08BD     		pop	{r3, pc}
  47              		.cfi_endproc
  48              	.LFE138:
  50              		.section	.text.odom_getter,"ax",%progbits
  51              		.align	1
  52              		.global	odom_getter
  53              		.syntax unified
  54              		.thumb
  55              		.thumb_func
  57              	odom_getter:
  58              	.LFB140:
 140:Core/Src/freertos.c **** void setup_node(void);
 141:Core/Src/freertos.c **** void destroy_node(void);
 142:Core/Src/freertos.c **** /* USER CODE END FunctionPrototypes */
 143:Core/Src/freertos.c **** 
 144:Core/Src/freertos.c **** void odom_getter(void *argument);
 145:Core/Src/freertos.c **** void vel_setter(void *argument);
 146:Core/Src/freertos.c **** void update_imu_vel(void *argument);
 147:Core/Src/freertos.c **** 
 148:Core/Src/freertos.c **** void MX_FREERTOS_Init(void); /* (MISRA C 2004 rule 8.1) */
 149:Core/Src/freertos.c **** 
 150:Core/Src/freertos.c **** /**
 151:Core/Src/freertos.c ****   * @brief  FreeRTOS initialization
 152:Core/Src/freertos.c ****   * @param  None
 153:Core/Src/freertos.c ****   * @retval None
 154:Core/Src/freertos.c ****   */
 155:Core/Src/freertos.c **** void MX_FREERTOS_Init(void) {
 156:Core/Src/freertos.c ****   /* USER CODE BEGIN Init */
 157:Core/Src/freertos.c **** //	odom_mutex = osMutexNew(&Thread_Mutex_attr);
 158:Core/Src/freertos.c **** 
 159:Core/Src/freertos.c **** //	 OdomSemHandle = osSemaphoreNew(2, 2, &OdomSem_attributes);
 160:Core/Src/freertos.c **** 
 161:Core/Src/freertos.c **** 	odom_mutex = osMutexNew(&Thread_Mutex_attr);
 162:Core/Src/freertos.c ****   /* USER CODE END Init */
 163:Core/Src/freertos.c **** 
 164:Core/Src/freertos.c ****   /* USER CODE BEGIN RTOS_MUTEX */
 165:Core/Src/freertos.c ****   /* add mutexes, ... */
 166:Core/Src/freertos.c ****   /* USER CODE END RTOS_MUTEX */
 167:Core/Src/freertos.c **** 
 168:Core/Src/freertos.c ****   /* USER CODE BEGIN RTOS_SEMAPHORES */
 169:Core/Src/freertos.c ****   /* add semaphores, ... */
 170:Core/Src/freertos.c ****   /* USER CODE END RTOS_SEMAPHORES */
 171:Core/Src/freertos.c **** 
 172:Core/Src/freertos.c ****   /* USER CODE BEGIN RTOS_TIMERS */
 173:Core/Src/freertos.c ****   /* start timers, add new ones, ... */
ARM GAS  C:\Users\SF\AppData\Local\Temp\ccygzwkh.s 			page 5


 174:Core/Src/freertos.c ****   /* USER CODE END RTOS_TIMERS */
 175:Core/Src/freertos.c **** 
 176:Core/Src/freertos.c ****   /* USER CODE BEGIN RTOS_QUEUES */
 177:Core/Src/freertos.c ****   /* add queues, ... */
 178:Core/Src/freertos.c ****   /* USER CODE END RTOS_QUEUES */
 179:Core/Src/freertos.c **** 
 180:Core/Src/freertos.c ****   /* Create the thread(s) */
 181:Core/Src/freertos.c ****   /* creation of MCU_POSE */
 182:Core/Src/freertos.c ****   MCU_POSEHandle = osThreadNew(odom_getter, NULL, &MCU_POSE_attributes);
 183:Core/Src/freertos.c ****   /* creation of MCU_VEL */
 184:Core/Src/freertos.c ****   MCU_VELHandle = osThreadNew(vel_setter, NULL, &MCU_VEL_attributes);
 185:Core/Src/freertos.c ****   /* creation of UPDATE_IMU_VEL */
 186:Core/Src/freertos.c ****   UPDATE_IMU_VELHandle = osThreadNew(update_imu_vel, NULL, &UPDATE_IMU_VEL_attributes);
 187:Core/Src/freertos.c **** 
 188:Core/Src/freertos.c ****   /* USER CODE BEGIN RTOS_THREADS */
 189:Core/Src/freertos.c ****   /* add threads, ... */
 190:Core/Src/freertos.c ****   /* USER CODE END RTOS_THREADS */
 191:Core/Src/freertos.c **** 
 192:Core/Src/freertos.c ****   /* USER CODE BEGIN RTOS_EVENTS */
 193:Core/Src/freertos.c ****   /* add events, ... */
 194:Core/Src/freertos.c ****   /* USER CODE END RTOS_EVENTS */
 195:Core/Src/freertos.c **** 
 196:Core/Src/freertos.c **** }
 197:Core/Src/freertos.c **** 
 198:Core/Src/freertos.c **** /* USER CODE BEGIN Header_odom_getter */
 199:Core/Src/freertos.c **** /**
 200:Core/Src/freertos.c **** * @brief Function implementing the MCU_POSE thread.
 201:Core/Src/freertos.c **** * @param argument: Not used
 202:Core/Src/freertos.c **** * @retval None
 203:Core/Src/freertos.c **** */
 204:Core/Src/freertos.c **** /* USER CODE END Header_odom_getter */
 205:Core/Src/freertos.c **** void odom_getter(void *argument)
 206:Core/Src/freertos.c **** {
  59              		.loc 1 206 1 is_stmt 1 view -0
  60              		.cfi_startproc
  61              		@ Volatile: function does not return.
  62              		@ args = 0, pretend = 0, frame = 0
  63              		@ frame_needed = 0, uses_anonymous_args = 0
  64              	.LVL3:
  65              		.loc 1 206 1 is_stmt 0 view .LVU6
  66 0000 08B5     		push	{r3, lr}
  67              	.LCFI1:
  68              		.cfi_def_cfa_offset 8
  69              		.cfi_offset 3, -8
  70              		.cfi_offset 14, -4
  71 0002 0FE0     		b	.L5
  72              	.LVL4:
  73              	.L7:
  74              	.LBB2:
 207:Core/Src/freertos.c **** 
 208:Core/Src/freertos.c ****   /* USER CODE BEGIN odom_getter */
 209:Core/Src/freertos.c ****   /* Infinite loop */
 210:Core/Src/freertos.c ****   for(;;)
 211:Core/Src/freertos.c ****   {
 212:Core/Src/freertos.c **** 	if (osMutexAcquire(odom_mutex, osWaitForever) == osOK) {
 213:Core/Src/freertos.c **** 		get_odom_msg(&odom_msg);
  75              		.loc 1 213 3 is_stmt 1 view .LVU7
ARM GAS  C:\Users\SF\AppData\Local\Temp\ccygzwkh.s 			page 6


  76 0004 0C4C     		ldr	r4, .L8
  77 0006 2046     		mov	r0, r4
  78 0008 FFF7FEFF 		bl	get_odom_msg
  79              	.LVL5:
 214:Core/Src/freertos.c **** 		rcl_publish(&publisher, &odom_msg, NULL);
  80              		.loc 1 214 3 view .LVU8
  81 000c 0022     		movs	r2, #0
  82 000e 2146     		mov	r1, r4
  83 0010 0A48     		ldr	r0, .L8+4
  84 0012 FFF7FEFF 		bl	rcl_publish
  85              	.LVL6:
 215:Core/Src/freertos.c **** 		osMutexRelease(odom_mutex);
  86              		.loc 1 215 3 view .LVU9
  87 0016 0A4B     		ldr	r3, .L8+8
  88 0018 1868     		ldr	r0, [r3]
  89 001a FFF7FEFF 		bl	osMutexRelease
  90              	.LVL7:
  91              	.L4:
  92              	.LBE2:
 216:Core/Src/freertos.c **** 	}
 217:Core/Src/freertos.c ****     osDelay(20);
  93              		.loc 1 217 5 view .LVU10
  94 001e 1420     		movs	r0, #20
  95 0020 FFF7FEFF 		bl	osDelay
  96              	.LVL8:
 210:Core/Src/freertos.c ****   {
  97              		.loc 1 210 8 view .LVU11
  98              	.L5:
 210:Core/Src/freertos.c ****   {
  99              		.loc 1 210 3 view .LVU12
 212:Core/Src/freertos.c **** 		get_odom_msg(&odom_msg);
 100              		.loc 1 212 2 view .LVU13
 212:Core/Src/freertos.c **** 		get_odom_msg(&odom_msg);
 101              		.loc 1 212 6 is_stmt 0 view .LVU14
 102 0024 4FF0FF31 		mov	r1, #-1
 103 0028 054B     		ldr	r3, .L8+8
 104 002a 1868     		ldr	r0, [r3]
 105 002c FFF7FEFF 		bl	osMutexAcquire
 106              	.LVL9:
 212:Core/Src/freertos.c **** 		get_odom_msg(&odom_msg);
 107              		.loc 1 212 5 view .LVU15
 108 0030 0028     		cmp	r0, #0
 109 0032 E7D0     		beq	.L7
 110 0034 F3E7     		b	.L4
 111              	.L9:
 112 0036 00BF     		.align	2
 113              	.L8:
 114 0038 00000000 		.word	.LANCHOR1
 115 003c 00000000 		.word	.LANCHOR2
 116 0040 00000000 		.word	.LANCHOR0
 117              		.cfi_endproc
 118              	.LFE140:
 120              		.section	.text.update_imu_vel,"ax",%progbits
 121              		.align	1
 122              		.global	update_imu_vel
 123              		.syntax unified
 124              		.thumb
ARM GAS  C:\Users\SF\AppData\Local\Temp\ccygzwkh.s 			page 7


 125              		.thumb_func
 127              	update_imu_vel:
 128              	.LFB142:
 218:Core/Src/freertos.c ****   }
 219:Core/Src/freertos.c ****   /* USER CODE END odom_getter */
 220:Core/Src/freertos.c **** }
 221:Core/Src/freertos.c **** 
 222:Core/Src/freertos.c **** /* USER CODE BEGIN Header_vel_setter */
 223:Core/Src/freertos.c **** /**
 224:Core/Src/freertos.c ****   * @brief  Function implementing the MCU_VEL thread.
 225:Core/Src/freertos.c ****   * @param  argument: Not used
 226:Core/Src/freertos.c ****   * @retval None
 227:Core/Src/freertos.c ****   */
 228:Core/Src/freertos.c **** /* USER CODE END Header_vel_setter */
 229:Core/Src/freertos.c **** void vel_setter(void *argument)
 230:Core/Src/freertos.c **** {
 231:Core/Src/freertos.c **** 	setup_node();
 232:Core/Src/freertos.c ****   /* USER CODE BEGIN vel_setter */
 233:Core/Src/freertos.c **** 
 234:Core/Src/freertos.c ****   /* Infinite loop */
 235:Core/Src/freertos.c ****   for(;;)
 236:Core/Src/freertos.c ****   {
 237:Core/Src/freertos.c **** 	rclc_executor_spin(&executor);
 238:Core/Src/freertos.c ****     osDelay(10);
 239:Core/Src/freertos.c ****   }
 240:Core/Src/freertos.c ****   /* USER CODE END vel_setter */
 241:Core/Src/freertos.c **** }
 242:Core/Src/freertos.c **** 
 243:Core/Src/freertos.c **** /* USER CODE BEGIN Header_update_imu_vel */
 244:Core/Src/freertos.c **** /**
 245:Core/Src/freertos.c **** * @brief Function implementing the UPDATE_IMU_VEL thread.
 246:Core/Src/freertos.c **** * @param argument: Not used
 247:Core/Src/freertos.c **** * @retval None;
 248:Core/Src/freertos.c **** */
 249:Core/Src/freertos.c **** /* USER CODE END Header_update_imu_vel */
 250:Core/Src/freertos.c **** void update_imu_vel(void *argument)
 251:Core/Src/freertos.c **** {
 129              		.loc 1 251 1 is_stmt 1 view -0
 130              		.cfi_startproc
 131              		@ Volatile: function does not return.
 132              		@ args = 0, pretend = 0, frame = 0
 133              		@ frame_needed = 0, uses_anonymous_args = 0
 134              	.LVL10:
 135              		.loc 1 251 1 is_stmt 0 view .LVU17
 136 0000 08B5     		push	{r3, lr}
 137              	.LCFI2:
 138              		.cfi_def_cfa_offset 8
 139              		.cfi_offset 3, -8
 140              		.cfi_offset 14, -4
 141              	.LVL11:
 142              	.L11:
 252:Core/Src/freertos.c ****   /* USER CODE BEGIN update_imu_vel */
 253:Core/Src/freertos.c ****   /* Infinite loop */
 254:Core/Src/freertos.c ****   for(;;)
 143              		.loc 1 254 3 is_stmt 1 view .LVU18
 255:Core/Src/freertos.c ****   {
 256:Core/Src/freertos.c **** //	if(HAL_GPIO_ReadPin(GPIOD, GPIO_PIN_15) == 0) {
ARM GAS  C:\Users\SF\AppData\Local\Temp\ccygzwkh.s 			page 8


 257:Core/Src/freertos.c **** //		HAL_GPIO_WritePin(GPIOD, GPIO_PIN_15, GPIO_PIN_SET);
 258:Core/Src/freertos.c **** //	} else {
 259:Core/Src/freertos.c **** //		HAL_GPIO_WritePin(GPIOD, GPIO_PIN_15, GPIO_PIN_RESET);
 260:Core/Src/freertos.c **** //	}
 261:Core/Src/freertos.c **** //	set_vel_wheels();
 262:Core/Src/freertos.c **** 	update_yaw();
 144              		.loc 1 262 2 view .LVU19
 145 0002 FFF7FEFF 		bl	update_yaw
 146              	.LVL12:
 263:Core/Src/freertos.c **** 
 264:Core/Src/freertos.c **** 	if (osMutexAcquire(odom_mutex, osWaitForever) == osOK) {
 147              		.loc 1 264 2 view .LVU20
 148              		.loc 1 264 6 is_stmt 0 view .LVU21
 149 0006 4FF0FF31 		mov	r1, #-1
 150 000a 064B     		ldr	r3, .L14
 151 000c 1868     		ldr	r0, [r3]
 152 000e FFF7FEFF 		bl	osMutexAcquire
 153              	.LVL13:
 154              		.loc 1 264 5 view .LVU22
 155 0012 0028     		cmp	r0, #0
 156 0014 F5D1     		bne	.L11
 265:Core/Src/freertos.c **** 		update_step();
 157              		.loc 1 265 3 is_stmt 1 view .LVU23
 158 0016 FFF7FEFF 		bl	update_step
 159              	.LVL14:
 266:Core/Src/freertos.c **** 		osMutexRelease(odom_mutex);
 160              		.loc 1 266 3 view .LVU24
 161 001a 024B     		ldr	r3, .L14
 162 001c 1868     		ldr	r0, [r3]
 163 001e FFF7FEFF 		bl	osMutexRelease
 164              	.LVL15:
 165 0022 EEE7     		b	.L11
 166              	.L15:
 167              		.align	2
 168              	.L14:
 169 0024 00000000 		.word	.LANCHOR0
 170              		.cfi_endproc
 171              	.LFE142:
 173              		.section	.text.MX_FREERTOS_Init,"ax",%progbits
 174              		.align	1
 175              		.global	MX_FREERTOS_Init
 176              		.syntax unified
 177              		.thumb
 178              		.thumb_func
 180              	MX_FREERTOS_Init:
 181              	.LFB139:
 155:Core/Src/freertos.c ****   /* USER CODE BEGIN Init */
 182              		.loc 1 155 29 view -0
 183              		.cfi_startproc
 184              		@ args = 0, pretend = 0, frame = 0
 185              		@ frame_needed = 0, uses_anonymous_args = 0
 186 0000 08B5     		push	{r3, lr}
 187              	.LCFI3:
 188              		.cfi_def_cfa_offset 8
 189              		.cfi_offset 3, -8
 190              		.cfi_offset 14, -4
 161:Core/Src/freertos.c ****   /* USER CODE END Init */
ARM GAS  C:\Users\SF\AppData\Local\Temp\ccygzwkh.s 			page 9


 191              		.loc 1 161 2 view .LVU26
 161:Core/Src/freertos.c ****   /* USER CODE END Init */
 192              		.loc 1 161 15 is_stmt 0 view .LVU27
 193 0002 0D48     		ldr	r0, .L18
 194 0004 FFF7FEFF 		bl	osMutexNew
 195              	.LVL16:
 161:Core/Src/freertos.c ****   /* USER CODE END Init */
 196              		.loc 1 161 13 view .LVU28
 197 0008 0C4B     		ldr	r3, .L18+4
 198 000a 1860     		str	r0, [r3]
 182:Core/Src/freertos.c ****   /* creation of MCU_VEL */
 199              		.loc 1 182 3 is_stmt 1 view .LVU29
 182:Core/Src/freertos.c ****   /* creation of MCU_VEL */
 200              		.loc 1 182 20 is_stmt 0 view .LVU30
 201 000c 0C4A     		ldr	r2, .L18+8
 202 000e 0021     		movs	r1, #0
 203 0010 0C48     		ldr	r0, .L18+12
 204 0012 FFF7FEFF 		bl	osThreadNew
 205              	.LVL17:
 182:Core/Src/freertos.c ****   /* creation of MCU_VEL */
 206              		.loc 1 182 18 view .LVU31
 207 0016 0C4B     		ldr	r3, .L18+16
 208 0018 1860     		str	r0, [r3]
 184:Core/Src/freertos.c ****   /* creation of UPDATE_IMU_VEL */
 209              		.loc 1 184 3 is_stmt 1 view .LVU32
 184:Core/Src/freertos.c ****   /* creation of UPDATE_IMU_VEL */
 210              		.loc 1 184 19 is_stmt 0 view .LVU33
 211 001a 0C4A     		ldr	r2, .L18+20
 212 001c 0021     		movs	r1, #0
 213 001e 0C48     		ldr	r0, .L18+24
 214 0020 FFF7FEFF 		bl	osThreadNew
 215              	.LVL18:
 184:Core/Src/freertos.c ****   /* creation of UPDATE_IMU_VEL */
 216              		.loc 1 184 17 view .LVU34
 217 0024 0B4B     		ldr	r3, .L18+28
 218 0026 1860     		str	r0, [r3]
 186:Core/Src/freertos.c **** 
 219              		.loc 1 186 3 is_stmt 1 view .LVU35
 186:Core/Src/freertos.c **** 
 220              		.loc 1 186 26 is_stmt 0 view .LVU36
 221 0028 0B4A     		ldr	r2, .L18+32
 222 002a 0021     		movs	r1, #0
 223 002c 0B48     		ldr	r0, .L18+36
 224 002e FFF7FEFF 		bl	osThreadNew
 225              	.LVL19:
 186:Core/Src/freertos.c **** 
 226              		.loc 1 186 24 view .LVU37
 227 0032 0B4B     		ldr	r3, .L18+40
 228 0034 1860     		str	r0, [r3]
 196:Core/Src/freertos.c **** 
 229              		.loc 1 196 1 view .LVU38
 230 0036 08BD     		pop	{r3, pc}
 231              	.L19:
 232              		.align	2
 233              	.L18:
 234 0038 00000000 		.word	.LANCHOR3
 235 003c 00000000 		.word	.LANCHOR0
ARM GAS  C:\Users\SF\AppData\Local\Temp\ccygzwkh.s 			page 10


 236 0040 00000000 		.word	.LANCHOR4
 237 0044 00000000 		.word	odom_getter
 238 0048 00000000 		.word	.LANCHOR5
 239 004c 00000000 		.word	.LANCHOR6
 240 0050 00000000 		.word	vel_setter
 241 0054 00000000 		.word	.LANCHOR7
 242 0058 00000000 		.word	.LANCHOR8
 243 005c 00000000 		.word	update_imu_vel
 244 0060 00000000 		.word	.LANCHOR9
 245              		.cfi_endproc
 246              	.LFE139:
 248              		.section	.rodata.setup_node.str1.4,"aMS",%progbits,1
 249              		.align	2
 250              	.LC0:
 251 0000 4572726F 		.ascii	"Error on default allocators (line %d)\012\000"
 251      72206F6E 
 251      20646566 
 251      61756C74 
 251      20616C6C 
 252 0027 00       		.align	2
 253              	.LC1:
 254 0028 00       		.ascii	"\000"
 255 0029 000000   		.align	2
 256              	.LC2:
 257 002c 6669726D 		.ascii	"firmware_node\000"
 257      77617265 
 257      5F6E6F64 
 257      6500
 258 003a 0000     		.align	2
 259              	.LC3:
 260 003c 6D63755F 		.ascii	"mcu_pose\000"
 260      706F7365 
 260      00
 261 0045 000000   		.align	2
 262              	.LC4:
 263 0048 6D63755F 		.ascii	"mcu_vel\000"
 263      76656C00 
 264              		.section	.text.setup_node,"ax",%progbits
 265              		.align	1
 266              		.global	setup_node
 267              		.syntax unified
 268              		.thumb
 269              		.thumb_func
 271              	setup_node:
 272              	.LFB143:
 267:Core/Src/freertos.c **** 	}
 268:Core/Src/freertos.c ****   }
 269:Core/Src/freertos.c ****   /* USER CODE END update_imu_vel */
 270:Core/Src/freertos.c **** }
 271:Core/Src/freertos.c **** 
 272:Core/Src/freertos.c **** /* Private application code --------------------------------------------------*/
 273:Core/Src/freertos.c **** /* USER CODE BEGIN Application */
 274:Core/Src/freertos.c **** void setup_node() {
 273              		.loc 1 274 19 is_stmt 1 view -0
 274              		.cfi_startproc
 275              		@ args = 0, pretend = 0, frame = 48
 276              		@ frame_needed = 0, uses_anonymous_args = 0
ARM GAS  C:\Users\SF\AppData\Local\Temp\ccygzwkh.s 			page 11


 277 0000 F0B5     		push	{r4, r5, r6, r7, lr}
 278              	.LCFI4:
 279              		.cfi_def_cfa_offset 20
 280              		.cfi_offset 4, -20
 281              		.cfi_offset 5, -16
 282              		.cfi_offset 6, -12
 283              		.cfi_offset 7, -8
 284              		.cfi_offset 14, -4
 285 0002 8FB0     		sub	sp, sp, #60
 286              	.LCFI5:
 287              		.cfi_def_cfa_offset 80
 275:Core/Src/freertos.c **** 	  rmw_uros_set_custom_transport(
 288              		.loc 1 275 4 view .LVU40
 289 0004 2F4B     		ldr	r3, .L24
 290 0006 0193     		str	r3, [sp, #4]
 291 0008 2F4B     		ldr	r3, .L24+4
 292 000a 0093     		str	r3, [sp]
 293 000c 2F4B     		ldr	r3, .L24+8
 294 000e 304A     		ldr	r2, .L24+12
 295 0010 3049     		ldr	r1, .L24+16
 296 0012 0120     		movs	r0, #1
 297 0014 FFF7FEFF 		bl	rmw_uros_set_custom_transport
 298              	.LVL20:
 276:Core/Src/freertos.c **** 	    true,
 277:Core/Src/freertos.c **** 	    (void *) &huart6,
 278:Core/Src/freertos.c **** 	    cubemx_transport_open,
 279:Core/Src/freertos.c **** 	    cubemx_transport_close,
 280:Core/Src/freertos.c **** 	    cubemx_transport_write,
 281:Core/Src/freertos.c **** 	    cubemx_transport_read);
 282:Core/Src/freertos.c **** 
 283:Core/Src/freertos.c **** 	  rcl_allocator_t freeRTOS_allocator = rcutils_get_zero_initialized_allocator();
 299              		.loc 1 283 4 view .LVU41
 300              		.loc 1 283 41 is_stmt 0 view .LVU42
 301 0018 09A8     		add	r0, sp, #36
 302 001a FFF7FEFF 		bl	rcutils_get_zero_initialized_allocator
 303              	.LVL21:
 284:Core/Src/freertos.c **** 	  freeRTOS_allocator.allocate = microros_allocate;
 304              		.loc 1 284 4 is_stmt 1 view .LVU43
 305              		.loc 1 284 32 is_stmt 0 view .LVU44
 306 001e 2E4B     		ldr	r3, .L24+20
 307 0020 0993     		str	r3, [sp, #36]
 285:Core/Src/freertos.c **** 	  freeRTOS_allocator.deallocate = microros_deallocate;
 308              		.loc 1 285 4 is_stmt 1 view .LVU45
 309              		.loc 1 285 34 is_stmt 0 view .LVU46
 310 0022 2E4B     		ldr	r3, .L24+24
 311 0024 0A93     		str	r3, [sp, #40]
 286:Core/Src/freertos.c **** 	  freeRTOS_allocator.reallocate = microros_reallocate;
 312              		.loc 1 286 4 is_stmt 1 view .LVU47
 313              		.loc 1 286 34 is_stmt 0 view .LVU48
 314 0026 2E4B     		ldr	r3, .L24+28
 315 0028 0B93     		str	r3, [sp, #44]
 287:Core/Src/freertos.c **** 	  freeRTOS_allocator.zero_allocate =  microros_zero_allocate;
 316              		.loc 1 287 4 is_stmt 1 view .LVU49
 317              		.loc 1 287 37 is_stmt 0 view .LVU50
 318 002a 2E4B     		ldr	r3, .L24+32
 319 002c 0C93     		str	r3, [sp, #48]
 288:Core/Src/freertos.c **** 
ARM GAS  C:\Users\SF\AppData\Local\Temp\ccygzwkh.s 			page 12


 289:Core/Src/freertos.c **** 	  if (!rcutils_set_default_allocator(&freeRTOS_allocator)) {
 320              		.loc 1 289 4 is_stmt 1 view .LVU51
 321              		.loc 1 289 9 is_stmt 0 view .LVU52
 322 002e 09A8     		add	r0, sp, #36
 323 0030 FFF7FEFF 		bl	rcutils_set_default_allocator
 324              	.LVL22:
 325              		.loc 1 289 7 view .LVU53
 326 0034 0028     		cmp	r0, #0
 327 0036 3ED0     		beq	.L23
 328              	.L21:
 290:Core/Src/freertos.c **** 	      printf("Error on default allocators (line %d)\n", __LINE__);
 291:Core/Src/freertos.c **** 	  }
 292:Core/Src/freertos.c **** 
 293:Core/Src/freertos.c **** 	  // micro-ROS app
 294:Core/Src/freertos.c **** 	  allocator = rcl_get_default_allocator();
 329              		.loc 1 294 4 is_stmt 1 view .LVU54
 330              		.loc 1 294 16 is_stmt 0 view .LVU55
 331 0038 2B4D     		ldr	r5, .L24+36
 332 003a 02A8     		add	r0, sp, #8
 333 003c FFF7FEFF 		bl	rcutils_get_default_allocator
 334              	.LVL23:
 335 0040 AE46     		mov	lr, r5
 336 0042 0DF1080C 		add	ip, sp, #8
 337 0046 BCE80F00 		ldmia	ip!, {r0, r1, r2, r3}
 338 004a AEE80F00 		stmia	lr!, {r0, r1, r2, r3}
 339 004e DCF80030 		ldr	r3, [ip]
 340 0052 CEF80030 		str	r3, [lr]
 295:Core/Src/freertos.c **** 
 296:Core/Src/freertos.c **** 	  //create init_options
 297:Core/Src/freertos.c **** 	  rclc_support_init(&support, 0, NULL, &allocator);
 341              		.loc 1 297 4 is_stmt 1 view .LVU56
 342 0056 254C     		ldr	r4, .L24+40
 343 0058 2B46     		mov	r3, r5
 344 005a 0022     		movs	r2, #0
 345 005c 1146     		mov	r1, r2
 346 005e 2046     		mov	r0, r4
 347 0060 FFF7FEFF 		bl	rclc_support_init
 348              	.LVL24:
 298:Core/Src/freertos.c **** 
 299:Core/Src/freertos.c **** 	  // create node
 300:Core/Src/freertos.c **** 	  rclc_node_init_default(&node, NODE_NAME, "", &support);
 349              		.loc 1 300 4 view .LVU57
 350 0064 224E     		ldr	r6, .L24+44
 351 0066 2346     		mov	r3, r4
 352 0068 224A     		ldr	r2, .L24+48
 353 006a 2349     		ldr	r1, .L24+52
 354 006c 3046     		mov	r0, r6
 355 006e FFF7FEFF 		bl	rclc_node_init_default
 356              	.LVL25:
 301:Core/Src/freertos.c **** 
 302:Core/Src/freertos.c **** 	  // create publisher
 303:Core/Src/freertos.c **** 	  rclc_publisher_init_best_effort(
 357              		.loc 1 303 4 view .LVU58
 358 0072 FFF7FEFF 		bl	rosidl_typesupport_c__get_message_type_support_handle__firmware_msgs__msg__McuPose
 359              	.LVL26:
 360 0076 0246     		mov	r2, r0
 361 0078 204B     		ldr	r3, .L24+56
ARM GAS  C:\Users\SF\AppData\Local\Temp\ccygzwkh.s 			page 13


 362 007a 3146     		mov	r1, r6
 363 007c 2048     		ldr	r0, .L24+60
 364 007e FFF7FEFF 		bl	rclc_publisher_init_best_effort
 365              	.LVL27:
 304:Core/Src/freertos.c **** 	    &publisher,
 305:Core/Src/freertos.c **** 	    &node,
 306:Core/Src/freertos.c **** 	    ROSIDL_GET_MSG_TYPE_SUPPORT(firmware_msgs, msg, McuPose),
 307:Core/Src/freertos.c **** 	    "mcu_pose");
 308:Core/Src/freertos.c **** 
 309:Core/Src/freertos.c **** 	  rclc_subscription_init_best_effort(
 366              		.loc 1 309 4 view .LVU59
 367 0082 FFF7FEFF 		bl	rosidl_typesupport_c__get_message_type_support_handle__geometry_msgs__msg__Twist
 368              	.LVL28:
 369 0086 0246     		mov	r2, r0
 370 0088 1E4F     		ldr	r7, .L24+64
 371 008a 1F4B     		ldr	r3, .L24+68
 372 008c 3146     		mov	r1, r6
 373 008e 3846     		mov	r0, r7
 374 0090 FFF7FEFF 		bl	rclc_subscription_init_best_effort
 375              	.LVL29:
 310:Core/Src/freertos.c **** 	  		&subscriber,
 311:Core/Src/freertos.c **** 			&node,
 312:Core/Src/freertos.c **** 			ROSIDL_GET_MSG_TYPE_SUPPORT(geometry_msgs, msg, Twist),
 313:Core/Src/freertos.c **** 	  		"mcu_vel"
 314:Core/Src/freertos.c **** 		);
 315:Core/Src/freertos.c **** 
 316:Core/Src/freertos.c **** 	  rclc_executor_init(&executor, &support.context, 1, &allocator);
 376              		.loc 1 316 4 view .LVU60
 377 0094 1D4E     		ldr	r6, .L24+72
 378 0096 2B46     		mov	r3, r5
 379 0098 0122     		movs	r2, #1
 380 009a 211D     		adds	r1, r4, #4
 381 009c 3046     		mov	r0, r6
 382 009e FFF7FEFF 		bl	rclc_executor_init
 383              	.LVL30:
 317:Core/Src/freertos.c **** 	  rclc_executor_add_subscription(
 384              		.loc 1 317 4 view .LVU61
 385 00a2 0023     		movs	r3, #0
 386 00a4 0093     		str	r3, [sp]
 387 00a6 1A4B     		ldr	r3, .L24+76
 388 00a8 1A4A     		ldr	r2, .L24+80
 389 00aa 3946     		mov	r1, r7
 390 00ac 3046     		mov	r0, r6
 391 00ae FFF7FEFF 		bl	rclc_executor_add_subscription
 392              	.LVL31:
 318:Core/Src/freertos.c **** 			  &executor,
 319:Core/Src/freertos.c **** 			  &subscriber,
 320:Core/Src/freertos.c **** 			  &vel_msg,
 321:Core/Src/freertos.c **** 	    	  &vel_setter_callback,
 322:Core/Src/freertos.c **** 			  ON_NEW_DATA);
 323:Core/Src/freertos.c **** 
 324:Core/Src/freertos.c **** }
 393              		.loc 1 324 1 is_stmt 0 view .LVU62
 394 00b2 0FB0     		add	sp, sp, #60
 395              	.LCFI6:
 396              		.cfi_remember_state
 397              		.cfi_def_cfa_offset 20
ARM GAS  C:\Users\SF\AppData\Local\Temp\ccygzwkh.s 			page 14


 398              		@ sp needed
 399 00b4 F0BD     		pop	{r4, r5, r6, r7, pc}
 400              	.L23:
 401              	.LCFI7:
 402              		.cfi_restore_state
 290:Core/Src/freertos.c **** 	  }
 403              		.loc 1 290 8 is_stmt 1 view .LVU63
 404 00b6 4FF49171 		mov	r1, #290
 405 00ba 1748     		ldr	r0, .L24+84
 406 00bc FFF7FEFF 		bl	printf
 407              	.LVL32:
 408 00c0 BAE7     		b	.L21
 409              	.L25:
 410 00c2 00BF     		.align	2
 411              	.L24:
 412 00c4 00000000 		.word	cubemx_transport_read
 413 00c8 00000000 		.word	cubemx_transport_write
 414 00cc 00000000 		.word	cubemx_transport_close
 415 00d0 00000000 		.word	cubemx_transport_open
 416 00d4 00000000 		.word	huart6
 417 00d8 00000000 		.word	microros_allocate
 418 00dc 00000000 		.word	microros_deallocate
 419 00e0 00000000 		.word	microros_reallocate
 420 00e4 00000000 		.word	microros_zero_allocate
 421 00e8 00000000 		.word	.LANCHOR10
 422 00ec 00000000 		.word	.LANCHOR11
 423 00f0 00000000 		.word	.LANCHOR12
 424 00f4 28000000 		.word	.LC1
 425 00f8 2C000000 		.word	.LC2
 426 00fc 3C000000 		.word	.LC3
 427 0100 00000000 		.word	.LANCHOR2
 428 0104 00000000 		.word	.LANCHOR13
 429 0108 48000000 		.word	.LC4
 430 010c 00000000 		.word	.LANCHOR14
 431 0110 00000000 		.word	vel_setter_callback
 432 0114 00000000 		.word	.LANCHOR15
 433 0118 00000000 		.word	.LC0
 434              		.cfi_endproc
 435              	.LFE143:
 437              		.section	.text.vel_setter,"ax",%progbits
 438              		.align	1
 439              		.global	vel_setter
 440              		.syntax unified
 441              		.thumb
 442              		.thumb_func
 444              	vel_setter:
 445              	.LVL33:
 446              	.LFB141:
 230:Core/Src/freertos.c **** 	setup_node();
 447              		.loc 1 230 1 view -0
 448              		.cfi_startproc
 449              		@ Volatile: function does not return.
 450              		@ args = 0, pretend = 0, frame = 0
 451              		@ frame_needed = 0, uses_anonymous_args = 0
 230:Core/Src/freertos.c **** 	setup_node();
 452              		.loc 1 230 1 is_stmt 0 view .LVU65
 453 0000 08B5     		push	{r3, lr}
ARM GAS  C:\Users\SF\AppData\Local\Temp\ccygzwkh.s 			page 15


 454              	.LCFI8:
 455              		.cfi_def_cfa_offset 8
 456              		.cfi_offset 3, -8
 457              		.cfi_offset 14, -4
 231:Core/Src/freertos.c ****   /* USER CODE BEGIN vel_setter */
 458              		.loc 1 231 2 is_stmt 1 view .LVU66
 459 0002 FFF7FEFF 		bl	setup_node
 460              	.LVL34:
 461              	.L27:
 235:Core/Src/freertos.c ****   {
 462              		.loc 1 235 3 discriminator 1 view .LVU67
 237:Core/Src/freertos.c ****     osDelay(10);
 463              		.loc 1 237 2 discriminator 1 view .LVU68
 464 0006 0348     		ldr	r0, .L29
 465 0008 FFF7FEFF 		bl	rclc_executor_spin
 466              	.LVL35:
 238:Core/Src/freertos.c ****   }
 467              		.loc 1 238 5 discriminator 1 view .LVU69
 468 000c 0A20     		movs	r0, #10
 469 000e FFF7FEFF 		bl	osDelay
 470              	.LVL36:
 235:Core/Src/freertos.c ****   {
 471              		.loc 1 235 8 discriminator 1 view .LVU70
 472 0012 F8E7     		b	.L27
 473              	.L30:
 474              		.align	2
 475              	.L29:
 476 0014 00000000 		.word	.LANCHOR14
 477              		.cfi_endproc
 478              	.LFE141:
 480              		.section	.text.destroy_node,"ax",%progbits
 481              		.align	1
 482              		.global	destroy_node
 483              		.syntax unified
 484              		.thumb
 485              		.thumb_func
 487              	destroy_node:
 488              	.LFB144:
 325:Core/Src/freertos.c **** 
 326:Core/Src/freertos.c **** void destroy_node()
 327:Core/Src/freertos.c **** {
 489              		.loc 1 327 1 view -0
 490              		.cfi_startproc
 491              		@ args = 0, pretend = 0, frame = 0
 492              		@ frame_needed = 0, uses_anonymous_args = 0
 493 0000 38B5     		push	{r3, r4, r5, lr}
 494              	.LCFI9:
 495              		.cfi_def_cfa_offset 16
 496              		.cfi_offset 3, -16
 497              		.cfi_offset 4, -12
 498              		.cfi_offset 5, -8
 499              		.cfi_offset 14, -4
 328:Core/Src/freertos.c ****   rmw_context_t * rmw_context = rcl_context_get_rmw_context(&support.context);
 500              		.loc 1 328 3 view .LVU72
 501              		.loc 1 328 33 is_stmt 0 view .LVU73
 502 0002 0B4C     		ldr	r4, .L33
 503 0004 201D     		adds	r0, r4, #4
ARM GAS  C:\Users\SF\AppData\Local\Temp\ccygzwkh.s 			page 16


 504 0006 FFF7FEFF 		bl	rcl_context_get_rmw_context
 505              	.LVL37:
 329:Core/Src/freertos.c ****   (void) rmw_uros_set_context_entity_destroy_session_timeout(rmw_context, 0);
 506              		.loc 1 329 3 is_stmt 1 view .LVU74
 507              		.loc 1 329 10 is_stmt 0 view .LVU75
 508 000a 0021     		movs	r1, #0
 509 000c FFF7FEFF 		bl	rmw_uros_set_context_entity_destroy_session_timeout
 510              	.LVL38:
 330:Core/Src/freertos.c **** 
 331:Core/Src/freertos.c ****   rcl_publisher_fini(&publisher, &node);
 511              		.loc 1 331 3 is_stmt 1 view .LVU76
 512 0010 084D     		ldr	r5, .L33+4
 513 0012 2946     		mov	r1, r5
 514 0014 0848     		ldr	r0, .L33+8
 515 0016 FFF7FEFF 		bl	rcl_publisher_fini
 516              	.LVL39:
 332:Core/Src/freertos.c ****   rclc_executor_fini(&executor);
 517              		.loc 1 332 3 view .LVU77
 518 001a 0848     		ldr	r0, .L33+12
 519 001c FFF7FEFF 		bl	rclc_executor_fini
 520              	.LVL40:
 333:Core/Src/freertos.c ****   rcl_node_fini(&node);
 521              		.loc 1 333 3 view .LVU78
 522 0020 2846     		mov	r0, r5
 523 0022 FFF7FEFF 		bl	rcl_node_fini
 524              	.LVL41:
 334:Core/Src/freertos.c ****   rclc_support_fini(&support);
 525              		.loc 1 334 3 view .LVU79
 526 0026 2046     		mov	r0, r4
 527 0028 FFF7FEFF 		bl	rclc_support_fini
 528              	.LVL42:
 335:Core/Src/freertos.c **** }
 529              		.loc 1 335 1 is_stmt 0 view .LVU80
 530 002c 38BD     		pop	{r3, r4, r5, pc}
 531              	.L34:
 532 002e 00BF     		.align	2
 533              	.L33:
 534 0030 00000000 		.word	.LANCHOR11
 535 0034 00000000 		.word	.LANCHOR12
 536 0038 00000000 		.word	.LANCHOR2
 537 003c 00000000 		.word	.LANCHOR14
 538              		.cfi_endproc
 539              	.LFE144:
 541              		.section	.text.error_loop,"ax",%progbits
 542              		.align	1
 543              		.global	error_loop
 544              		.syntax unified
 545              		.thumb
 546              		.thumb_func
 548              	error_loop:
 549              	.LFB145:
 336:Core/Src/freertos.c **** 
 337:Core/Src/freertos.c **** void error_loop() {
 550              		.loc 1 337 19 is_stmt 1 view -0
 551              		.cfi_startproc
 552              		@ Volatile: function does not return.
 553              		@ args = 0, pretend = 0, frame = 0
ARM GAS  C:\Users\SF\AppData\Local\Temp\ccygzwkh.s 			page 17


 554              		@ frame_needed = 0, uses_anonymous_args = 0
 555              		@ link register save eliminated.
 556              	.L36:
 338:Core/Src/freertos.c ****   while (1) {
 557              		.loc 1 338 3 discriminator 1 view .LVU82
 339:Core/Src/freertos.c **** 
 340:Core/Src/freertos.c ****   }
 558              		.loc 1 340 3 discriminator 1 view .LVU83
 338:Core/Src/freertos.c ****   while (1) {
 559              		.loc 1 338 9 discriminator 1 view .LVU84
 560 0000 FEE7     		b	.L36
 561              		.cfi_endproc
 562              	.LFE145:
 564              		.global	UPDATE_IMU_VEL_attributes
 565              		.section	.rodata.str1.4,"aMS",%progbits,1
 566              		.align	2
 567              	.LC5:
 568 0000 55504441 		.ascii	"UPDATE_IMU_VEL\000"
 568      54455F49 
 568      4D555F56 
 568      454C00
 569              		.global	UPDATE_IMU_VELControlBlock
 570              		.global	UPDATE_IMU_VELBuffer
 571              		.global	UPDATE_IMU_VELHandle
 572              		.global	MCU_VEL_attributes
 573 000f 00       		.align	2
 574              	.LC6:
 575 0010 4D43555F 		.ascii	"MCU_VEL\000"
 575      56454C00 
 576              		.global	MCU_VELControlBlock
 577              		.global	MCU_VELBuffer
 578              		.global	MCU_VELHandle
 579              		.global	MCU_POSE_attributes
 580              		.align	2
 581              	.LC7:
 582 0018 4D43555F 		.ascii	"MCU_POSE\000"
 582      504F5345 
 582      00
 583              		.global	defaultTaskControlBlock
 584              		.global	defaultTaskBuffer
 585              		.global	MCU_POSEHandle
 586              		.global	Thread_Mutex_attr
 587 0021 000000   		.align	2
 588              	.LC8:
 589 0024 4F646F6D 		.ascii	"OdomMutex\000"
 589      4D757465 
 589      7800
 590              		.global	odom_mutex
 591              		.global	vel_msg
 592              		.global	odom_msg
 593              		.global	subscriber
 594              		.global	node
 595              		.global	allocator
 596              		.global	support
 597              		.global	publisher
 598              		.global	executor
 599              		.section	.bss.MCU_POSEHandle,"aw",%nobits
ARM GAS  C:\Users\SF\AppData\Local\Temp\ccygzwkh.s 			page 18


 600              		.align	2
 601              		.set	.LANCHOR5,. + 0
 604              	MCU_POSEHandle:
 605 0000 00000000 		.space	4
 606              		.section	.bss.MCU_VELBuffer,"aw",%nobits
 607              		.align	2
 610              	MCU_VELBuffer:
 611 0000 00000000 		.space	12000
 611      00000000 
 611      00000000 
 611      00000000 
 611      00000000 
 612              		.section	.bss.MCU_VELControlBlock,"aw",%nobits
 613              		.align	2
 616              	MCU_VELControlBlock:
 617 0000 00000000 		.space	92
 617      00000000 
 617      00000000 
 617      00000000 
 617      00000000 
 618              		.section	.bss.MCU_VELHandle,"aw",%nobits
 619              		.align	2
 620              		.set	.LANCHOR7,. + 0
 623              	MCU_VELHandle:
 624 0000 00000000 		.space	4
 625              		.section	.bss.UPDATE_IMU_VELBuffer,"aw",%nobits
 626              		.align	2
 629              	UPDATE_IMU_VELBuffer:
 630 0000 00000000 		.space	1024
 630      00000000 
 630      00000000 
 630      00000000 
 630      00000000 
 631              		.section	.bss.UPDATE_IMU_VELControlBlock,"aw",%nobits
 632              		.align	2
 635              	UPDATE_IMU_VELControlBlock:
 636 0000 00000000 		.space	92
 636      00000000 
 636      00000000 
 636      00000000 
 636      00000000 
 637              		.section	.bss.UPDATE_IMU_VELHandle,"aw",%nobits
 638              		.align	2
 639              		.set	.LANCHOR9,. + 0
 642              	UPDATE_IMU_VELHandle:
 643 0000 00000000 		.space	4
 644              		.section	.bss.allocator,"aw",%nobits
 645              		.align	2
 646              		.set	.LANCHOR10,. + 0
 649              	allocator:
 650 0000 00000000 		.space	20
 650      00000000 
 650      00000000 
 650      00000000 
 650      00000000 
 651              		.section	.bss.defaultTaskBuffer,"aw",%nobits
 652              		.align	2
ARM GAS  C:\Users\SF\AppData\Local\Temp\ccygzwkh.s 			page 19


 655              	defaultTaskBuffer:
 656 0000 00000000 		.space	12000
 656      00000000 
 656      00000000 
 656      00000000 
 656      00000000 
 657              		.section	.bss.defaultTaskControlBlock,"aw",%nobits
 658              		.align	2
 661              	defaultTaskControlBlock:
 662 0000 00000000 		.space	92
 662      00000000 
 662      00000000 
 662      00000000 
 662      00000000 
 663              		.section	.bss.executor,"aw",%nobits
 664              		.align	3
 665              		.set	.LANCHOR14,. + 0
 668              	executor:
 669 0000 00000000 		.space	128
 669      00000000 
 669      00000000 
 669      00000000 
 669      00000000 
 670              		.section	.bss.node,"aw",%nobits
 671              		.align	2
 672              		.set	.LANCHOR12,. + 0
 675              	node:
 676 0000 00000000 		.space	8
 676      00000000 
 677              		.section	.bss.odom_msg,"aw",%nobits
 678              		.align	2
 679              		.set	.LANCHOR1,. + 0
 682              	odom_msg:
 683 0000 00000000 		.space	16
 683      00000000 
 683      00000000 
 683      00000000 
 684              		.section	.bss.odom_mutex,"aw",%nobits
 685              		.align	2
 686              		.set	.LANCHOR0,. + 0
 689              	odom_mutex:
 690 0000 00000000 		.space	4
 691              		.section	.bss.publisher,"aw",%nobits
 692              		.align	2
 693              		.set	.LANCHOR2,. + 0
 696              	publisher:
 697 0000 00000000 		.space	4
 698              		.section	.bss.subscriber,"aw",%nobits
 699              		.align	2
 700              		.set	.LANCHOR13,. + 0
 703              	subscriber:
 704 0000 00000000 		.space	4
 705              		.section	.bss.support,"aw",%nobits
 706              		.align	2
 707              		.set	.LANCHOR11,. + 0
 710              	support:
 711 0000 00000000 		.space	56
ARM GAS  C:\Users\SF\AppData\Local\Temp\ccygzwkh.s 			page 20


 711      00000000 
 711      00000000 
 711      00000000 
 711      00000000 
 712              		.section	.bss.vel_msg,"aw",%nobits
 713              		.align	3
 714              		.set	.LANCHOR15,. + 0
 717              	vel_msg:
 718 0000 00000000 		.space	48
 718      00000000 
 718      00000000 
 718      00000000 
 718      00000000 
 719              		.section	.rodata.MCU_POSE_attributes,"a"
 720              		.align	2
 721              		.set	.LANCHOR4,. + 0
 724              	MCU_POSE_attributes:
 725 0000 18000000 		.word	.LC7
 726 0004 00000000 		.space	4
 727 0008 00000000 		.word	defaultTaskControlBlock
 728 000c 5C000000 		.word	92
 729 0010 00000000 		.word	defaultTaskBuffer
 730 0014 E02E0000 		.word	12000
 731 0018 2F000000 		.word	47
 732 001c 00000000 		.space	8
 732      00000000 
 733              		.section	.rodata.MCU_VEL_attributes,"a"
 734              		.align	2
 735              		.set	.LANCHOR6,. + 0
 738              	MCU_VEL_attributes:
 739 0000 10000000 		.word	.LC6
 740 0004 00000000 		.space	4
 741 0008 00000000 		.word	MCU_VELControlBlock
 742 000c 5C000000 		.word	92
 743 0010 00000000 		.word	MCU_VELBuffer
 744 0014 E02E0000 		.word	12000
 745 0018 30000000 		.word	48
 746 001c 00000000 		.space	8
 746      00000000 
 747              		.section	.rodata.Thread_Mutex_attr,"a"
 748              		.align	2
 749              		.set	.LANCHOR3,. + 0
 752              	Thread_Mutex_attr:
 753 0000 24000000 		.word	.LC8
 754 0004 03000000 		.word	3
 755 0008 00000000 		.word	0
 756 000c 00000000 		.word	0
 757              		.section	.rodata.UPDATE_IMU_VEL_attributes,"a"
 758              		.align	2
 759              		.set	.LANCHOR8,. + 0
 762              	UPDATE_IMU_VEL_attributes:
 763 0000 00000000 		.word	.LC5
 764 0004 00000000 		.space	4
 765 0008 00000000 		.word	UPDATE_IMU_VELControlBlock
 766 000c 5C000000 		.word	92
 767 0010 00000000 		.word	UPDATE_IMU_VELBuffer
 768 0014 00040000 		.word	1024
ARM GAS  C:\Users\SF\AppData\Local\Temp\ccygzwkh.s 			page 21


 769 0018 18000000 		.word	24
 770 001c 00000000 		.space	8
 770      00000000 
 771              		.text
 772              	.Letext0:
 773              		.file 2 "d:\\stm32cubeide_1.10.1\\stm32cubeide\\plugins\\com.st.stm32cube.ide.mcu.externaltools.gn
 774              		.file 3 "d:\\stm32cubeide_1.10.1\\stm32cubeide\\plugins\\com.st.stm32cube.ide.mcu.externaltools.gn
 775              		.file 4 "d:\\stm32cubeide_1.10.1\\stm32cubeide\\plugins\\com.st.stm32cube.ide.mcu.externaltools.gn
 776              		.file 5 "Middlewares/Third_Party/FreeRTOS/Source/portable/GCC/ARM_CM4F/portmacro.h"
 777              		.file 6 "Middlewares/Third_Party/FreeRTOS/Source/include/FreeRTOS.h"
 778              		.file 7 "Drivers/CMSIS/Device/ST/STM32F4xx/Include/stm32f411xe.h"
 779              		.file 8 "Drivers/STM32F4xx_HAL_Driver/Inc/stm32f4xx_hal_def.h"
 780              		.file 9 "Drivers/STM32F4xx_HAL_Driver/Inc/stm32f4xx_hal_dma.h"
 781              		.file 10 "Drivers/STM32F4xx_HAL_Driver/Inc/stm32f4xx_hal_uart.h"
 782              		.file 11 "Middlewares/Third_Party/FreeRTOS/Source/CMSIS_RTOS_V2/cmsis_os2.h"
 783              		.file 12 "micro_ros_stm32cubemx_utils/microros_static_library/libmicroros/microros_include/rcutils
 784              		.file 13 "micro_ros_stm32cubemx_utils/microros_static_library/libmicroros/microros_include/rcl/all
 785              		.file 14 "micro_ros_stm32cubemx_utils/microros_static_library/libmicroros/microros_include/rmw/loc
 786              		.file 15 "micro_ros_stm32cubemx_utils/microros_static_library/libmicroros/microros_include/rmw/ret
 787              		.file 16 "micro_ros_stm32cubemx_utils/microros_static_library/libmicroros/microros_include/rmw/sec
 788              		.file 17 "micro_ros_stm32cubemx_utils/microros_static_library/libmicroros/microros_include/rmw/ini
 789              		.file 18 "micro_ros_stm32cubemx_utils/microros_static_library/libmicroros/microros_include/rmw/ini
 790              		.file 19 "micro_ros_stm32cubemx_utils/microros_static_library/libmicroros/microros_include/rcutils
 791              		.file 20 "micro_ros_stm32cubemx_utils/microros_static_library/libmicroros/microros_include/rmw/typ
 792              		.file 21 "micro_ros_stm32cubemx_utils/microros_static_library/libmicroros/microros_include/rcl/typ
 793              		.file 22 "micro_ros_stm32cubemx_utils/microros_static_library/libmicroros/microros_include/rcl/ini
 794              		.file 23 "micro_ros_stm32cubemx_utils/microros_static_library/libmicroros/microros_include/rcl/con
 795              		.file 24 "micro_ros_stm32cubemx_utils/microros_static_library/libmicroros/microros_include/rcl/nod
 796              		.file 25 "micro_ros_stm32cubemx_utils/microros_static_library/libmicroros/microros_include/rosidl_
 797              		.file 26 "micro_ros_stm32cubemx_utils/microros_static_library/libmicroros/microros_include/rcl/pub
 798              		.file 27 "micro_ros_stm32cubemx_utils/microros_static_library/libmicroros/microros_include/rcl/sub
 799              		.file 28 "micro_ros_stm32cubemx_utils/microros_static_library/libmicroros/microros_include/rcl/cli
 800              		.file 29 "micro_ros_stm32cubemx_utils/microros_static_library/libmicroros/microros_include/rcl/gua
 801              		.file 30 "micro_ros_stm32cubemx_utils/microros_static_library/libmicroros/microros_include/rcl/ser
 802              		.file 31 "micro_ros_stm32cubemx_utils/microros_static_library/libmicroros/microros_include/rcl/tim
 803              		.file 32 "micro_ros_stm32cubemx_utils/microros_static_library/libmicroros/microros_include/rmw/qos
 804              		.file 33 "micro_ros_stm32cubemx_utils/microros_static_library/libmicroros/microros_include/rcl/tim
 805              		.file 34 "micro_ros_stm32cubemx_utils/microros_static_library/libmicroros/microros_include/rcl/eve
 806              		.file 35 "micro_ros_stm32cubemx_utils/microros_static_library/libmicroros/microros_include/rcl/wai
 807              		.file 36 "micro_ros_stm32cubemx_utils/microros_static_library/libmicroros/microros_include/rclc/ty
 808              		.file 37 "micro_ros_stm32cubemx_utils/microros_static_library/libmicroros/microros_include/rclc/ex
 809              		.file 38 "micro_ros_stm32cubemx_utils/microros_static_library/libmicroros/microros_include/rclc/ex
 810              		.file 39 "micro_ros_stm32cubemx_utils/microros_static_library/libmicroros/microros_include/uxr/cli
 811              		.file 40 "micro_ros_stm32cubemx_utils/microros_static_library/libmicroros/microros_include/uxr/cli
 812              		.file 41 "micro_ros_stm32cubemx_utils/microros_static_library/libmicroros/microros_include/uxr/cli
 813              		.file 42 "micro_ros_stm32cubemx_utils/microros_static_library/libmicroros/microros_include/firmwar
 814              		.file 43 "micro_ros_stm32cubemx_utils/microros_static_library/libmicroros/microros_include/geometr
 815              		.file 44 "micro_ros_stm32cubemx_utils/microros_static_library/libmicroros/microros_include/geometr
 816              		.file 45 "Core/Inc/usart.h"
 817              		.file 46 "micro_ros_stm32cubemx_utils/microros_static_library/libmicroros/microros_include/rclc/in
 818              		.file 47 "micro_ros_stm32cubemx_utils/microros_static_library/libmicroros/microros_include/rmw_mic
 819              		.file 48 "micro_ros_stm32cubemx_utils/microros_static_library/libmicroros/microros_include/rclc/su
 820              		.file 49 "micro_ros_stm32cubemx_utils/microros_static_library/libmicroros/microros_include/rclc/pu
 821              		.file 50 "micro_ros_stm32cubemx_utils/microros_static_library/libmicroros/microros_include/geometr
 822              		.file 51 "micro_ros_stm32cubemx_utils/microros_static_library/libmicroros/microros_include/firmwar
 823              		.file 52 "micro_ros_stm32cubemx_utils/microros_static_library/libmicroros/microros_include/rclc/no
 824              		.file 53 "d:\\stm32cubeide_1.10.1\\stm32cubeide\\plugins\\com.st.stm32cube.ide.mcu.externaltools.g
ARM GAS  C:\Users\SF\AppData\Local\Temp\ccygzwkh.s 			page 22


 825              		.file 54 "micro_ros_stm32cubemx_utils/microros_static_library/libmicroros/microros_include/rmw_mic
 826              		.file 55 "Drivers/calc_odometry/Inc/odometry.h"
ARM GAS  C:\Users\SF\AppData\Local\Temp\ccygzwkh.s 			page 23


DEFINED SYMBOLS
                            *ABS*:0000000000000000 freertos.c
C:\Users\SF\AppData\Local\Temp\ccygzwkh.s:20     .text.vel_setter_callback:0000000000000000 $t
C:\Users\SF\AppData\Local\Temp\ccygzwkh.s:26     .text.vel_setter_callback:0000000000000000 vel_setter_callback
C:\Users\SF\AppData\Local\Temp\ccygzwkh.s:51     .text.odom_getter:0000000000000000 $t
C:\Users\SF\AppData\Local\Temp\ccygzwkh.s:57     .text.odom_getter:0000000000000000 odom_getter
C:\Users\SF\AppData\Local\Temp\ccygzwkh.s:114    .text.odom_getter:0000000000000038 $d
C:\Users\SF\AppData\Local\Temp\ccygzwkh.s:121    .text.update_imu_vel:0000000000000000 $t
C:\Users\SF\AppData\Local\Temp\ccygzwkh.s:127    .text.update_imu_vel:0000000000000000 update_imu_vel
C:\Users\SF\AppData\Local\Temp\ccygzwkh.s:169    .text.update_imu_vel:0000000000000024 $d
C:\Users\SF\AppData\Local\Temp\ccygzwkh.s:174    .text.MX_FREERTOS_Init:0000000000000000 $t
C:\Users\SF\AppData\Local\Temp\ccygzwkh.s:180    .text.MX_FREERTOS_Init:0000000000000000 MX_FREERTOS_Init
C:\Users\SF\AppData\Local\Temp\ccygzwkh.s:234    .text.MX_FREERTOS_Init:0000000000000038 $d
C:\Users\SF\AppData\Local\Temp\ccygzwkh.s:444    .text.vel_setter:0000000000000000 vel_setter
C:\Users\SF\AppData\Local\Temp\ccygzwkh.s:249    .rodata.setup_node.str1.4:0000000000000000 $d
C:\Users\SF\AppData\Local\Temp\ccygzwkh.s:265    .text.setup_node:0000000000000000 $t
C:\Users\SF\AppData\Local\Temp\ccygzwkh.s:271    .text.setup_node:0000000000000000 setup_node
C:\Users\SF\AppData\Local\Temp\ccygzwkh.s:412    .text.setup_node:00000000000000c4 $d
C:\Users\SF\AppData\Local\Temp\ccygzwkh.s:438    .text.vel_setter:0000000000000000 $t
C:\Users\SF\AppData\Local\Temp\ccygzwkh.s:476    .text.vel_setter:0000000000000014 $d
C:\Users\SF\AppData\Local\Temp\ccygzwkh.s:481    .text.destroy_node:0000000000000000 $t
C:\Users\SF\AppData\Local\Temp\ccygzwkh.s:487    .text.destroy_node:0000000000000000 destroy_node
C:\Users\SF\AppData\Local\Temp\ccygzwkh.s:534    .text.destroy_node:0000000000000030 $d
C:\Users\SF\AppData\Local\Temp\ccygzwkh.s:542    .text.error_loop:0000000000000000 $t
C:\Users\SF\AppData\Local\Temp\ccygzwkh.s:548    .text.error_loop:0000000000000000 error_loop
C:\Users\SF\AppData\Local\Temp\ccygzwkh.s:762    .rodata.UPDATE_IMU_VEL_attributes:0000000000000000 UPDATE_IMU_VEL_attributes
C:\Users\SF\AppData\Local\Temp\ccygzwkh.s:566    .rodata.str1.4:0000000000000000 $d
C:\Users\SF\AppData\Local\Temp\ccygzwkh.s:635    .bss.UPDATE_IMU_VELControlBlock:0000000000000000 UPDATE_IMU_VELControlBlock
C:\Users\SF\AppData\Local\Temp\ccygzwkh.s:629    .bss.UPDATE_IMU_VELBuffer:0000000000000000 UPDATE_IMU_VELBuffer
C:\Users\SF\AppData\Local\Temp\ccygzwkh.s:642    .bss.UPDATE_IMU_VELHandle:0000000000000000 UPDATE_IMU_VELHandle
C:\Users\SF\AppData\Local\Temp\ccygzwkh.s:738    .rodata.MCU_VEL_attributes:0000000000000000 MCU_VEL_attributes
C:\Users\SF\AppData\Local\Temp\ccygzwkh.s:616    .bss.MCU_VELControlBlock:0000000000000000 MCU_VELControlBlock
C:\Users\SF\AppData\Local\Temp\ccygzwkh.s:610    .bss.MCU_VELBuffer:0000000000000000 MCU_VELBuffer
C:\Users\SF\AppData\Local\Temp\ccygzwkh.s:623    .bss.MCU_VELHandle:0000000000000000 MCU_VELHandle
C:\Users\SF\AppData\Local\Temp\ccygzwkh.s:724    .rodata.MCU_POSE_attributes:0000000000000000 MCU_POSE_attributes
C:\Users\SF\AppData\Local\Temp\ccygzwkh.s:661    .bss.defaultTaskControlBlock:0000000000000000 defaultTaskControlBlock
C:\Users\SF\AppData\Local\Temp\ccygzwkh.s:655    .bss.defaultTaskBuffer:0000000000000000 defaultTaskBuffer
C:\Users\SF\AppData\Local\Temp\ccygzwkh.s:604    .bss.MCU_POSEHandle:0000000000000000 MCU_POSEHandle
C:\Users\SF\AppData\Local\Temp\ccygzwkh.s:752    .rodata.Thread_Mutex_attr:0000000000000000 Thread_Mutex_attr
C:\Users\SF\AppData\Local\Temp\ccygzwkh.s:689    .bss.odom_mutex:0000000000000000 odom_mutex
C:\Users\SF\AppData\Local\Temp\ccygzwkh.s:717    .bss.vel_msg:0000000000000000 vel_msg
C:\Users\SF\AppData\Local\Temp\ccygzwkh.s:682    .bss.odom_msg:0000000000000000 odom_msg
C:\Users\SF\AppData\Local\Temp\ccygzwkh.s:703    .bss.subscriber:0000000000000000 subscriber
C:\Users\SF\AppData\Local\Temp\ccygzwkh.s:675    .bss.node:0000000000000000 node
C:\Users\SF\AppData\Local\Temp\ccygzwkh.s:649    .bss.allocator:0000000000000000 allocator
C:\Users\SF\AppData\Local\Temp\ccygzwkh.s:710    .bss.support:0000000000000000 support
C:\Users\SF\AppData\Local\Temp\ccygzwkh.s:696    .bss.publisher:0000000000000000 publisher
C:\Users\SF\AppData\Local\Temp\ccygzwkh.s:668    .bss.executor:0000000000000000 executor
C:\Users\SF\AppData\Local\Temp\ccygzwkh.s:600    .bss.MCU_POSEHandle:0000000000000000 $d
C:\Users\SF\AppData\Local\Temp\ccygzwkh.s:607    .bss.MCU_VELBuffer:0000000000000000 $d
C:\Users\SF\AppData\Local\Temp\ccygzwkh.s:613    .bss.MCU_VELControlBlock:0000000000000000 $d
C:\Users\SF\AppData\Local\Temp\ccygzwkh.s:619    .bss.MCU_VELHandle:0000000000000000 $d
C:\Users\SF\AppData\Local\Temp\ccygzwkh.s:626    .bss.UPDATE_IMU_VELBuffer:0000000000000000 $d
C:\Users\SF\AppData\Local\Temp\ccygzwkh.s:632    .bss.UPDATE_IMU_VELControlBlock:0000000000000000 $d
C:\Users\SF\AppData\Local\Temp\ccygzwkh.s:638    .bss.UPDATE_IMU_VELHandle:0000000000000000 $d
C:\Users\SF\AppData\Local\Temp\ccygzwkh.s:645    .bss.allocator:0000000000000000 $d
C:\Users\SF\AppData\Local\Temp\ccygzwkh.s:652    .bss.defaultTaskBuffer:0000000000000000 $d
ARM GAS  C:\Users\SF\AppData\Local\Temp\ccygzwkh.s 			page 24


C:\Users\SF\AppData\Local\Temp\ccygzwkh.s:658    .bss.defaultTaskControlBlock:0000000000000000 $d
C:\Users\SF\AppData\Local\Temp\ccygzwkh.s:664    .bss.executor:0000000000000000 $d
C:\Users\SF\AppData\Local\Temp\ccygzwkh.s:671    .bss.node:0000000000000000 $d
C:\Users\SF\AppData\Local\Temp\ccygzwkh.s:678    .bss.odom_msg:0000000000000000 $d
C:\Users\SF\AppData\Local\Temp\ccygzwkh.s:685    .bss.odom_mutex:0000000000000000 $d
C:\Users\SF\AppData\Local\Temp\ccygzwkh.s:692    .bss.publisher:0000000000000000 $d
C:\Users\SF\AppData\Local\Temp\ccygzwkh.s:699    .bss.subscriber:0000000000000000 $d
C:\Users\SF\AppData\Local\Temp\ccygzwkh.s:706    .bss.support:0000000000000000 $d
C:\Users\SF\AppData\Local\Temp\ccygzwkh.s:713    .bss.vel_msg:0000000000000000 $d
C:\Users\SF\AppData\Local\Temp\ccygzwkh.s:720    .rodata.MCU_POSE_attributes:0000000000000000 $d
C:\Users\SF\AppData\Local\Temp\ccygzwkh.s:734    .rodata.MCU_VEL_attributes:0000000000000000 $d
C:\Users\SF\AppData\Local\Temp\ccygzwkh.s:748    .rodata.Thread_Mutex_attr:0000000000000000 $d
C:\Users\SF\AppData\Local\Temp\ccygzwkh.s:758    .rodata.UPDATE_IMU_VEL_attributes:0000000000000000 $d

UNDEFINED SYMBOLS
update_vel_wheels
get_odom_msg
rcl_publish
osMutexRelease
osDelay
osMutexAcquire
update_yaw
update_step
osMutexNew
osThreadNew
rmw_uros_set_custom_transport
rcutils_get_zero_initialized_allocator
rcutils_set_default_allocator
rcutils_get_default_allocator
rclc_support_init
rclc_node_init_default
rosidl_typesupport_c__get_message_type_support_handle__firmware_msgs__msg__McuPose
rclc_publisher_init_best_effort
rosidl_typesupport_c__get_message_type_support_handle__geometry_msgs__msg__Twist
rclc_subscription_init_best_effort
rclc_executor_init
rclc_executor_add_subscription
printf
cubemx_transport_read
cubemx_transport_write
cubemx_transport_close
cubemx_transport_open
huart6
microros_allocate
microros_deallocate
microros_reallocate
microros_zero_allocate
rclc_executor_spin
rcl_context_get_rmw_context
rmw_uros_set_context_entity_destroy_session_timeout
rcl_publisher_fini
rclc_executor_fini
rcl_node_fini
rclc_support_fini
