ARM GAS  C:\Users\SF\AppData\Local\Temp\ccMxcvry.s 			page 1


   1              		.cpu cortex-m4
   2              		.arch armv7e-m
   3              		.fpu fpv4-sp-d16
   4              		.eabi_attribute 27, 1
   5              		.eabi_attribute 28, 1
   6              		.eabi_attribute 20, 1
   7              		.eabi_attribute 21, 1
   8              		.eabi_attribute 23, 3
   9              		.eabi_attribute 24, 1
  10              		.eabi_attribute 25, 1
  11              		.eabi_attribute 26, 1
  12              		.eabi_attribute 30, 1
  13              		.eabi_attribute 34, 1
  14              		.eabi_attribute 18, 4
  15              		.file	"tim.c"
  16              		.text
  17              	.Ltext0:
  18              		.cfi_sections	.debug_frame
  19              		.section	.text.MX_TIM2_Init,"ax",%progbits
  20              		.align	1
  21              		.global	MX_TIM2_Init
  22              		.syntax unified
  23              		.thumb
  24              		.thumb_func
  26              	MX_TIM2_Init:
  27              	.LFB131:
  28              		.file 1 "Core/Src/tim.c"
   1:Core/Src/tim.c **** /* USER CODE BEGIN Header */
   2:Core/Src/tim.c **** /**
   3:Core/Src/tim.c ****   ******************************************************************************
   4:Core/Src/tim.c ****   * @file    tim.c
   5:Core/Src/tim.c ****   * @brief   This file provides code for the configuration
   6:Core/Src/tim.c ****   *          of the TIM instances.
   7:Core/Src/tim.c ****   ******************************************************************************
   8:Core/Src/tim.c ****   * @attention
   9:Core/Src/tim.c ****   *
  10:Core/Src/tim.c ****   * Copyright (c) 2023 STMicroelectronics.
  11:Core/Src/tim.c ****   * All rights reserved.
  12:Core/Src/tim.c ****   *
  13:Core/Src/tim.c ****   * This software is licensed under terms that can be found in the LICENSE file
  14:Core/Src/tim.c ****   * in the root directory of this software component.
  15:Core/Src/tim.c ****   * If no LICENSE file comes with this software, it is provided AS-IS.
  16:Core/Src/tim.c ****   *
  17:Core/Src/tim.c ****   ******************************************************************************
  18:Core/Src/tim.c ****   */
  19:Core/Src/tim.c **** /* USER CODE END Header */
  20:Core/Src/tim.c **** /* Includes ------------------------------------------------------------------*/
  21:Core/Src/tim.c **** #include "tim.h"
  22:Core/Src/tim.c **** 
  23:Core/Src/tim.c **** /* USER CODE BEGIN 0 */
  24:Core/Src/tim.c **** 
  25:Core/Src/tim.c **** /* USER CODE END 0 */
  26:Core/Src/tim.c **** 
  27:Core/Src/tim.c **** TIM_HandleTypeDef htim1;
  28:Core/Src/tim.c **** TIM_HandleTypeDef htim2;
  29:Core/Src/tim.c **** TIM_HandleTypeDef htim3;
  30:Core/Src/tim.c **** TIM_HandleTypeDef htim4;
ARM GAS  C:\Users\SF\AppData\Local\Temp\ccMxcvry.s 			page 2


  31:Core/Src/tim.c **** 
  32:Core/Src/tim.c **** /* TIM1 init function */
  33:Core/Src/tim.c **** void MX_TIM1_Init(void)
  34:Core/Src/tim.c **** {
  35:Core/Src/tim.c **** 
  36:Core/Src/tim.c ****   /* USER CODE BEGIN TIM1_Init 0 */
  37:Core/Src/tim.c **** 
  38:Core/Src/tim.c ****   /* USER CODE END TIM1_Init 0 */
  39:Core/Src/tim.c **** 
  40:Core/Src/tim.c ****   TIM_MasterConfigTypeDef sMasterConfig = {0};
  41:Core/Src/tim.c ****   TIM_OC_InitTypeDef sConfigOC = {0};
  42:Core/Src/tim.c ****   TIM_BreakDeadTimeConfigTypeDef sBreakDeadTimeConfig = {0};
  43:Core/Src/tim.c **** 
  44:Core/Src/tim.c ****   /* USER CODE BEGIN TIM1_Init 1 */
  45:Core/Src/tim.c **** 
  46:Core/Src/tim.c ****   /* USER CODE END TIM1_Init 1 */
  47:Core/Src/tim.c ****   htim1.Instance = TIM1;
  48:Core/Src/tim.c ****   htim1.Init.Prescaler = 1; // 8
  49:Core/Src/tim.c ****   htim1.Init.CounterMode = TIM_COUNTERMODE_UP;
  50:Core/Src/tim.c ****   htim1.Init.Period = 399;
  51:Core/Src/tim.c ****   htim1.Init.ClockDivision = TIM_CLOCKDIVISION_DIV1;
  52:Core/Src/tim.c ****   htim1.Init.RepetitionCounter = 0;
  53:Core/Src/tim.c ****   htim1.Init.AutoReloadPreload = TIM_AUTORELOAD_PRELOAD_DISABLE;
  54:Core/Src/tim.c ****   if (HAL_TIM_PWM_Init(&htim1) != HAL_OK)
  55:Core/Src/tim.c ****   {
  56:Core/Src/tim.c ****     Error_Handler();
  57:Core/Src/tim.c ****   }
  58:Core/Src/tim.c ****   sMasterConfig.MasterOutputTrigger = TIM_TRGO_RESET;
  59:Core/Src/tim.c ****   sMasterConfig.MasterSlaveMode = TIM_MASTERSLAVEMODE_DISABLE;
  60:Core/Src/tim.c ****   if (HAL_TIMEx_MasterConfigSynchronization(&htim1, &sMasterConfig) != HAL_OK)
  61:Core/Src/tim.c ****   {
  62:Core/Src/tim.c ****     Error_Handler();
  63:Core/Src/tim.c ****   }
  64:Core/Src/tim.c ****   sConfigOC.OCMode = TIM_OCMODE_PWM1;
  65:Core/Src/tim.c ****   sConfigOC.Pulse = 0;
  66:Core/Src/tim.c ****   sConfigOC.OCPolarity = TIM_OCPOLARITY_HIGH;
  67:Core/Src/tim.c ****   sConfigOC.OCNPolarity = TIM_OCNPOLARITY_HIGH;
  68:Core/Src/tim.c ****   sConfigOC.OCFastMode = TIM_OCFAST_DISABLE;
  69:Core/Src/tim.c ****   sConfigOC.OCIdleState = TIM_OCIDLESTATE_RESET;
  70:Core/Src/tim.c ****   sConfigOC.OCNIdleState = TIM_OCNIDLESTATE_RESET;
  71:Core/Src/tim.c ****   if (HAL_TIM_PWM_ConfigChannel(&htim1, &sConfigOC, TIM_CHANNEL_1) != HAL_OK)
  72:Core/Src/tim.c ****   {
  73:Core/Src/tim.c ****     Error_Handler();
  74:Core/Src/tim.c ****   }
  75:Core/Src/tim.c ****   sBreakDeadTimeConfig.OffStateRunMode = TIM_OSSR_DISABLE;
  76:Core/Src/tim.c ****   sBreakDeadTimeConfig.OffStateIDLEMode = TIM_OSSI_DISABLE;
  77:Core/Src/tim.c ****   sBreakDeadTimeConfig.LockLevel = TIM_LOCKLEVEL_OFF;
  78:Core/Src/tim.c ****   sBreakDeadTimeConfig.DeadTime = 0;
  79:Core/Src/tim.c ****   sBreakDeadTimeConfig.BreakState = TIM_BREAK_DISABLE;
  80:Core/Src/tim.c ****   sBreakDeadTimeConfig.BreakPolarity = TIM_BREAKPOLARITY_HIGH;
  81:Core/Src/tim.c ****   sBreakDeadTimeConfig.AutomaticOutput = TIM_AUTOMATICOUTPUT_DISABLE;
  82:Core/Src/tim.c ****   if (HAL_TIMEx_ConfigBreakDeadTime(&htim1, &sBreakDeadTimeConfig) != HAL_OK)
  83:Core/Src/tim.c ****   {
  84:Core/Src/tim.c ****     Error_Handler();
  85:Core/Src/tim.c ****   }
  86:Core/Src/tim.c ****   /* USER CODE BEGIN TIM1_Init 2 */
  87:Core/Src/tim.c **** 
ARM GAS  C:\Users\SF\AppData\Local\Temp\ccMxcvry.s 			page 3


  88:Core/Src/tim.c ****   /* USER CODE END TIM1_Init 2 */
  89:Core/Src/tim.c ****   HAL_TIM_MspPostInit(&htim1);
  90:Core/Src/tim.c **** 
  91:Core/Src/tim.c **** }
  92:Core/Src/tim.c **** /* TIM2 init function */
  93:Core/Src/tim.c **** void MX_TIM2_Init(void)
  94:Core/Src/tim.c **** {
  29              		.loc 1 94 1 view -0
  30              		.cfi_startproc
  31              		@ args = 0, pretend = 0, frame = 48
  32              		@ frame_needed = 0, uses_anonymous_args = 0
  33 0000 00B5     		push	{lr}
  34              	.LCFI0:
  35              		.cfi_def_cfa_offset 4
  36              		.cfi_offset 14, -4
  37 0002 8DB0     		sub	sp, sp, #52
  38              	.LCFI1:
  39              		.cfi_def_cfa_offset 56
  95:Core/Src/tim.c **** 
  96:Core/Src/tim.c ****   /* USER CODE BEGIN TIM2_Init 0 */
  97:Core/Src/tim.c **** 
  98:Core/Src/tim.c ****   /* USER CODE END TIM2_Init 0 */
  99:Core/Src/tim.c **** 
 100:Core/Src/tim.c ****   TIM_Encoder_InitTypeDef sConfig = {0};
  40              		.loc 1 100 3 view .LVU1
  41              		.loc 1 100 27 is_stmt 0 view .LVU2
  42 0004 2422     		movs	r2, #36
  43 0006 0021     		movs	r1, #0
  44 0008 03A8     		add	r0, sp, #12
  45 000a FFF7FEFF 		bl	memset
  46              	.LVL0:
 101:Core/Src/tim.c ****   TIM_MasterConfigTypeDef sMasterConfig = {0};
  47              		.loc 1 101 3 is_stmt 1 view .LVU3
  48              		.loc 1 101 27 is_stmt 0 view .LVU4
  49 000e 0023     		movs	r3, #0
  50 0010 0193     		str	r3, [sp, #4]
  51 0012 0293     		str	r3, [sp, #8]
 102:Core/Src/tim.c **** 
 103:Core/Src/tim.c ****   /* USER CODE BEGIN TIM2_Init 1 */
 104:Core/Src/tim.c **** 
 105:Core/Src/tim.c ****   /* USER CODE END TIM2_Init 1 */
 106:Core/Src/tim.c ****   htim2.Instance = TIM2;
  52              		.loc 1 106 3 is_stmt 1 view .LVU5
  53              		.loc 1 106 18 is_stmt 0 view .LVU6
  54 0014 1248     		ldr	r0, .L7
  55 0016 4FF08042 		mov	r2, #1073741824
  56 001a 0260     		str	r2, [r0]
 107:Core/Src/tim.c ****   htim2.Init.Prescaler = 0;
  57              		.loc 1 107 3 is_stmt 1 view .LVU7
  58              		.loc 1 107 24 is_stmt 0 view .LVU8
  59 001c 4360     		str	r3, [r0, #4]
 108:Core/Src/tim.c ****   htim2.Init.CounterMode = TIM_COUNTERMODE_UP;
  60              		.loc 1 108 3 is_stmt 1 view .LVU9
  61              		.loc 1 108 26 is_stmt 0 view .LVU10
  62 001e 8360     		str	r3, [r0, #8]
 109:Core/Src/tim.c ****   htim2.Init.Period = 65535;
  63              		.loc 1 109 3 is_stmt 1 view .LVU11
ARM GAS  C:\Users\SF\AppData\Local\Temp\ccMxcvry.s 			page 4


  64              		.loc 1 109 21 is_stmt 0 view .LVU12
  65 0020 4FF6FF72 		movw	r2, #65535
  66 0024 C260     		str	r2, [r0, #12]
 110:Core/Src/tim.c ****   htim2.Init.ClockDivision = TIM_CLOCKDIVISION_DIV1;
  67              		.loc 1 110 3 is_stmt 1 view .LVU13
  68              		.loc 1 110 28 is_stmt 0 view .LVU14
  69 0026 0361     		str	r3, [r0, #16]
 111:Core/Src/tim.c ****   htim2.Init.AutoReloadPreload = TIM_AUTORELOAD_PRELOAD_DISABLE;
  70              		.loc 1 111 3 is_stmt 1 view .LVU15
  71              		.loc 1 111 32 is_stmt 0 view .LVU16
  72 0028 8361     		str	r3, [r0, #24]
 112:Core/Src/tim.c ****   sConfig.EncoderMode = TIM_ENCODERMODE_TI12;
  73              		.loc 1 112 3 is_stmt 1 view .LVU17
  74              		.loc 1 112 23 is_stmt 0 view .LVU18
  75 002a 0323     		movs	r3, #3
  76 002c 0393     		str	r3, [sp, #12]
 113:Core/Src/tim.c ****   sConfig.IC1Polarity = TIM_ICPOLARITY_RISING;
  77              		.loc 1 113 3 is_stmt 1 view .LVU19
 114:Core/Src/tim.c ****   sConfig.IC1Selection = TIM_ICSELECTION_DIRECTTI;
  78              		.loc 1 114 3 view .LVU20
  79              		.loc 1 114 24 is_stmt 0 view .LVU21
  80 002e 0123     		movs	r3, #1
  81 0030 0593     		str	r3, [sp, #20]
 115:Core/Src/tim.c ****   sConfig.IC1Prescaler = TIM_ICPSC_DIV1;
  82              		.loc 1 115 3 is_stmt 1 view .LVU22
 116:Core/Src/tim.c ****   sConfig.IC1Filter = 0;
  83              		.loc 1 116 3 view .LVU23
 117:Core/Src/tim.c ****   sConfig.IC2Polarity = TIM_ICPOLARITY_RISING;
  84              		.loc 1 117 3 view .LVU24
 118:Core/Src/tim.c ****   sConfig.IC2Selection = TIM_ICSELECTION_DIRECTTI;
  85              		.loc 1 118 3 view .LVU25
  86              		.loc 1 118 24 is_stmt 0 view .LVU26
  87 0032 0993     		str	r3, [sp, #36]
 119:Core/Src/tim.c ****   sConfig.IC2Prescaler = TIM_ICPSC_DIV1;
  88              		.loc 1 119 3 is_stmt 1 view .LVU27
 120:Core/Src/tim.c ****   sConfig.IC2Filter = 0;
  89              		.loc 1 120 3 view .LVU28
 121:Core/Src/tim.c ****   if (HAL_TIM_Encoder_Init(&htim2, &sConfig) != HAL_OK)
  90              		.loc 1 121 3 view .LVU29
  91              		.loc 1 121 7 is_stmt 0 view .LVU30
  92 0034 03A9     		add	r1, sp, #12
  93 0036 FFF7FEFF 		bl	HAL_TIM_Encoder_Init
  94              	.LVL1:
  95              		.loc 1 121 6 view .LVU31
  96 003a 50B9     		cbnz	r0, .L5
  97              	.L2:
 122:Core/Src/tim.c ****   {
 123:Core/Src/tim.c ****     Error_Handler();
 124:Core/Src/tim.c ****   }
 125:Core/Src/tim.c ****   sMasterConfig.MasterOutputTrigger = TIM_TRGO_RESET;
  98              		.loc 1 125 3 is_stmt 1 view .LVU32
  99              		.loc 1 125 37 is_stmt 0 view .LVU33
 100 003c 0023     		movs	r3, #0
 101 003e 0193     		str	r3, [sp, #4]
 126:Core/Src/tim.c ****   sMasterConfig.MasterSlaveMode = TIM_MASTERSLAVEMODE_DISABLE;
 102              		.loc 1 126 3 is_stmt 1 view .LVU34
 103              		.loc 1 126 33 is_stmt 0 view .LVU35
ARM GAS  C:\Users\SF\AppData\Local\Temp\ccMxcvry.s 			page 5


 104 0040 0293     		str	r3, [sp, #8]
 127:Core/Src/tim.c ****   if (HAL_TIMEx_MasterConfigSynchronization(&htim2, &sMasterConfig) != HAL_OK)
 105              		.loc 1 127 3 is_stmt 1 view .LVU36
 106              		.loc 1 127 7 is_stmt 0 view .LVU37
 107 0042 01A9     		add	r1, sp, #4
 108 0044 0648     		ldr	r0, .L7
 109 0046 FFF7FEFF 		bl	HAL_TIMEx_MasterConfigSynchronization
 110              	.LVL2:
 111              		.loc 1 127 6 view .LVU38
 112 004a 28B9     		cbnz	r0, .L6
 113              	.L1:
 128:Core/Src/tim.c ****   {
 129:Core/Src/tim.c ****     Error_Handler();
 130:Core/Src/tim.c ****   }
 131:Core/Src/tim.c ****   /* USER CODE BEGIN TIM2_Init 2 */
 132:Core/Src/tim.c **** 
 133:Core/Src/tim.c ****   /* USER CODE END TIM2_Init 2 */
 134:Core/Src/tim.c **** 
 135:Core/Src/tim.c **** }
 114              		.loc 1 135 1 view .LVU39
 115 004c 0DB0     		add	sp, sp, #52
 116              	.LCFI2:
 117              		.cfi_remember_state
 118              		.cfi_def_cfa_offset 4
 119              		@ sp needed
 120 004e 5DF804FB 		ldr	pc, [sp], #4
 121              	.L5:
 122              	.LCFI3:
 123              		.cfi_restore_state
 123:Core/Src/tim.c ****   }
 124              		.loc 1 123 5 is_stmt 1 view .LVU40
 125 0052 FFF7FEFF 		bl	Error_Handler
 126              	.LVL3:
 127 0056 F1E7     		b	.L2
 128              	.L6:
 129:Core/Src/tim.c ****   }
 129              		.loc 1 129 5 view .LVU41
 130 0058 FFF7FEFF 		bl	Error_Handler
 131              	.LVL4:
 132              		.loc 1 135 1 is_stmt 0 view .LVU42
 133 005c F6E7     		b	.L1
 134              	.L8:
 135 005e 00BF     		.align	2
 136              	.L7:
 137 0060 00000000 		.word	.LANCHOR0
 138              		.cfi_endproc
 139              	.LFE131:
 141              		.section	.text.MX_TIM4_Init,"ax",%progbits
 142              		.align	1
 143              		.global	MX_TIM4_Init
 144              		.syntax unified
 145              		.thumb
 146              		.thumb_func
 148              	MX_TIM4_Init:
 149              	.LFB133:
 136:Core/Src/tim.c **** /* TIM3 init function */
 137:Core/Src/tim.c **** void MX_TIM3_Init(void)
ARM GAS  C:\Users\SF\AppData\Local\Temp\ccMxcvry.s 			page 6


 138:Core/Src/tim.c **** {
 139:Core/Src/tim.c **** 
 140:Core/Src/tim.c ****   /* USER CODE BEGIN TIM3_Init 0 */
 141:Core/Src/tim.c **** 
 142:Core/Src/tim.c ****   /* USER CODE END TIM3_Init 0 */
 143:Core/Src/tim.c **** 
 144:Core/Src/tim.c ****   TIM_MasterConfigTypeDef sMasterConfig = {0};
 145:Core/Src/tim.c ****   TIM_OC_InitTypeDef sConfigOC = {0};
 146:Core/Src/tim.c **** 
 147:Core/Src/tim.c ****   /* USER CODE BEGIN TIM3_Init 1 */
 148:Core/Src/tim.c **** 
 149:Core/Src/tim.c ****   /* USER CODE END TIM3_Init 1 */
 150:Core/Src/tim.c ****   htim3.Instance = TIM3;
 151:Core/Src/tim.c ****   htim3.Init.Prescaler = 2; // 4
 152:Core/Src/tim.c ****   htim3.Init.CounterMode = TIM_COUNTERMODE_UP;
 153:Core/Src/tim.c ****   htim3.Init.Period = 399;
 154:Core/Src/tim.c ****   htim3.Init.ClockDivision = TIM_CLOCKDIVISION_DIV1;
 155:Core/Src/tim.c ****   htim3.Init.AutoReloadPreload = TIM_AUTORELOAD_PRELOAD_DISABLE;
 156:Core/Src/tim.c ****   if (HAL_TIM_PWM_Init(&htim3) != HAL_OK)
 157:Core/Src/tim.c ****   {
 158:Core/Src/tim.c ****     Error_Handler();
 159:Core/Src/tim.c ****   }
 160:Core/Src/tim.c ****   sMasterConfig.MasterOutputTrigger = TIM_TRGO_RESET;
 161:Core/Src/tim.c ****   sMasterConfig.MasterSlaveMode = TIM_MASTERSLAVEMODE_DISABLE;
 162:Core/Src/tim.c ****   if (HAL_TIMEx_MasterConfigSynchronization(&htim3, &sMasterConfig) != HAL_OK)
 163:Core/Src/tim.c ****   {
 164:Core/Src/tim.c ****     Error_Handler();
 165:Core/Src/tim.c ****   }
 166:Core/Src/tim.c ****   sConfigOC.OCMode = TIM_OCMODE_PWM1;
 167:Core/Src/tim.c ****   sConfigOC.Pulse = 0;
 168:Core/Src/tim.c ****   sConfigOC.OCPolarity = TIM_OCPOLARITY_HIGH;
 169:Core/Src/tim.c ****   sConfigOC.OCFastMode = TIM_OCFAST_DISABLE;
 170:Core/Src/tim.c ****   if (HAL_TIM_PWM_ConfigChannel(&htim3, &sConfigOC, TIM_CHANNEL_2) != HAL_OK)
 171:Core/Src/tim.c ****   {
 172:Core/Src/tim.c ****     Error_Handler();
 173:Core/Src/tim.c ****   }
 174:Core/Src/tim.c ****   /* USER CODE BEGIN TIM3_Init 2 */
 175:Core/Src/tim.c **** 
 176:Core/Src/tim.c ****   /* USER CODE END TIM3_Init 2 */
 177:Core/Src/tim.c ****   HAL_TIM_MspPostInit(&htim3);
 178:Core/Src/tim.c **** 
 179:Core/Src/tim.c **** }
 180:Core/Src/tim.c **** /* TIM4 init function */
 181:Core/Src/tim.c **** void MX_TIM4_Init(void)
 182:Core/Src/tim.c **** {
 150              		.loc 1 182 1 is_stmt 1 view -0
 151              		.cfi_startproc
 152              		@ args = 0, pretend = 0, frame = 48
 153              		@ frame_needed = 0, uses_anonymous_args = 0
 154 0000 00B5     		push	{lr}
 155              	.LCFI4:
 156              		.cfi_def_cfa_offset 4
 157              		.cfi_offset 14, -4
 158 0002 8DB0     		sub	sp, sp, #52
 159              	.LCFI5:
 160              		.cfi_def_cfa_offset 56
 183:Core/Src/tim.c **** 
ARM GAS  C:\Users\SF\AppData\Local\Temp\ccMxcvry.s 			page 7


 184:Core/Src/tim.c ****   /* USER CODE BEGIN TIM4_Init 0 */
 185:Core/Src/tim.c **** 
 186:Core/Src/tim.c ****   /* USER CODE END TIM4_Init 0 */
 187:Core/Src/tim.c **** 
 188:Core/Src/tim.c ****   TIM_Encoder_InitTypeDef sConfig = {0};
 161              		.loc 1 188 3 view .LVU44
 162              		.loc 1 188 27 is_stmt 0 view .LVU45
 163 0004 2422     		movs	r2, #36
 164 0006 0021     		movs	r1, #0
 165 0008 03A8     		add	r0, sp, #12
 166 000a FFF7FEFF 		bl	memset
 167              	.LVL5:
 189:Core/Src/tim.c ****   TIM_MasterConfigTypeDef sMasterConfig = {0};
 168              		.loc 1 189 3 is_stmt 1 view .LVU46
 169              		.loc 1 189 27 is_stmt 0 view .LVU47
 170 000e 0023     		movs	r3, #0
 171 0010 0193     		str	r3, [sp, #4]
 172 0012 0293     		str	r3, [sp, #8]
 190:Core/Src/tim.c **** 
 191:Core/Src/tim.c ****   /* USER CODE BEGIN TIM4_Init 1 */
 192:Core/Src/tim.c **** 
 193:Core/Src/tim.c ****   /* USER CODE END TIM4_Init 1 */
 194:Core/Src/tim.c ****   htim4.Instance = TIM4;
 173              		.loc 1 194 3 is_stmt 1 view .LVU48
 174              		.loc 1 194 18 is_stmt 0 view .LVU49
 175 0014 1148     		ldr	r0, .L15
 176 0016 124A     		ldr	r2, .L15+4
 177 0018 0260     		str	r2, [r0]
 195:Core/Src/tim.c ****   htim4.Init.Prescaler = 0;
 178              		.loc 1 195 3 is_stmt 1 view .LVU50
 179              		.loc 1 195 24 is_stmt 0 view .LVU51
 180 001a 4360     		str	r3, [r0, #4]
 196:Core/Src/tim.c ****   htim4.Init.CounterMode = TIM_COUNTERMODE_UP;
 181              		.loc 1 196 3 is_stmt 1 view .LVU52
 182              		.loc 1 196 26 is_stmt 0 view .LVU53
 183 001c 8360     		str	r3, [r0, #8]
 197:Core/Src/tim.c ****   htim4.Init.Period = 65535;
 184              		.loc 1 197 3 is_stmt 1 view .LVU54
 185              		.loc 1 197 21 is_stmt 0 view .LVU55
 186 001e 4FF6FF72 		movw	r2, #65535
 187 0022 C260     		str	r2, [r0, #12]
 198:Core/Src/tim.c ****   htim4.Init.ClockDivision = TIM_CLOCKDIVISION_DIV1;
 188              		.loc 1 198 3 is_stmt 1 view .LVU56
 189              		.loc 1 198 28 is_stmt 0 view .LVU57
 190 0024 0361     		str	r3, [r0, #16]
 199:Core/Src/tim.c ****   htim4.Init.AutoReloadPreload = TIM_AUTORELOAD_PRELOAD_DISABLE;
 191              		.loc 1 199 3 is_stmt 1 view .LVU58
 192              		.loc 1 199 32 is_stmt 0 view .LVU59
 193 0026 8361     		str	r3, [r0, #24]
 200:Core/Src/tim.c ****   sConfig.EncoderMode = TIM_ENCODERMODE_TI12;
 194              		.loc 1 200 3 is_stmt 1 view .LVU60
 195              		.loc 1 200 23 is_stmt 0 view .LVU61
 196 0028 0323     		movs	r3, #3
 197 002a 0393     		str	r3, [sp, #12]
 201:Core/Src/tim.c ****   sConfig.IC1Polarity = TIM_ICPOLARITY_RISING;
 198              		.loc 1 201 3 is_stmt 1 view .LVU62
 202:Core/Src/tim.c ****   sConfig.IC1Selection = TIM_ICSELECTION_DIRECTTI;
ARM GAS  C:\Users\SF\AppData\Local\Temp\ccMxcvry.s 			page 8


 199              		.loc 1 202 3 view .LVU63
 200              		.loc 1 202 24 is_stmt 0 view .LVU64
 201 002c 0123     		movs	r3, #1
 202 002e 0593     		str	r3, [sp, #20]
 203:Core/Src/tim.c ****   sConfig.IC1Prescaler = TIM_ICPSC_DIV1;
 203              		.loc 1 203 3 is_stmt 1 view .LVU65
 204:Core/Src/tim.c ****   sConfig.IC1Filter = 0;
 204              		.loc 1 204 3 view .LVU66
 205:Core/Src/tim.c ****   sConfig.IC2Polarity = TIM_ICPOLARITY_RISING;
 205              		.loc 1 205 3 view .LVU67
 206:Core/Src/tim.c ****   sConfig.IC2Selection = TIM_ICSELECTION_DIRECTTI;
 206              		.loc 1 206 3 view .LVU68
 207              		.loc 1 206 24 is_stmt 0 view .LVU69
 208 0030 0993     		str	r3, [sp, #36]
 207:Core/Src/tim.c ****   sConfig.IC2Prescaler = TIM_ICPSC_DIV1;
 209              		.loc 1 207 3 is_stmt 1 view .LVU70
 208:Core/Src/tim.c ****   sConfig.IC2Filter = 0;
 210              		.loc 1 208 3 view .LVU71
 209:Core/Src/tim.c ****   if (HAL_TIM_Encoder_Init(&htim4, &sConfig) != HAL_OK)
 211              		.loc 1 209 3 view .LVU72
 212              		.loc 1 209 7 is_stmt 0 view .LVU73
 213 0032 03A9     		add	r1, sp, #12
 214 0034 FFF7FEFF 		bl	HAL_TIM_Encoder_Init
 215              	.LVL6:
 216              		.loc 1 209 6 view .LVU74
 217 0038 50B9     		cbnz	r0, .L13
 218              	.L10:
 210:Core/Src/tim.c ****   {
 211:Core/Src/tim.c ****     Error_Handler();
 212:Core/Src/tim.c ****   }
 213:Core/Src/tim.c ****   sMasterConfig.MasterOutputTrigger = TIM_TRGO_RESET;
 219              		.loc 1 213 3 is_stmt 1 view .LVU75
 220              		.loc 1 213 37 is_stmt 0 view .LVU76
 221 003a 0023     		movs	r3, #0
 222 003c 0193     		str	r3, [sp, #4]
 214:Core/Src/tim.c ****   sMasterConfig.MasterSlaveMode = TIM_MASTERSLAVEMODE_DISABLE;
 223              		.loc 1 214 3 is_stmt 1 view .LVU77
 224              		.loc 1 214 33 is_stmt 0 view .LVU78
 225 003e 0293     		str	r3, [sp, #8]
 215:Core/Src/tim.c ****   if (HAL_TIMEx_MasterConfigSynchronization(&htim4, &sMasterConfig) != HAL_OK)
 226              		.loc 1 215 3 is_stmt 1 view .LVU79
 227              		.loc 1 215 7 is_stmt 0 view .LVU80
 228 0040 01A9     		add	r1, sp, #4
 229 0042 0648     		ldr	r0, .L15
 230 0044 FFF7FEFF 		bl	HAL_TIMEx_MasterConfigSynchronization
 231              	.LVL7:
 232              		.loc 1 215 6 view .LVU81
 233 0048 28B9     		cbnz	r0, .L14
 234              	.L9:
 216:Core/Src/tim.c ****   {
 217:Core/Src/tim.c ****     Error_Handler();
 218:Core/Src/tim.c ****   }
 219:Core/Src/tim.c ****   /* USER CODE BEGIN TIM4_Init 2 */
 220:Core/Src/tim.c **** 
 221:Core/Src/tim.c ****   /* USER CODE END TIM4_Init 2 */
 222:Core/Src/tim.c **** 
 223:Core/Src/tim.c **** }
ARM GAS  C:\Users\SF\AppData\Local\Temp\ccMxcvry.s 			page 9


 235              		.loc 1 223 1 view .LVU82
 236 004a 0DB0     		add	sp, sp, #52
 237              	.LCFI6:
 238              		.cfi_remember_state
 239              		.cfi_def_cfa_offset 4
 240              		@ sp needed
 241 004c 5DF804FB 		ldr	pc, [sp], #4
 242              	.L13:
 243              	.LCFI7:
 244              		.cfi_restore_state
 211:Core/Src/tim.c ****   }
 245              		.loc 1 211 5 is_stmt 1 view .LVU83
 246 0050 FFF7FEFF 		bl	Error_Handler
 247              	.LVL8:
 248 0054 F1E7     		b	.L10
 249              	.L14:
 217:Core/Src/tim.c ****   }
 250              		.loc 1 217 5 view .LVU84
 251 0056 FFF7FEFF 		bl	Error_Handler
 252              	.LVL9:
 253              		.loc 1 223 1 is_stmt 0 view .LVU85
 254 005a F6E7     		b	.L9
 255              	.L16:
 256              		.align	2
 257              	.L15:
 258 005c 00000000 		.word	.LANCHOR1
 259 0060 00080040 		.word	1073743872
 260              		.cfi_endproc
 261              	.LFE133:
 263              		.section	.text.HAL_TIM_PWM_MspInit,"ax",%progbits
 264              		.align	1
 265              		.global	HAL_TIM_PWM_MspInit
 266              		.syntax unified
 267              		.thumb
 268              		.thumb_func
 270              	HAL_TIM_PWM_MspInit:
 271              	.LVL10:
 272              	.LFB134:
 224:Core/Src/tim.c **** 
 225:Core/Src/tim.c **** void HAL_TIM_PWM_MspInit(TIM_HandleTypeDef* tim_pwmHandle)
 226:Core/Src/tim.c **** {
 273              		.loc 1 226 1 is_stmt 1 view -0
 274              		.cfi_startproc
 275              		@ args = 0, pretend = 0, frame = 8
 276              		@ frame_needed = 0, uses_anonymous_args = 0
 277              		.loc 1 226 1 is_stmt 0 view .LVU87
 278 0000 00B5     		push	{lr}
 279              	.LCFI8:
 280              		.cfi_def_cfa_offset 4
 281              		.cfi_offset 14, -4
 282 0002 83B0     		sub	sp, sp, #12
 283              	.LCFI9:
 284              		.cfi_def_cfa_offset 16
 227:Core/Src/tim.c **** 
 228:Core/Src/tim.c ****   if(tim_pwmHandle->Instance==TIM1)
 285              		.loc 1 228 3 is_stmt 1 view .LVU88
 286              		.loc 1 228 19 is_stmt 0 view .LVU89
ARM GAS  C:\Users\SF\AppData\Local\Temp\ccMxcvry.s 			page 10


 287 0004 0368     		ldr	r3, [r0]
 288              		.loc 1 228 5 view .LVU90
 289 0006 154A     		ldr	r2, .L23
 290 0008 9342     		cmp	r3, r2
 291 000a 05D0     		beq	.L21
 229:Core/Src/tim.c ****   {
 230:Core/Src/tim.c ****   /* USER CODE BEGIN TIM1_MspInit 0 */
 231:Core/Src/tim.c **** 
 232:Core/Src/tim.c ****   /* USER CODE END TIM1_MspInit 0 */
 233:Core/Src/tim.c ****     /* TIM1 clock enable */
 234:Core/Src/tim.c ****     __HAL_RCC_TIM1_CLK_ENABLE();
 235:Core/Src/tim.c **** 
 236:Core/Src/tim.c ****     /* TIM1 interrupt Init */
 237:Core/Src/tim.c ****     HAL_NVIC_SetPriority(TIM1_BRK_TIM9_IRQn, 15, 0);
 238:Core/Src/tim.c ****     HAL_NVIC_EnableIRQ(TIM1_BRK_TIM9_IRQn);
 239:Core/Src/tim.c ****   /* USER CODE BEGIN TIM1_MspInit 1 */
 240:Core/Src/tim.c **** 
 241:Core/Src/tim.c ****   /* USER CODE END TIM1_MspInit 1 */
 242:Core/Src/tim.c ****   }
 243:Core/Src/tim.c ****   else if(tim_pwmHandle->Instance==TIM3)
 292              		.loc 1 243 8 is_stmt 1 view .LVU91
 293              		.loc 1 243 10 is_stmt 0 view .LVU92
 294 000c 144A     		ldr	r2, .L23+4
 295 000e 9342     		cmp	r3, r2
 296 0010 16D0     		beq	.L22
 297              	.LVL11:
 298              	.L17:
 244:Core/Src/tim.c ****   {
 245:Core/Src/tim.c ****   /* USER CODE BEGIN TIM3_MspInit 0 */
 246:Core/Src/tim.c **** 
 247:Core/Src/tim.c ****   /* USER CODE END TIM3_MspInit 0 */
 248:Core/Src/tim.c ****     /* TIM3 clock enable */
 249:Core/Src/tim.c ****     __HAL_RCC_TIM3_CLK_ENABLE();
 250:Core/Src/tim.c ****   /* USER CODE BEGIN TIM3_MspInit 1 */
 251:Core/Src/tim.c **** 
 252:Core/Src/tim.c ****   /* USER CODE END TIM3_MspInit 1 */
 253:Core/Src/tim.c ****   }
 254:Core/Src/tim.c **** }
 299              		.loc 1 254 1 view .LVU93
 300 0012 03B0     		add	sp, sp, #12
 301              	.LCFI10:
 302              		.cfi_remember_state
 303              		.cfi_def_cfa_offset 4
 304              		@ sp needed
 305 0014 5DF804FB 		ldr	pc, [sp], #4
 306              	.LVL12:
 307              	.L21:
 308              	.LCFI11:
 309              		.cfi_restore_state
 234:Core/Src/tim.c **** 
 310              		.loc 1 234 5 is_stmt 1 view .LVU94
 311              	.LBB2:
 234:Core/Src/tim.c **** 
 312              		.loc 1 234 5 view .LVU95
 313 0018 0022     		movs	r2, #0
 314 001a 0092     		str	r2, [sp]
 234:Core/Src/tim.c **** 
ARM GAS  C:\Users\SF\AppData\Local\Temp\ccMxcvry.s 			page 11


 315              		.loc 1 234 5 view .LVU96
 316 001c 114B     		ldr	r3, .L23+8
 317 001e 596C     		ldr	r1, [r3, #68]
 318 0020 41F00101 		orr	r1, r1, #1
 319 0024 5964     		str	r1, [r3, #68]
 234:Core/Src/tim.c **** 
 320              		.loc 1 234 5 view .LVU97
 321 0026 5B6C     		ldr	r3, [r3, #68]
 322 0028 03F00103 		and	r3, r3, #1
 323 002c 0093     		str	r3, [sp]
 234:Core/Src/tim.c **** 
 324              		.loc 1 234 5 view .LVU98
 325 002e 009B     		ldr	r3, [sp]
 326              	.LBE2:
 234:Core/Src/tim.c **** 
 327              		.loc 1 234 5 view .LVU99
 237:Core/Src/tim.c ****     HAL_NVIC_EnableIRQ(TIM1_BRK_TIM9_IRQn);
 328              		.loc 1 237 5 view .LVU100
 329 0030 0F21     		movs	r1, #15
 330 0032 1820     		movs	r0, #24
 331              	.LVL13:
 237:Core/Src/tim.c ****     HAL_NVIC_EnableIRQ(TIM1_BRK_TIM9_IRQn);
 332              		.loc 1 237 5 is_stmt 0 view .LVU101
 333 0034 FFF7FEFF 		bl	HAL_NVIC_SetPriority
 334              	.LVL14:
 238:Core/Src/tim.c ****   /* USER CODE BEGIN TIM1_MspInit 1 */
 335              		.loc 1 238 5 is_stmt 1 view .LVU102
 336 0038 1820     		movs	r0, #24
 337 003a FFF7FEFF 		bl	HAL_NVIC_EnableIRQ
 338              	.LVL15:
 339 003e E8E7     		b	.L17
 340              	.LVL16:
 341              	.L22:
 249:Core/Src/tim.c ****   /* USER CODE BEGIN TIM3_MspInit 1 */
 342              		.loc 1 249 5 view .LVU103
 343              	.LBB3:
 249:Core/Src/tim.c ****   /* USER CODE BEGIN TIM3_MspInit 1 */
 344              		.loc 1 249 5 view .LVU104
 345 0040 0023     		movs	r3, #0
 346 0042 0193     		str	r3, [sp, #4]
 249:Core/Src/tim.c ****   /* USER CODE BEGIN TIM3_MspInit 1 */
 347              		.loc 1 249 5 view .LVU105
 348 0044 074B     		ldr	r3, .L23+8
 349 0046 1A6C     		ldr	r2, [r3, #64]
 350 0048 42F00202 		orr	r2, r2, #2
 351 004c 1A64     		str	r2, [r3, #64]
 249:Core/Src/tim.c ****   /* USER CODE BEGIN TIM3_MspInit 1 */
 352              		.loc 1 249 5 view .LVU106
 353 004e 1B6C     		ldr	r3, [r3, #64]
 354 0050 03F00203 		and	r3, r3, #2
 355 0054 0193     		str	r3, [sp, #4]
 249:Core/Src/tim.c ****   /* USER CODE BEGIN TIM3_MspInit 1 */
 356              		.loc 1 249 5 view .LVU107
 357 0056 019B     		ldr	r3, [sp, #4]
 358              	.LBE3:
 249:Core/Src/tim.c ****   /* USER CODE BEGIN TIM3_MspInit 1 */
 359              		.loc 1 249 5 view .LVU108
ARM GAS  C:\Users\SF\AppData\Local\Temp\ccMxcvry.s 			page 12


 360              		.loc 1 254 1 is_stmt 0 view .LVU109
 361 0058 DBE7     		b	.L17
 362              	.L24:
 363 005a 00BF     		.align	2
 364              	.L23:
 365 005c 00000140 		.word	1073807360
 366 0060 00040040 		.word	1073742848
 367 0064 00380240 		.word	1073887232
 368              		.cfi_endproc
 369              	.LFE134:
 371              		.section	.text.HAL_TIM_Encoder_MspInit,"ax",%progbits
 372              		.align	1
 373              		.global	HAL_TIM_Encoder_MspInit
 374              		.syntax unified
 375              		.thumb
 376              		.thumb_func
 378              	HAL_TIM_Encoder_MspInit:
 379              	.LVL17:
 380              	.LFB135:
 255:Core/Src/tim.c **** 
 256:Core/Src/tim.c **** void HAL_TIM_Encoder_MspInit(TIM_HandleTypeDef* tim_encoderHandle)
 257:Core/Src/tim.c **** {
 381              		.loc 1 257 1 is_stmt 1 view -0
 382              		.cfi_startproc
 383              		@ args = 0, pretend = 0, frame = 40
 384              		@ frame_needed = 0, uses_anonymous_args = 0
 385              		.loc 1 257 1 is_stmt 0 view .LVU111
 386 0000 70B5     		push	{r4, r5, r6, lr}
 387              	.LCFI12:
 388              		.cfi_def_cfa_offset 16
 389              		.cfi_offset 4, -16
 390              		.cfi_offset 5, -12
 391              		.cfi_offset 6, -8
 392              		.cfi_offset 14, -4
 393 0002 8AB0     		sub	sp, sp, #40
 394              	.LCFI13:
 395              		.cfi_def_cfa_offset 56
 258:Core/Src/tim.c **** 
 259:Core/Src/tim.c ****   GPIO_InitTypeDef GPIO_InitStruct = {0};
 396              		.loc 1 259 3 is_stmt 1 view .LVU112
 397              		.loc 1 259 20 is_stmt 0 view .LVU113
 398 0004 0023     		movs	r3, #0
 399 0006 0593     		str	r3, [sp, #20]
 400 0008 0693     		str	r3, [sp, #24]
 401 000a 0793     		str	r3, [sp, #28]
 402 000c 0893     		str	r3, [sp, #32]
 403 000e 0993     		str	r3, [sp, #36]
 260:Core/Src/tim.c ****   if(tim_encoderHandle->Instance==TIM2)
 404              		.loc 1 260 3 is_stmt 1 view .LVU114
 405              		.loc 1 260 23 is_stmt 0 view .LVU115
 406 0010 0368     		ldr	r3, [r0]
 407              		.loc 1 260 5 view .LVU116
 408 0012 B3F1804F 		cmp	r3, #1073741824
 409 0016 04D0     		beq	.L29
 261:Core/Src/tim.c ****   {
 262:Core/Src/tim.c ****   /* USER CODE BEGIN TIM2_MspInit 0 */
 263:Core/Src/tim.c **** 
ARM GAS  C:\Users\SF\AppData\Local\Temp\ccMxcvry.s 			page 13


 264:Core/Src/tim.c ****   /* USER CODE END TIM2_MspInit 0 */
 265:Core/Src/tim.c ****     /* TIM2 clock enable */
 266:Core/Src/tim.c ****     __HAL_RCC_TIM2_CLK_ENABLE();
 267:Core/Src/tim.c **** 
 268:Core/Src/tim.c ****     __HAL_RCC_GPIOA_CLK_ENABLE();
 269:Core/Src/tim.c ****     __HAL_RCC_GPIOB_CLK_ENABLE();
 270:Core/Src/tim.c ****     /**TIM2 GPIO Configuration
 271:Core/Src/tim.c ****     PA15     ------> TIM2_CH1
 272:Core/Src/tim.c ****     PB3     ------> TIM2_CH2
 273:Core/Src/tim.c ****     */
 274:Core/Src/tim.c ****     GPIO_InitStruct.Pin = GPIO_PIN_15;
 275:Core/Src/tim.c ****     GPIO_InitStruct.Mode = GPIO_MODE_AF_PP;
 276:Core/Src/tim.c ****     GPIO_InitStruct.Pull = GPIO_NOPULL;
 277:Core/Src/tim.c ****     GPIO_InitStruct.Speed = GPIO_SPEED_FREQ_LOW;
 278:Core/Src/tim.c ****     GPIO_InitStruct.Alternate = GPIO_AF1_TIM2;
 279:Core/Src/tim.c ****     HAL_GPIO_Init(GPIOA, &GPIO_InitStruct);
 280:Core/Src/tim.c **** 
 281:Core/Src/tim.c ****     GPIO_InitStruct.Pin = GPIO_PIN_3;
 282:Core/Src/tim.c ****     GPIO_InitStruct.Mode = GPIO_MODE_AF_PP;
 283:Core/Src/tim.c ****     GPIO_InitStruct.Pull = GPIO_NOPULL;
 284:Core/Src/tim.c ****     GPIO_InitStruct.Speed = GPIO_SPEED_FREQ_LOW;
 285:Core/Src/tim.c ****     GPIO_InitStruct.Alternate = GPIO_AF1_TIM2;
 286:Core/Src/tim.c ****     HAL_GPIO_Init(GPIOB, &GPIO_InitStruct);
 287:Core/Src/tim.c **** 
 288:Core/Src/tim.c ****   /* USER CODE BEGIN TIM2_MspInit 1 */
 289:Core/Src/tim.c **** 
 290:Core/Src/tim.c ****   /* USER CODE END TIM2_MspInit 1 */
 291:Core/Src/tim.c ****   }
 292:Core/Src/tim.c ****   else if(tim_encoderHandle->Instance==TIM4)
 410              		.loc 1 292 8 is_stmt 1 view .LVU117
 411              		.loc 1 292 10 is_stmt 0 view .LVU118
 412 0018 2E4A     		ldr	r2, .L31
 413 001a 9342     		cmp	r3, r2
 414 001c 38D0     		beq	.L30
 415              	.LVL18:
 416              	.L25:
 293:Core/Src/tim.c ****   {
 294:Core/Src/tim.c ****   /* USER CODE BEGIN TIM4_MspInit 0 */
 295:Core/Src/tim.c **** 
 296:Core/Src/tim.c ****   /* USER CODE END TIM4_MspInit 0 */
 297:Core/Src/tim.c ****     /* TIM4 clock enable */
 298:Core/Src/tim.c ****     __HAL_RCC_TIM4_CLK_ENABLE();
 299:Core/Src/tim.c **** 
 300:Core/Src/tim.c ****     __HAL_RCC_GPIOD_CLK_ENABLE();
 301:Core/Src/tim.c ****     /**TIM4 GPIO Configuration
 302:Core/Src/tim.c ****     PD12     ------> TIM4_CH1
 303:Core/Src/tim.c ****     PD13     ------> TIM4_CH2
 304:Core/Src/tim.c ****     */
 305:Core/Src/tim.c ****     GPIO_InitStruct.Pin = GPIO_PIN_12|GPIO_PIN_13;
 306:Core/Src/tim.c ****     GPIO_InitStruct.Mode = GPIO_MODE_AF_PP;
 307:Core/Src/tim.c ****     GPIO_InitStruct.Pull = GPIO_NOPULL;
 308:Core/Src/tim.c ****     GPIO_InitStruct.Speed = GPIO_SPEED_FREQ_LOW;
 309:Core/Src/tim.c ****     GPIO_InitStruct.Alternate = GPIO_AF2_TIM4;
 310:Core/Src/tim.c ****     HAL_GPIO_Init(GPIOD, &GPIO_InitStruct);
 311:Core/Src/tim.c **** 
 312:Core/Src/tim.c ****   /* USER CODE BEGIN TIM4_MspInit 1 */
 313:Core/Src/tim.c **** 
ARM GAS  C:\Users\SF\AppData\Local\Temp\ccMxcvry.s 			page 14


 314:Core/Src/tim.c ****   /* USER CODE END TIM4_MspInit 1 */
 315:Core/Src/tim.c ****   }
 316:Core/Src/tim.c **** }
 417              		.loc 1 316 1 view .LVU119
 418 001e 0AB0     		add	sp, sp, #40
 419              	.LCFI14:
 420              		.cfi_remember_state
 421              		.cfi_def_cfa_offset 16
 422              		@ sp needed
 423 0020 70BD     		pop	{r4, r5, r6, pc}
 424              	.LVL19:
 425              	.L29:
 426              	.LCFI15:
 427              		.cfi_restore_state
 266:Core/Src/tim.c **** 
 428              		.loc 1 266 5 is_stmt 1 view .LVU120
 429              	.LBB4:
 266:Core/Src/tim.c **** 
 430              		.loc 1 266 5 view .LVU121
 431 0022 0024     		movs	r4, #0
 432 0024 0094     		str	r4, [sp]
 266:Core/Src/tim.c **** 
 433              		.loc 1 266 5 view .LVU122
 434 0026 03F50E33 		add	r3, r3, #145408
 435 002a 1A6C     		ldr	r2, [r3, #64]
 436 002c 42F00102 		orr	r2, r2, #1
 437 0030 1A64     		str	r2, [r3, #64]
 266:Core/Src/tim.c **** 
 438              		.loc 1 266 5 view .LVU123
 439 0032 1A6C     		ldr	r2, [r3, #64]
 440 0034 02F00102 		and	r2, r2, #1
 441 0038 0092     		str	r2, [sp]
 266:Core/Src/tim.c **** 
 442              		.loc 1 266 5 view .LVU124
 443 003a 009A     		ldr	r2, [sp]
 444              	.LBE4:
 266:Core/Src/tim.c **** 
 445              		.loc 1 266 5 view .LVU125
 268:Core/Src/tim.c ****     __HAL_RCC_GPIOB_CLK_ENABLE();
 446              		.loc 1 268 5 view .LVU126
 447              	.LBB5:
 268:Core/Src/tim.c ****     __HAL_RCC_GPIOB_CLK_ENABLE();
 448              		.loc 1 268 5 view .LVU127
 449 003c 0194     		str	r4, [sp, #4]
 268:Core/Src/tim.c ****     __HAL_RCC_GPIOB_CLK_ENABLE();
 450              		.loc 1 268 5 view .LVU128
 451 003e 1A6B     		ldr	r2, [r3, #48]
 452 0040 42F00102 		orr	r2, r2, #1
 453 0044 1A63     		str	r2, [r3, #48]
 268:Core/Src/tim.c ****     __HAL_RCC_GPIOB_CLK_ENABLE();
 454              		.loc 1 268 5 view .LVU129
 455 0046 1A6B     		ldr	r2, [r3, #48]
 456 0048 02F00102 		and	r2, r2, #1
 457 004c 0192     		str	r2, [sp, #4]
 268:Core/Src/tim.c ****     __HAL_RCC_GPIOB_CLK_ENABLE();
 458              		.loc 1 268 5 view .LVU130
 459 004e 019A     		ldr	r2, [sp, #4]
ARM GAS  C:\Users\SF\AppData\Local\Temp\ccMxcvry.s 			page 15


 460              	.LBE5:
 268:Core/Src/tim.c ****     __HAL_RCC_GPIOB_CLK_ENABLE();
 461              		.loc 1 268 5 view .LVU131
 269:Core/Src/tim.c ****     /**TIM2 GPIO Configuration
 462              		.loc 1 269 5 view .LVU132
 463              	.LBB6:
 269:Core/Src/tim.c ****     /**TIM2 GPIO Configuration
 464              		.loc 1 269 5 view .LVU133
 465 0050 0294     		str	r4, [sp, #8]
 269:Core/Src/tim.c ****     /**TIM2 GPIO Configuration
 466              		.loc 1 269 5 view .LVU134
 467 0052 1A6B     		ldr	r2, [r3, #48]
 468 0054 42F00202 		orr	r2, r2, #2
 469 0058 1A63     		str	r2, [r3, #48]
 269:Core/Src/tim.c ****     /**TIM2 GPIO Configuration
 470              		.loc 1 269 5 view .LVU135
 471 005a 1B6B     		ldr	r3, [r3, #48]
 472 005c 03F00203 		and	r3, r3, #2
 473 0060 0293     		str	r3, [sp, #8]
 269:Core/Src/tim.c ****     /**TIM2 GPIO Configuration
 474              		.loc 1 269 5 view .LVU136
 475 0062 029B     		ldr	r3, [sp, #8]
 476              	.LBE6:
 269:Core/Src/tim.c ****     /**TIM2 GPIO Configuration
 477              		.loc 1 269 5 view .LVU137
 274:Core/Src/tim.c ****     GPIO_InitStruct.Mode = GPIO_MODE_AF_PP;
 478              		.loc 1 274 5 view .LVU138
 274:Core/Src/tim.c ****     GPIO_InitStruct.Mode = GPIO_MODE_AF_PP;
 479              		.loc 1 274 25 is_stmt 0 view .LVU139
 480 0064 4FF40043 		mov	r3, #32768
 481 0068 0593     		str	r3, [sp, #20]
 275:Core/Src/tim.c ****     GPIO_InitStruct.Pull = GPIO_NOPULL;
 482              		.loc 1 275 5 is_stmt 1 view .LVU140
 275:Core/Src/tim.c ****     GPIO_InitStruct.Pull = GPIO_NOPULL;
 483              		.loc 1 275 26 is_stmt 0 view .LVU141
 484 006a 0226     		movs	r6, #2
 485 006c 0696     		str	r6, [sp, #24]
 276:Core/Src/tim.c ****     GPIO_InitStruct.Speed = GPIO_SPEED_FREQ_LOW;
 486              		.loc 1 276 5 is_stmt 1 view .LVU142
 277:Core/Src/tim.c ****     GPIO_InitStruct.Alternate = GPIO_AF1_TIM2;
 487              		.loc 1 277 5 view .LVU143
 278:Core/Src/tim.c ****     HAL_GPIO_Init(GPIOA, &GPIO_InitStruct);
 488              		.loc 1 278 5 view .LVU144
 278:Core/Src/tim.c ****     HAL_GPIO_Init(GPIOA, &GPIO_InitStruct);
 489              		.loc 1 278 31 is_stmt 0 view .LVU145
 490 006e 0125     		movs	r5, #1
 491 0070 0995     		str	r5, [sp, #36]
 279:Core/Src/tim.c **** 
 492              		.loc 1 279 5 is_stmt 1 view .LVU146
 493 0072 05A9     		add	r1, sp, #20
 494 0074 1848     		ldr	r0, .L31+4
 495              	.LVL20:
 279:Core/Src/tim.c **** 
 496              		.loc 1 279 5 is_stmt 0 view .LVU147
 497 0076 FFF7FEFF 		bl	HAL_GPIO_Init
 498              	.LVL21:
 281:Core/Src/tim.c ****     GPIO_InitStruct.Mode = GPIO_MODE_AF_PP;
ARM GAS  C:\Users\SF\AppData\Local\Temp\ccMxcvry.s 			page 16


 499              		.loc 1 281 5 is_stmt 1 view .LVU148
 281:Core/Src/tim.c ****     GPIO_InitStruct.Mode = GPIO_MODE_AF_PP;
 500              		.loc 1 281 25 is_stmt 0 view .LVU149
 501 007a 0823     		movs	r3, #8
 502 007c 0593     		str	r3, [sp, #20]
 282:Core/Src/tim.c ****     GPIO_InitStruct.Pull = GPIO_NOPULL;
 503              		.loc 1 282 5 is_stmt 1 view .LVU150
 282:Core/Src/tim.c ****     GPIO_InitStruct.Pull = GPIO_NOPULL;
 504              		.loc 1 282 26 is_stmt 0 view .LVU151
 505 007e 0696     		str	r6, [sp, #24]
 283:Core/Src/tim.c ****     GPIO_InitStruct.Speed = GPIO_SPEED_FREQ_LOW;
 506              		.loc 1 283 5 is_stmt 1 view .LVU152
 283:Core/Src/tim.c ****     GPIO_InitStruct.Speed = GPIO_SPEED_FREQ_LOW;
 507              		.loc 1 283 26 is_stmt 0 view .LVU153
 508 0080 0794     		str	r4, [sp, #28]
 284:Core/Src/tim.c ****     GPIO_InitStruct.Alternate = GPIO_AF1_TIM2;
 509              		.loc 1 284 5 is_stmt 1 view .LVU154
 284:Core/Src/tim.c ****     GPIO_InitStruct.Alternate = GPIO_AF1_TIM2;
 510              		.loc 1 284 27 is_stmt 0 view .LVU155
 511 0082 0894     		str	r4, [sp, #32]
 285:Core/Src/tim.c ****     HAL_GPIO_Init(GPIOB, &GPIO_InitStruct);
 512              		.loc 1 285 5 is_stmt 1 view .LVU156
 285:Core/Src/tim.c ****     HAL_GPIO_Init(GPIOB, &GPIO_InitStruct);
 513              		.loc 1 285 31 is_stmt 0 view .LVU157
 514 0084 0995     		str	r5, [sp, #36]
 286:Core/Src/tim.c **** 
 515              		.loc 1 286 5 is_stmt 1 view .LVU158
 516 0086 05A9     		add	r1, sp, #20
 517 0088 1448     		ldr	r0, .L31+8
 518 008a FFF7FEFF 		bl	HAL_GPIO_Init
 519              	.LVL22:
 520 008e C6E7     		b	.L25
 521              	.LVL23:
 522              	.L30:
 298:Core/Src/tim.c **** 
 523              		.loc 1 298 5 view .LVU159
 524              	.LBB7:
 298:Core/Src/tim.c **** 
 525              		.loc 1 298 5 view .LVU160
 526 0090 0021     		movs	r1, #0
 527 0092 0391     		str	r1, [sp, #12]
 298:Core/Src/tim.c **** 
 528              		.loc 1 298 5 view .LVU161
 529 0094 124B     		ldr	r3, .L31+12
 530 0096 1A6C     		ldr	r2, [r3, #64]
 531 0098 42F00402 		orr	r2, r2, #4
 532 009c 1A64     		str	r2, [r3, #64]
 298:Core/Src/tim.c **** 
 533              		.loc 1 298 5 view .LVU162
 534 009e 1A6C     		ldr	r2, [r3, #64]
 535 00a0 02F00402 		and	r2, r2, #4
 536 00a4 0392     		str	r2, [sp, #12]
 298:Core/Src/tim.c **** 
 537              		.loc 1 298 5 view .LVU163
 538 00a6 039A     		ldr	r2, [sp, #12]
 539              	.LBE7:
 298:Core/Src/tim.c **** 
ARM GAS  C:\Users\SF\AppData\Local\Temp\ccMxcvry.s 			page 17


 540              		.loc 1 298 5 view .LVU164
 300:Core/Src/tim.c ****     /**TIM4 GPIO Configuration
 541              		.loc 1 300 5 view .LVU165
 542              	.LBB8:
 300:Core/Src/tim.c ****     /**TIM4 GPIO Configuration
 543              		.loc 1 300 5 view .LVU166
 544 00a8 0491     		str	r1, [sp, #16]
 300:Core/Src/tim.c ****     /**TIM4 GPIO Configuration
 545              		.loc 1 300 5 view .LVU167
 546 00aa 1A6B     		ldr	r2, [r3, #48]
 547 00ac 42F00802 		orr	r2, r2, #8
 548 00b0 1A63     		str	r2, [r3, #48]
 300:Core/Src/tim.c ****     /**TIM4 GPIO Configuration
 549              		.loc 1 300 5 view .LVU168
 550 00b2 1B6B     		ldr	r3, [r3, #48]
 551 00b4 03F00803 		and	r3, r3, #8
 552 00b8 0493     		str	r3, [sp, #16]
 300:Core/Src/tim.c ****     /**TIM4 GPIO Configuration
 553              		.loc 1 300 5 view .LVU169
 554 00ba 049B     		ldr	r3, [sp, #16]
 555              	.LBE8:
 300:Core/Src/tim.c ****     /**TIM4 GPIO Configuration
 556              		.loc 1 300 5 view .LVU170
 305:Core/Src/tim.c ****     GPIO_InitStruct.Mode = GPIO_MODE_AF_PP;
 557              		.loc 1 305 5 view .LVU171
 305:Core/Src/tim.c ****     GPIO_InitStruct.Mode = GPIO_MODE_AF_PP;
 558              		.loc 1 305 25 is_stmt 0 view .LVU172
 559 00bc 4FF44053 		mov	r3, #12288
 560 00c0 0593     		str	r3, [sp, #20]
 306:Core/Src/tim.c ****     GPIO_InitStruct.Pull = GPIO_NOPULL;
 561              		.loc 1 306 5 is_stmt 1 view .LVU173
 306:Core/Src/tim.c ****     GPIO_InitStruct.Pull = GPIO_NOPULL;
 562              		.loc 1 306 26 is_stmt 0 view .LVU174
 563 00c2 0223     		movs	r3, #2
 564 00c4 0693     		str	r3, [sp, #24]
 307:Core/Src/tim.c ****     GPIO_InitStruct.Speed = GPIO_SPEED_FREQ_LOW;
 565              		.loc 1 307 5 is_stmt 1 view .LVU175
 308:Core/Src/tim.c ****     GPIO_InitStruct.Alternate = GPIO_AF2_TIM4;
 566              		.loc 1 308 5 view .LVU176
 309:Core/Src/tim.c ****     HAL_GPIO_Init(GPIOD, &GPIO_InitStruct);
 567              		.loc 1 309 5 view .LVU177
 309:Core/Src/tim.c ****     HAL_GPIO_Init(GPIOD, &GPIO_InitStruct);
 568              		.loc 1 309 31 is_stmt 0 view .LVU178
 569 00c6 0993     		str	r3, [sp, #36]
 310:Core/Src/tim.c **** 
 570              		.loc 1 310 5 is_stmt 1 view .LVU179
 571 00c8 05A9     		add	r1, sp, #20
 572 00ca 0648     		ldr	r0, .L31+16
 573              	.LVL24:
 310:Core/Src/tim.c **** 
 574              		.loc 1 310 5 is_stmt 0 view .LVU180
 575 00cc FFF7FEFF 		bl	HAL_GPIO_Init
 576              	.LVL25:
 577              		.loc 1 316 1 view .LVU181
 578 00d0 A5E7     		b	.L25
 579              	.L32:
 580 00d2 00BF     		.align	2
ARM GAS  C:\Users\SF\AppData\Local\Temp\ccMxcvry.s 			page 18


 581              	.L31:
 582 00d4 00080040 		.word	1073743872
 583 00d8 00000240 		.word	1073872896
 584 00dc 00040240 		.word	1073873920
 585 00e0 00380240 		.word	1073887232
 586 00e4 000C0240 		.word	1073875968
 587              		.cfi_endproc
 588              	.LFE135:
 590              		.section	.text.HAL_TIM_MspPostInit,"ax",%progbits
 591              		.align	1
 592              		.global	HAL_TIM_MspPostInit
 593              		.syntax unified
 594              		.thumb
 595              		.thumb_func
 597              	HAL_TIM_MspPostInit:
 598              	.LVL26:
 599              	.LFB136:
 317:Core/Src/tim.c **** void HAL_TIM_MspPostInit(TIM_HandleTypeDef* timHandle)
 318:Core/Src/tim.c **** {
 600              		.loc 1 318 1 is_stmt 1 view -0
 601              		.cfi_startproc
 602              		@ args = 0, pretend = 0, frame = 32
 603              		@ frame_needed = 0, uses_anonymous_args = 0
 604              		.loc 1 318 1 is_stmt 0 view .LVU183
 605 0000 00B5     		push	{lr}
 606              	.LCFI16:
 607              		.cfi_def_cfa_offset 4
 608              		.cfi_offset 14, -4
 609 0002 89B0     		sub	sp, sp, #36
 610              	.LCFI17:
 611              		.cfi_def_cfa_offset 40
 319:Core/Src/tim.c **** 
 320:Core/Src/tim.c ****   GPIO_InitTypeDef GPIO_InitStruct = {0};
 612              		.loc 1 320 3 is_stmt 1 view .LVU184
 613              		.loc 1 320 20 is_stmt 0 view .LVU185
 614 0004 0023     		movs	r3, #0
 615 0006 0393     		str	r3, [sp, #12]
 616 0008 0493     		str	r3, [sp, #16]
 617 000a 0593     		str	r3, [sp, #20]
 618 000c 0693     		str	r3, [sp, #24]
 619 000e 0793     		str	r3, [sp, #28]
 321:Core/Src/tim.c ****   if(timHandle->Instance==TIM1)
 620              		.loc 1 321 3 is_stmt 1 view .LVU186
 621              		.loc 1 321 15 is_stmt 0 view .LVU187
 622 0010 0368     		ldr	r3, [r0]
 623              		.loc 1 321 5 view .LVU188
 624 0012 1B4A     		ldr	r2, .L39
 625 0014 9342     		cmp	r3, r2
 626 0016 05D0     		beq	.L37
 322:Core/Src/tim.c ****   {
 323:Core/Src/tim.c ****   /* USER CODE BEGIN TIM1_MspPostInit 0 */
 324:Core/Src/tim.c **** 
 325:Core/Src/tim.c ****   /* USER CODE END TIM1_MspPostInit 0 */
 326:Core/Src/tim.c ****     __HAL_RCC_GPIOE_CLK_ENABLE();
 327:Core/Src/tim.c ****     /**TIM1 GPIO Configuration
 328:Core/Src/tim.c ****     PE9     ------> TIM1_CH1
 329:Core/Src/tim.c ****     */
ARM GAS  C:\Users\SF\AppData\Local\Temp\ccMxcvry.s 			page 19


 330:Core/Src/tim.c ****     GPIO_InitStruct.Pin = GPIO_PIN_9;
 331:Core/Src/tim.c ****     GPIO_InitStruct.Mode = GPIO_MODE_AF_PP;
 332:Core/Src/tim.c ****     GPIO_InitStruct.Pull = GPIO_NOPULL;
 333:Core/Src/tim.c ****     GPIO_InitStruct.Speed = GPIO_SPEED_FREQ_LOW;
 334:Core/Src/tim.c ****     GPIO_InitStruct.Alternate = GPIO_AF1_TIM1;
 335:Core/Src/tim.c ****     HAL_GPIO_Init(GPIOE, &GPIO_InitStruct);
 336:Core/Src/tim.c **** 
 337:Core/Src/tim.c ****   /* USER CODE BEGIN TIM1_MspPostInit 1 */
 338:Core/Src/tim.c **** 
 339:Core/Src/tim.c ****   /* USER CODE END TIM1_MspPostInit 1 */
 340:Core/Src/tim.c ****   }
 341:Core/Src/tim.c ****   else if(timHandle->Instance==TIM3)
 627              		.loc 1 341 8 is_stmt 1 view .LVU189
 628              		.loc 1 341 10 is_stmt 0 view .LVU190
 629 0018 1A4A     		ldr	r2, .L39+4
 630 001a 9342     		cmp	r3, r2
 631 001c 1AD0     		beq	.L38
 632              	.LVL27:
 633              	.L33:
 342:Core/Src/tim.c ****   {
 343:Core/Src/tim.c ****   /* USER CODE BEGIN TIM3_MspPostInit 0 */
 344:Core/Src/tim.c **** 
 345:Core/Src/tim.c ****   /* USER CODE END TIM3_MspPostInit 0 */
 346:Core/Src/tim.c **** 
 347:Core/Src/tim.c ****     __HAL_RCC_GPIOB_CLK_ENABLE();
 348:Core/Src/tim.c ****     /**TIM3 GPIO Configuration
 349:Core/Src/tim.c ****     PB5     ------> TIM3_CH2
 350:Core/Src/tim.c ****     */
 351:Core/Src/tim.c ****     GPIO_InitStruct.Pin = GPIO_PIN_5;
 352:Core/Src/tim.c ****     GPIO_InitStruct.Mode = GPIO_MODE_AF_PP;
 353:Core/Src/tim.c ****     GPIO_InitStruct.Pull = GPIO_NOPULL;
 354:Core/Src/tim.c ****     GPIO_InitStruct.Speed = GPIO_SPEED_FREQ_LOW;
 355:Core/Src/tim.c ****     GPIO_InitStruct.Alternate = GPIO_AF2_TIM3;
 356:Core/Src/tim.c ****     HAL_GPIO_Init(GPIOB, &GPIO_InitStruct);
 357:Core/Src/tim.c **** 
 358:Core/Src/tim.c ****   /* USER CODE BEGIN TIM3_MspPostInit 1 */
 359:Core/Src/tim.c **** 
 360:Core/Src/tim.c ****   /* USER CODE END TIM3_MspPostInit 1 */
 361:Core/Src/tim.c ****   }
 362:Core/Src/tim.c **** 
 363:Core/Src/tim.c **** }
 634              		.loc 1 363 1 view .LVU191
 635 001e 09B0     		add	sp, sp, #36
 636              	.LCFI18:
 637              		.cfi_remember_state
 638              		.cfi_def_cfa_offset 4
 639              		@ sp needed
 640 0020 5DF804FB 		ldr	pc, [sp], #4
 641              	.LVL28:
 642              	.L37:
 643              	.LCFI19:
 644              		.cfi_restore_state
 326:Core/Src/tim.c ****     /**TIM1 GPIO Configuration
 645              		.loc 1 326 5 is_stmt 1 view .LVU192
 646              	.LBB9:
 326:Core/Src/tim.c ****     /**TIM1 GPIO Configuration
 647              		.loc 1 326 5 view .LVU193
ARM GAS  C:\Users\SF\AppData\Local\Temp\ccMxcvry.s 			page 20


 648 0024 0023     		movs	r3, #0
 649 0026 0193     		str	r3, [sp, #4]
 326:Core/Src/tim.c ****     /**TIM1 GPIO Configuration
 650              		.loc 1 326 5 view .LVU194
 651 0028 174B     		ldr	r3, .L39+8
 652 002a 1A6B     		ldr	r2, [r3, #48]
 653 002c 42F01002 		orr	r2, r2, #16
 654 0030 1A63     		str	r2, [r3, #48]
 326:Core/Src/tim.c ****     /**TIM1 GPIO Configuration
 655              		.loc 1 326 5 view .LVU195
 656 0032 1B6B     		ldr	r3, [r3, #48]
 657 0034 03F01003 		and	r3, r3, #16
 658 0038 0193     		str	r3, [sp, #4]
 326:Core/Src/tim.c ****     /**TIM1 GPIO Configuration
 659              		.loc 1 326 5 view .LVU196
 660 003a 019B     		ldr	r3, [sp, #4]
 661              	.LBE9:
 326:Core/Src/tim.c ****     /**TIM1 GPIO Configuration
 662              		.loc 1 326 5 view .LVU197
 330:Core/Src/tim.c ****     GPIO_InitStruct.Mode = GPIO_MODE_AF_PP;
 663              		.loc 1 330 5 view .LVU198
 330:Core/Src/tim.c ****     GPIO_InitStruct.Mode = GPIO_MODE_AF_PP;
 664              		.loc 1 330 25 is_stmt 0 view .LVU199
 665 003c 4FF40073 		mov	r3, #512
 666 0040 0393     		str	r3, [sp, #12]
 331:Core/Src/tim.c ****     GPIO_InitStruct.Pull = GPIO_NOPULL;
 667              		.loc 1 331 5 is_stmt 1 view .LVU200
 331:Core/Src/tim.c ****     GPIO_InitStruct.Pull = GPIO_NOPULL;
 668              		.loc 1 331 26 is_stmt 0 view .LVU201
 669 0042 0223     		movs	r3, #2
 670 0044 0493     		str	r3, [sp, #16]
 332:Core/Src/tim.c ****     GPIO_InitStruct.Speed = GPIO_SPEED_FREQ_LOW;
 671              		.loc 1 332 5 is_stmt 1 view .LVU202
 333:Core/Src/tim.c ****     GPIO_InitStruct.Alternate = GPIO_AF1_TIM1;
 672              		.loc 1 333 5 view .LVU203
 334:Core/Src/tim.c ****     HAL_GPIO_Init(GPIOE, &GPIO_InitStruct);
 673              		.loc 1 334 5 view .LVU204
 334:Core/Src/tim.c ****     HAL_GPIO_Init(GPIOE, &GPIO_InitStruct);
 674              		.loc 1 334 31 is_stmt 0 view .LVU205
 675 0046 0123     		movs	r3, #1
 676 0048 0793     		str	r3, [sp, #28]
 335:Core/Src/tim.c **** 
 677              		.loc 1 335 5 is_stmt 1 view .LVU206
 678 004a 03A9     		add	r1, sp, #12
 679 004c 0F48     		ldr	r0, .L39+12
 680              	.LVL29:
 335:Core/Src/tim.c **** 
 681              		.loc 1 335 5 is_stmt 0 view .LVU207
 682 004e FFF7FEFF 		bl	HAL_GPIO_Init
 683              	.LVL30:
 684 0052 E4E7     		b	.L33
 685              	.LVL31:
 686              	.L38:
 347:Core/Src/tim.c ****     /**TIM3 GPIO Configuration
 687              		.loc 1 347 5 is_stmt 1 view .LVU208
 688              	.LBB10:
 347:Core/Src/tim.c ****     /**TIM3 GPIO Configuration
ARM GAS  C:\Users\SF\AppData\Local\Temp\ccMxcvry.s 			page 21


 689              		.loc 1 347 5 view .LVU209
 690 0054 0023     		movs	r3, #0
 691 0056 0293     		str	r3, [sp, #8]
 347:Core/Src/tim.c ****     /**TIM3 GPIO Configuration
 692              		.loc 1 347 5 view .LVU210
 693 0058 0B4B     		ldr	r3, .L39+8
 694 005a 1A6B     		ldr	r2, [r3, #48]
 695 005c 42F00202 		orr	r2, r2, #2
 696 0060 1A63     		str	r2, [r3, #48]
 347:Core/Src/tim.c ****     /**TIM3 GPIO Configuration
 697              		.loc 1 347 5 view .LVU211
 698 0062 1B6B     		ldr	r3, [r3, #48]
 699 0064 03F00203 		and	r3, r3, #2
 700 0068 0293     		str	r3, [sp, #8]
 347:Core/Src/tim.c ****     /**TIM3 GPIO Configuration
 701              		.loc 1 347 5 view .LVU212
 702 006a 029B     		ldr	r3, [sp, #8]
 703              	.LBE10:
 347:Core/Src/tim.c ****     /**TIM3 GPIO Configuration
 704              		.loc 1 347 5 view .LVU213
 351:Core/Src/tim.c ****     GPIO_InitStruct.Mode = GPIO_MODE_AF_PP;
 705              		.loc 1 351 5 view .LVU214
 351:Core/Src/tim.c ****     GPIO_InitStruct.Mode = GPIO_MODE_AF_PP;
 706              		.loc 1 351 25 is_stmt 0 view .LVU215
 707 006c 2023     		movs	r3, #32
 708 006e 0393     		str	r3, [sp, #12]
 352:Core/Src/tim.c ****     GPIO_InitStruct.Pull = GPIO_NOPULL;
 709              		.loc 1 352 5 is_stmt 1 view .LVU216
 352:Core/Src/tim.c ****     GPIO_InitStruct.Pull = GPIO_NOPULL;
 710              		.loc 1 352 26 is_stmt 0 view .LVU217
 711 0070 0223     		movs	r3, #2
 712 0072 0493     		str	r3, [sp, #16]
 353:Core/Src/tim.c ****     GPIO_InitStruct.Speed = GPIO_SPEED_FREQ_LOW;
 713              		.loc 1 353 5 is_stmt 1 view .LVU218
 354:Core/Src/tim.c ****     GPIO_InitStruct.Alternate = GPIO_AF2_TIM3;
 714              		.loc 1 354 5 view .LVU219
 355:Core/Src/tim.c ****     HAL_GPIO_Init(GPIOB, &GPIO_InitStruct);
 715              		.loc 1 355 5 view .LVU220
 355:Core/Src/tim.c ****     HAL_GPIO_Init(GPIOB, &GPIO_InitStruct);
 716              		.loc 1 355 31 is_stmt 0 view .LVU221
 717 0074 0793     		str	r3, [sp, #28]
 356:Core/Src/tim.c **** 
 718              		.loc 1 356 5 is_stmt 1 view .LVU222
 719 0076 03A9     		add	r1, sp, #12
 720 0078 0548     		ldr	r0, .L39+16
 721              	.LVL32:
 356:Core/Src/tim.c **** 
 722              		.loc 1 356 5 is_stmt 0 view .LVU223
 723 007a FFF7FEFF 		bl	HAL_GPIO_Init
 724              	.LVL33:
 725              		.loc 1 363 1 view .LVU224
 726 007e CEE7     		b	.L33
 727              	.L40:
 728              		.align	2
 729              	.L39:
 730 0080 00000140 		.word	1073807360
 731 0084 00040040 		.word	1073742848
ARM GAS  C:\Users\SF\AppData\Local\Temp\ccMxcvry.s 			page 22


 732 0088 00380240 		.word	1073887232
 733 008c 00100240 		.word	1073876992
 734 0090 00040240 		.word	1073873920
 735              		.cfi_endproc
 736              	.LFE136:
 738              		.section	.text.MX_TIM1_Init,"ax",%progbits
 739              		.align	1
 740              		.global	MX_TIM1_Init
 741              		.syntax unified
 742              		.thumb
 743              		.thumb_func
 745              	MX_TIM1_Init:
 746              	.LFB130:
  34:Core/Src/tim.c **** 
 747              		.loc 1 34 1 is_stmt 1 view -0
 748              		.cfi_startproc
 749              		@ args = 0, pretend = 0, frame = 72
 750              		@ frame_needed = 0, uses_anonymous_args = 0
 751 0000 10B5     		push	{r4, lr}
 752              	.LCFI20:
 753              		.cfi_def_cfa_offset 8
 754              		.cfi_offset 4, -8
 755              		.cfi_offset 14, -4
 756 0002 92B0     		sub	sp, sp, #72
 757              	.LCFI21:
 758              		.cfi_def_cfa_offset 80
  40:Core/Src/tim.c ****   TIM_OC_InitTypeDef sConfigOC = {0};
 759              		.loc 1 40 3 view .LVU226
  40:Core/Src/tim.c ****   TIM_OC_InitTypeDef sConfigOC = {0};
 760              		.loc 1 40 27 is_stmt 0 view .LVU227
 761 0004 0024     		movs	r4, #0
 762 0006 1094     		str	r4, [sp, #64]
 763 0008 1194     		str	r4, [sp, #68]
  41:Core/Src/tim.c ****   TIM_BreakDeadTimeConfigTypeDef sBreakDeadTimeConfig = {0};
 764              		.loc 1 41 3 is_stmt 1 view .LVU228
  41:Core/Src/tim.c ****   TIM_BreakDeadTimeConfigTypeDef sBreakDeadTimeConfig = {0};
 765              		.loc 1 41 22 is_stmt 0 view .LVU229
 766 000a 0994     		str	r4, [sp, #36]
 767 000c 0A94     		str	r4, [sp, #40]
 768 000e 0B94     		str	r4, [sp, #44]
 769 0010 0C94     		str	r4, [sp, #48]
 770 0012 0D94     		str	r4, [sp, #52]
 771 0014 0E94     		str	r4, [sp, #56]
 772 0016 0F94     		str	r4, [sp, #60]
  42:Core/Src/tim.c **** 
 773              		.loc 1 42 3 is_stmt 1 view .LVU230
  42:Core/Src/tim.c **** 
 774              		.loc 1 42 34 is_stmt 0 view .LVU231
 775 0018 2022     		movs	r2, #32
 776 001a 2146     		mov	r1, r4
 777 001c 01A8     		add	r0, sp, #4
 778 001e FFF7FEFF 		bl	memset
 779              	.LVL34:
  47:Core/Src/tim.c ****   htim1.Init.Prescaler = 1; // 8
 780              		.loc 1 47 3 is_stmt 1 view .LVU232
  47:Core/Src/tim.c ****   htim1.Init.Prescaler = 1; // 8
 781              		.loc 1 47 18 is_stmt 0 view .LVU233
ARM GAS  C:\Users\SF\AppData\Local\Temp\ccMxcvry.s 			page 23


 782 0022 2348     		ldr	r0, .L51
 783 0024 234B     		ldr	r3, .L51+4
 784 0026 0360     		str	r3, [r0]
  48:Core/Src/tim.c ****   htim1.Init.CounterMode = TIM_COUNTERMODE_UP;
 785              		.loc 1 48 3 is_stmt 1 view .LVU234
  48:Core/Src/tim.c ****   htim1.Init.CounterMode = TIM_COUNTERMODE_UP;
 786              		.loc 1 48 24 is_stmt 0 view .LVU235
 787 0028 0123     		movs	r3, #1
 788 002a 4360     		str	r3, [r0, #4]
  49:Core/Src/tim.c ****   htim1.Init.Period = 399;
 789              		.loc 1 49 3 is_stmt 1 view .LVU236
  49:Core/Src/tim.c ****   htim1.Init.Period = 399;
 790              		.loc 1 49 26 is_stmt 0 view .LVU237
 791 002c 8460     		str	r4, [r0, #8]
  50:Core/Src/tim.c ****   htim1.Init.ClockDivision = TIM_CLOCKDIVISION_DIV1;
 792              		.loc 1 50 3 is_stmt 1 view .LVU238
  50:Core/Src/tim.c ****   htim1.Init.ClockDivision = TIM_CLOCKDIVISION_DIV1;
 793              		.loc 1 50 21 is_stmt 0 view .LVU239
 794 002e 40F28F13 		movw	r3, #399
 795 0032 C360     		str	r3, [r0, #12]
  51:Core/Src/tim.c ****   htim1.Init.RepetitionCounter = 0;
 796              		.loc 1 51 3 is_stmt 1 view .LVU240
  51:Core/Src/tim.c ****   htim1.Init.RepetitionCounter = 0;
 797              		.loc 1 51 28 is_stmt 0 view .LVU241
 798 0034 0461     		str	r4, [r0, #16]
  52:Core/Src/tim.c ****   htim1.Init.AutoReloadPreload = TIM_AUTORELOAD_PRELOAD_DISABLE;
 799              		.loc 1 52 3 is_stmt 1 view .LVU242
  52:Core/Src/tim.c ****   htim1.Init.AutoReloadPreload = TIM_AUTORELOAD_PRELOAD_DISABLE;
 800              		.loc 1 52 32 is_stmt 0 view .LVU243
 801 0036 4461     		str	r4, [r0, #20]
  53:Core/Src/tim.c ****   if (HAL_TIM_PWM_Init(&htim1) != HAL_OK)
 802              		.loc 1 53 3 is_stmt 1 view .LVU244
  53:Core/Src/tim.c ****   if (HAL_TIM_PWM_Init(&htim1) != HAL_OK)
 803              		.loc 1 53 32 is_stmt 0 view .LVU245
 804 0038 8461     		str	r4, [r0, #24]
  54:Core/Src/tim.c ****   {
 805              		.loc 1 54 3 is_stmt 1 view .LVU246
  54:Core/Src/tim.c ****   {
 806              		.loc 1 54 7 is_stmt 0 view .LVU247
 807 003a FFF7FEFF 		bl	HAL_TIM_PWM_Init
 808              	.LVL35:
  54:Core/Src/tim.c ****   {
 809              		.loc 1 54 6 view .LVU248
 810 003e 0028     		cmp	r0, #0
 811 0040 29D1     		bne	.L47
 812              	.L42:
  58:Core/Src/tim.c ****   sMasterConfig.MasterSlaveMode = TIM_MASTERSLAVEMODE_DISABLE;
 813              		.loc 1 58 3 is_stmt 1 view .LVU249
  58:Core/Src/tim.c ****   sMasterConfig.MasterSlaveMode = TIM_MASTERSLAVEMODE_DISABLE;
 814              		.loc 1 58 37 is_stmt 0 view .LVU250
 815 0042 0023     		movs	r3, #0
 816 0044 1093     		str	r3, [sp, #64]
  59:Core/Src/tim.c ****   if (HAL_TIMEx_MasterConfigSynchronization(&htim1, &sMasterConfig) != HAL_OK)
 817              		.loc 1 59 3 is_stmt 1 view .LVU251
  59:Core/Src/tim.c ****   if (HAL_TIMEx_MasterConfigSynchronization(&htim1, &sMasterConfig) != HAL_OK)
 818              		.loc 1 59 33 is_stmt 0 view .LVU252
 819 0046 1193     		str	r3, [sp, #68]
ARM GAS  C:\Users\SF\AppData\Local\Temp\ccMxcvry.s 			page 24


  60:Core/Src/tim.c ****   {
 820              		.loc 1 60 3 is_stmt 1 view .LVU253
  60:Core/Src/tim.c ****   {
 821              		.loc 1 60 7 is_stmt 0 view .LVU254
 822 0048 10A9     		add	r1, sp, #64
 823 004a 1948     		ldr	r0, .L51
 824 004c FFF7FEFF 		bl	HAL_TIMEx_MasterConfigSynchronization
 825              	.LVL36:
  60:Core/Src/tim.c ****   {
 826              		.loc 1 60 6 view .LVU255
 827 0050 20BB     		cbnz	r0, .L48
 828              	.L43:
  64:Core/Src/tim.c ****   sConfigOC.Pulse = 0;
 829              		.loc 1 64 3 is_stmt 1 view .LVU256
  64:Core/Src/tim.c ****   sConfigOC.Pulse = 0;
 830              		.loc 1 64 20 is_stmt 0 view .LVU257
 831 0052 6023     		movs	r3, #96
 832 0054 0993     		str	r3, [sp, #36]
  65:Core/Src/tim.c ****   sConfigOC.OCPolarity = TIM_OCPOLARITY_HIGH;
 833              		.loc 1 65 3 is_stmt 1 view .LVU258
  65:Core/Src/tim.c ****   sConfigOC.OCPolarity = TIM_OCPOLARITY_HIGH;
 834              		.loc 1 65 19 is_stmt 0 view .LVU259
 835 0056 0022     		movs	r2, #0
 836 0058 0A92     		str	r2, [sp, #40]
  66:Core/Src/tim.c ****   sConfigOC.OCNPolarity = TIM_OCNPOLARITY_HIGH;
 837              		.loc 1 66 3 is_stmt 1 view .LVU260
  66:Core/Src/tim.c ****   sConfigOC.OCNPolarity = TIM_OCNPOLARITY_HIGH;
 838              		.loc 1 66 24 is_stmt 0 view .LVU261
 839 005a 0B92     		str	r2, [sp, #44]
  67:Core/Src/tim.c ****   sConfigOC.OCFastMode = TIM_OCFAST_DISABLE;
 840              		.loc 1 67 3 is_stmt 1 view .LVU262
  67:Core/Src/tim.c ****   sConfigOC.OCFastMode = TIM_OCFAST_DISABLE;
 841              		.loc 1 67 25 is_stmt 0 view .LVU263
 842 005c 0C92     		str	r2, [sp, #48]
  68:Core/Src/tim.c ****   sConfigOC.OCIdleState = TIM_OCIDLESTATE_RESET;
 843              		.loc 1 68 3 is_stmt 1 view .LVU264
  68:Core/Src/tim.c ****   sConfigOC.OCIdleState = TIM_OCIDLESTATE_RESET;
 844              		.loc 1 68 24 is_stmt 0 view .LVU265
 845 005e 0D92     		str	r2, [sp, #52]
  69:Core/Src/tim.c ****   sConfigOC.OCNIdleState = TIM_OCNIDLESTATE_RESET;
 846              		.loc 1 69 3 is_stmt 1 view .LVU266
  69:Core/Src/tim.c ****   sConfigOC.OCNIdleState = TIM_OCNIDLESTATE_RESET;
 847              		.loc 1 69 25 is_stmt 0 view .LVU267
 848 0060 0E92     		str	r2, [sp, #56]
  70:Core/Src/tim.c ****   if (HAL_TIM_PWM_ConfigChannel(&htim1, &sConfigOC, TIM_CHANNEL_1) != HAL_OK)
 849              		.loc 1 70 3 is_stmt 1 view .LVU268
  70:Core/Src/tim.c ****   if (HAL_TIM_PWM_ConfigChannel(&htim1, &sConfigOC, TIM_CHANNEL_1) != HAL_OK)
 850              		.loc 1 70 26 is_stmt 0 view .LVU269
 851 0062 0F92     		str	r2, [sp, #60]
  71:Core/Src/tim.c ****   {
 852              		.loc 1 71 3 is_stmt 1 view .LVU270
  71:Core/Src/tim.c ****   {
 853              		.loc 1 71 7 is_stmt 0 view .LVU271
 854 0064 09A9     		add	r1, sp, #36
 855 0066 1248     		ldr	r0, .L51
 856 0068 FFF7FEFF 		bl	HAL_TIM_PWM_ConfigChannel
 857              	.LVL37:
ARM GAS  C:\Users\SF\AppData\Local\Temp\ccMxcvry.s 			page 25


  71:Core/Src/tim.c ****   {
 858              		.loc 1 71 6 view .LVU272
 859 006c C8B9     		cbnz	r0, .L49
 860              	.L44:
  75:Core/Src/tim.c ****   sBreakDeadTimeConfig.OffStateIDLEMode = TIM_OSSI_DISABLE;
 861              		.loc 1 75 3 is_stmt 1 view .LVU273
  75:Core/Src/tim.c ****   sBreakDeadTimeConfig.OffStateIDLEMode = TIM_OSSI_DISABLE;
 862              		.loc 1 75 40 is_stmt 0 view .LVU274
 863 006e 0023     		movs	r3, #0
 864 0070 0193     		str	r3, [sp, #4]
  76:Core/Src/tim.c ****   sBreakDeadTimeConfig.LockLevel = TIM_LOCKLEVEL_OFF;
 865              		.loc 1 76 3 is_stmt 1 view .LVU275
  76:Core/Src/tim.c ****   sBreakDeadTimeConfig.LockLevel = TIM_LOCKLEVEL_OFF;
 866              		.loc 1 76 41 is_stmt 0 view .LVU276
 867 0072 0293     		str	r3, [sp, #8]
  77:Core/Src/tim.c ****   sBreakDeadTimeConfig.DeadTime = 0;
 868              		.loc 1 77 3 is_stmt 1 view .LVU277
  77:Core/Src/tim.c ****   sBreakDeadTimeConfig.DeadTime = 0;
 869              		.loc 1 77 34 is_stmt 0 view .LVU278
 870 0074 0393     		str	r3, [sp, #12]
  78:Core/Src/tim.c ****   sBreakDeadTimeConfig.BreakState = TIM_BREAK_DISABLE;
 871              		.loc 1 78 3 is_stmt 1 view .LVU279
  78:Core/Src/tim.c ****   sBreakDeadTimeConfig.BreakState = TIM_BREAK_DISABLE;
 872              		.loc 1 78 33 is_stmt 0 view .LVU280
 873 0076 0493     		str	r3, [sp, #16]
  79:Core/Src/tim.c ****   sBreakDeadTimeConfig.BreakPolarity = TIM_BREAKPOLARITY_HIGH;
 874              		.loc 1 79 3 is_stmt 1 view .LVU281
  79:Core/Src/tim.c ****   sBreakDeadTimeConfig.BreakPolarity = TIM_BREAKPOLARITY_HIGH;
 875              		.loc 1 79 35 is_stmt 0 view .LVU282
 876 0078 0593     		str	r3, [sp, #20]
  80:Core/Src/tim.c ****   sBreakDeadTimeConfig.AutomaticOutput = TIM_AUTOMATICOUTPUT_DISABLE;
 877              		.loc 1 80 3 is_stmt 1 view .LVU283
  80:Core/Src/tim.c ****   sBreakDeadTimeConfig.AutomaticOutput = TIM_AUTOMATICOUTPUT_DISABLE;
 878              		.loc 1 80 38 is_stmt 0 view .LVU284
 879 007a 4FF40052 		mov	r2, #8192
 880 007e 0692     		str	r2, [sp, #24]
  81:Core/Src/tim.c ****   if (HAL_TIMEx_ConfigBreakDeadTime(&htim1, &sBreakDeadTimeConfig) != HAL_OK)
 881              		.loc 1 81 3 is_stmt 1 view .LVU285
  81:Core/Src/tim.c ****   if (HAL_TIMEx_ConfigBreakDeadTime(&htim1, &sBreakDeadTimeConfig) != HAL_OK)
 882              		.loc 1 81 40 is_stmt 0 view .LVU286
 883 0080 0893     		str	r3, [sp, #32]
  82:Core/Src/tim.c ****   {
 884              		.loc 1 82 3 is_stmt 1 view .LVU287
  82:Core/Src/tim.c ****   {
 885              		.loc 1 82 7 is_stmt 0 view .LVU288
 886 0082 01A9     		add	r1, sp, #4
 887 0084 0A48     		ldr	r0, .L51
 888 0086 FFF7FEFF 		bl	HAL_TIMEx_ConfigBreakDeadTime
 889              	.LVL38:
  82:Core/Src/tim.c ****   {
 890              		.loc 1 82 6 view .LVU289
 891 008a 68B9     		cbnz	r0, .L50
 892              	.L45:
  89:Core/Src/tim.c **** 
 893              		.loc 1 89 3 is_stmt 1 view .LVU290
 894 008c 0848     		ldr	r0, .L51
 895 008e FFF7FEFF 		bl	HAL_TIM_MspPostInit
ARM GAS  C:\Users\SF\AppData\Local\Temp\ccMxcvry.s 			page 26


 896              	.LVL39:
  91:Core/Src/tim.c **** /* TIM2 init function */
 897              		.loc 1 91 1 is_stmt 0 view .LVU291
 898 0092 12B0     		add	sp, sp, #72
 899              	.LCFI22:
 900              		.cfi_remember_state
 901              		.cfi_def_cfa_offset 8
 902              		@ sp needed
 903 0094 10BD     		pop	{r4, pc}
 904              	.L47:
 905              	.LCFI23:
 906              		.cfi_restore_state
  56:Core/Src/tim.c ****   }
 907              		.loc 1 56 5 is_stmt 1 view .LVU292
 908 0096 FFF7FEFF 		bl	Error_Handler
 909              	.LVL40:
 910 009a D2E7     		b	.L42
 911              	.L48:
  62:Core/Src/tim.c ****   }
 912              		.loc 1 62 5 view .LVU293
 913 009c FFF7FEFF 		bl	Error_Handler
 914              	.LVL41:
 915 00a0 D7E7     		b	.L43
 916              	.L49:
  73:Core/Src/tim.c ****   }
 917              		.loc 1 73 5 view .LVU294
 918 00a2 FFF7FEFF 		bl	Error_Handler
 919              	.LVL42:
 920 00a6 E2E7     		b	.L44
 921              	.L50:
  84:Core/Src/tim.c ****   }
 922              		.loc 1 84 5 view .LVU295
 923 00a8 FFF7FEFF 		bl	Error_Handler
 924              	.LVL43:
 925 00ac EEE7     		b	.L45
 926              	.L52:
 927 00ae 00BF     		.align	2
 928              	.L51:
 929 00b0 00000000 		.word	.LANCHOR2
 930 00b4 00000140 		.word	1073807360
 931              		.cfi_endproc
 932              	.LFE130:
 934              		.section	.text.MX_TIM3_Init,"ax",%progbits
 935              		.align	1
 936              		.global	MX_TIM3_Init
 937              		.syntax unified
 938              		.thumb
 939              		.thumb_func
 941              	MX_TIM3_Init:
 942              	.LFB132:
 138:Core/Src/tim.c **** 
 943              		.loc 1 138 1 view -0
 944              		.cfi_startproc
 945              		@ args = 0, pretend = 0, frame = 40
 946              		@ frame_needed = 0, uses_anonymous_args = 0
 947 0000 00B5     		push	{lr}
 948              	.LCFI24:
ARM GAS  C:\Users\SF\AppData\Local\Temp\ccMxcvry.s 			page 27


 949              		.cfi_def_cfa_offset 4
 950              		.cfi_offset 14, -4
 951 0002 8BB0     		sub	sp, sp, #44
 952              	.LCFI25:
 953              		.cfi_def_cfa_offset 48
 144:Core/Src/tim.c ****   TIM_OC_InitTypeDef sConfigOC = {0};
 954              		.loc 1 144 3 view .LVU297
 144:Core/Src/tim.c ****   TIM_OC_InitTypeDef sConfigOC = {0};
 955              		.loc 1 144 27 is_stmt 0 view .LVU298
 956 0004 0023     		movs	r3, #0
 957 0006 0893     		str	r3, [sp, #32]
 958 0008 0993     		str	r3, [sp, #36]
 145:Core/Src/tim.c **** 
 959              		.loc 1 145 3 is_stmt 1 view .LVU299
 145:Core/Src/tim.c **** 
 960              		.loc 1 145 22 is_stmt 0 view .LVU300
 961 000a 0193     		str	r3, [sp, #4]
 962 000c 0293     		str	r3, [sp, #8]
 963 000e 0393     		str	r3, [sp, #12]
 964 0010 0493     		str	r3, [sp, #16]
 965 0012 0593     		str	r3, [sp, #20]
 966 0014 0693     		str	r3, [sp, #24]
 967 0016 0793     		str	r3, [sp, #28]
 150:Core/Src/tim.c ****   htim3.Init.Prescaler = 2; // 4
 968              		.loc 1 150 3 is_stmt 1 view .LVU301
 150:Core/Src/tim.c ****   htim3.Init.Prescaler = 2; // 4
 969              		.loc 1 150 18 is_stmt 0 view .LVU302
 970 0018 1848     		ldr	r0, .L61
 971 001a 194A     		ldr	r2, .L61+4
 972 001c 0260     		str	r2, [r0]
 151:Core/Src/tim.c ****   htim3.Init.CounterMode = TIM_COUNTERMODE_UP;
 973              		.loc 1 151 3 is_stmt 1 view .LVU303
 151:Core/Src/tim.c ****   htim3.Init.CounterMode = TIM_COUNTERMODE_UP;
 974              		.loc 1 151 24 is_stmt 0 view .LVU304
 975 001e 0222     		movs	r2, #2
 976 0020 4260     		str	r2, [r0, #4]
 152:Core/Src/tim.c ****   htim3.Init.Period = 399;
 977              		.loc 1 152 3 is_stmt 1 view .LVU305
 152:Core/Src/tim.c ****   htim3.Init.Period = 399;
 978              		.loc 1 152 26 is_stmt 0 view .LVU306
 979 0022 8360     		str	r3, [r0, #8]
 153:Core/Src/tim.c ****   htim3.Init.ClockDivision = TIM_CLOCKDIVISION_DIV1;
 980              		.loc 1 153 3 is_stmt 1 view .LVU307
 153:Core/Src/tim.c ****   htim3.Init.ClockDivision = TIM_CLOCKDIVISION_DIV1;
 981              		.loc 1 153 21 is_stmt 0 view .LVU308
 982 0024 40F28F12 		movw	r2, #399
 983 0028 C260     		str	r2, [r0, #12]
 154:Core/Src/tim.c ****   htim3.Init.AutoReloadPreload = TIM_AUTORELOAD_PRELOAD_DISABLE;
 984              		.loc 1 154 3 is_stmt 1 view .LVU309
 154:Core/Src/tim.c ****   htim3.Init.AutoReloadPreload = TIM_AUTORELOAD_PRELOAD_DISABLE;
 985              		.loc 1 154 28 is_stmt 0 view .LVU310
 986 002a 0361     		str	r3, [r0, #16]
 155:Core/Src/tim.c ****   if (HAL_TIM_PWM_Init(&htim3) != HAL_OK)
 987              		.loc 1 155 3 is_stmt 1 view .LVU311
 155:Core/Src/tim.c ****   if (HAL_TIM_PWM_Init(&htim3) != HAL_OK)
 988              		.loc 1 155 32 is_stmt 0 view .LVU312
 989 002c 8361     		str	r3, [r0, #24]
ARM GAS  C:\Users\SF\AppData\Local\Temp\ccMxcvry.s 			page 28


 156:Core/Src/tim.c ****   {
 990              		.loc 1 156 3 is_stmt 1 view .LVU313
 156:Core/Src/tim.c ****   {
 991              		.loc 1 156 7 is_stmt 0 view .LVU314
 992 002e FFF7FEFF 		bl	HAL_TIM_PWM_Init
 993              	.LVL44:
 156:Core/Src/tim.c ****   {
 994              		.loc 1 156 6 view .LVU315
 995 0032 D0B9     		cbnz	r0, .L58
 996              	.L54:
 160:Core/Src/tim.c ****   sMasterConfig.MasterSlaveMode = TIM_MASTERSLAVEMODE_DISABLE;
 997              		.loc 1 160 3 is_stmt 1 view .LVU316
 160:Core/Src/tim.c ****   sMasterConfig.MasterSlaveMode = TIM_MASTERSLAVEMODE_DISABLE;
 998              		.loc 1 160 37 is_stmt 0 view .LVU317
 999 0034 0023     		movs	r3, #0
 1000 0036 0893     		str	r3, [sp, #32]
 161:Core/Src/tim.c ****   if (HAL_TIMEx_MasterConfigSynchronization(&htim3, &sMasterConfig) != HAL_OK)
 1001              		.loc 1 161 3 is_stmt 1 view .LVU318
 161:Core/Src/tim.c ****   if (HAL_TIMEx_MasterConfigSynchronization(&htim3, &sMasterConfig) != HAL_OK)
 1002              		.loc 1 161 33 is_stmt 0 view .LVU319
 1003 0038 0993     		str	r3, [sp, #36]
 162:Core/Src/tim.c ****   {
 1004              		.loc 1 162 3 is_stmt 1 view .LVU320
 162:Core/Src/tim.c ****   {
 1005              		.loc 1 162 7 is_stmt 0 view .LVU321
 1006 003a 08A9     		add	r1, sp, #32
 1007 003c 0F48     		ldr	r0, .L61
 1008 003e FFF7FEFF 		bl	HAL_TIMEx_MasterConfigSynchronization
 1009              	.LVL45:
 162:Core/Src/tim.c ****   {
 1010              		.loc 1 162 6 view .LVU322
 1011 0042 A8B9     		cbnz	r0, .L59
 1012              	.L55:
 166:Core/Src/tim.c ****   sConfigOC.Pulse = 0;
 1013              		.loc 1 166 3 is_stmt 1 view .LVU323
 166:Core/Src/tim.c ****   sConfigOC.Pulse = 0;
 1014              		.loc 1 166 20 is_stmt 0 view .LVU324
 1015 0044 6023     		movs	r3, #96
 1016 0046 0193     		str	r3, [sp, #4]
 167:Core/Src/tim.c ****   sConfigOC.OCPolarity = TIM_OCPOLARITY_HIGH;
 1017              		.loc 1 167 3 is_stmt 1 view .LVU325
 167:Core/Src/tim.c ****   sConfigOC.OCPolarity = TIM_OCPOLARITY_HIGH;
 1018              		.loc 1 167 19 is_stmt 0 view .LVU326
 1019 0048 0023     		movs	r3, #0
 1020 004a 0293     		str	r3, [sp, #8]
 168:Core/Src/tim.c ****   sConfigOC.OCFastMode = TIM_OCFAST_DISABLE;
 1021              		.loc 1 168 3 is_stmt 1 view .LVU327
 168:Core/Src/tim.c ****   sConfigOC.OCFastMode = TIM_OCFAST_DISABLE;
 1022              		.loc 1 168 24 is_stmt 0 view .LVU328
 1023 004c 0393     		str	r3, [sp, #12]
 169:Core/Src/tim.c ****   if (HAL_TIM_PWM_ConfigChannel(&htim3, &sConfigOC, TIM_CHANNEL_2) != HAL_OK)
 1024              		.loc 1 169 3 is_stmt 1 view .LVU329
 169:Core/Src/tim.c ****   if (HAL_TIM_PWM_ConfigChannel(&htim3, &sConfigOC, TIM_CHANNEL_2) != HAL_OK)
 1025              		.loc 1 169 24 is_stmt 0 view .LVU330
 1026 004e 0593     		str	r3, [sp, #20]
 170:Core/Src/tim.c ****   {
 1027              		.loc 1 170 3 is_stmt 1 view .LVU331
ARM GAS  C:\Users\SF\AppData\Local\Temp\ccMxcvry.s 			page 29


 170:Core/Src/tim.c ****   {
 1028              		.loc 1 170 7 is_stmt 0 view .LVU332
 1029 0050 0422     		movs	r2, #4
 1030 0052 0DEB0201 		add	r1, sp, r2
 1031 0056 0948     		ldr	r0, .L61
 1032 0058 FFF7FEFF 		bl	HAL_TIM_PWM_ConfigChannel
 1033              	.LVL46:
 170:Core/Src/tim.c ****   {
 1034              		.loc 1 170 6 view .LVU333
 1035 005c 58B9     		cbnz	r0, .L60
 1036              	.L56:
 177:Core/Src/tim.c **** 
 1037              		.loc 1 177 3 is_stmt 1 view .LVU334
 1038 005e 0748     		ldr	r0, .L61
 1039 0060 FFF7FEFF 		bl	HAL_TIM_MspPostInit
 1040              	.LVL47:
 179:Core/Src/tim.c **** /* TIM4 init function */
 1041              		.loc 1 179 1 is_stmt 0 view .LVU335
 1042 0064 0BB0     		add	sp, sp, #44
 1043              	.LCFI26:
 1044              		.cfi_remember_state
 1045              		.cfi_def_cfa_offset 4
 1046              		@ sp needed
 1047 0066 5DF804FB 		ldr	pc, [sp], #4
 1048              	.L58:
 1049              	.LCFI27:
 1050              		.cfi_restore_state
 158:Core/Src/tim.c ****   }
 1051              		.loc 1 158 5 is_stmt 1 view .LVU336
 1052 006a FFF7FEFF 		bl	Error_Handler
 1053              	.LVL48:
 1054 006e E1E7     		b	.L54
 1055              	.L59:
 164:Core/Src/tim.c ****   }
 1056              		.loc 1 164 5 view .LVU337
 1057 0070 FFF7FEFF 		bl	Error_Handler
 1058              	.LVL49:
 1059 0074 E6E7     		b	.L55
 1060              	.L60:
 172:Core/Src/tim.c ****   }
 1061              		.loc 1 172 5 view .LVU338
 1062 0076 FFF7FEFF 		bl	Error_Handler
 1063              	.LVL50:
 1064 007a F0E7     		b	.L56
 1065              	.L62:
 1066              		.align	2
 1067              	.L61:
 1068 007c 00000000 		.word	.LANCHOR3
 1069 0080 00040040 		.word	1073742848
 1070              		.cfi_endproc
 1071              	.LFE132:
 1073              		.section	.text.HAL_TIM_PWM_MspDeInit,"ax",%progbits
 1074              		.align	1
 1075              		.global	HAL_TIM_PWM_MspDeInit
 1076              		.syntax unified
 1077              		.thumb
 1078              		.thumb_func
ARM GAS  C:\Users\SF\AppData\Local\Temp\ccMxcvry.s 			page 30


 1080              	HAL_TIM_PWM_MspDeInit:
 1081              	.LVL51:
 1082              	.LFB137:
 364:Core/Src/tim.c **** 
 365:Core/Src/tim.c **** void HAL_TIM_PWM_MspDeInit(TIM_HandleTypeDef* tim_pwmHandle)
 366:Core/Src/tim.c **** {
 1083              		.loc 1 366 1 view -0
 1084              		.cfi_startproc
 1085              		@ args = 0, pretend = 0, frame = 0
 1086              		@ frame_needed = 0, uses_anonymous_args = 0
 1087              		.loc 1 366 1 is_stmt 0 view .LVU340
 1088 0000 08B5     		push	{r3, lr}
 1089              	.LCFI28:
 1090              		.cfi_def_cfa_offset 8
 1091              		.cfi_offset 3, -8
 1092              		.cfi_offset 14, -4
 367:Core/Src/tim.c **** 
 368:Core/Src/tim.c ****   if(tim_pwmHandle->Instance==TIM1)
 1093              		.loc 1 368 3 is_stmt 1 view .LVU341
 1094              		.loc 1 368 19 is_stmt 0 view .LVU342
 1095 0002 0368     		ldr	r3, [r0]
 1096              		.loc 1 368 5 view .LVU343
 1097 0004 0B4A     		ldr	r2, .L69
 1098 0006 9342     		cmp	r3, r2
 1099 0008 03D0     		beq	.L67
 369:Core/Src/tim.c ****   {
 370:Core/Src/tim.c ****   /* USER CODE BEGIN TIM1_MspDeInit 0 */
 371:Core/Src/tim.c **** 
 372:Core/Src/tim.c ****   /* USER CODE END TIM1_MspDeInit 0 */
 373:Core/Src/tim.c ****     /* Peripheral clock disable */
 374:Core/Src/tim.c ****     __HAL_RCC_TIM1_CLK_DISABLE();
 375:Core/Src/tim.c **** 
 376:Core/Src/tim.c ****     /* TIM1 interrupt Deinit */
 377:Core/Src/tim.c ****     HAL_NVIC_DisableIRQ(TIM1_BRK_TIM9_IRQn);
 378:Core/Src/tim.c ****   /* USER CODE BEGIN TIM1_MspDeInit 1 */
 379:Core/Src/tim.c **** 
 380:Core/Src/tim.c ****   /* USER CODE END TIM1_MspDeInit 1 */
 381:Core/Src/tim.c ****   }
 382:Core/Src/tim.c ****   else if(tim_pwmHandle->Instance==TIM3)
 1100              		.loc 1 382 8 is_stmt 1 view .LVU344
 1101              		.loc 1 382 10 is_stmt 0 view .LVU345
 1102 000a 0B4A     		ldr	r2, .L69+4
 1103 000c 9342     		cmp	r3, r2
 1104 000e 0AD0     		beq	.L68
 1105              	.LVL52:
 1106              	.L63:
 383:Core/Src/tim.c ****   {
 384:Core/Src/tim.c ****   /* USER CODE BEGIN TIM3_MspDeInit 0 */
 385:Core/Src/tim.c **** 
 386:Core/Src/tim.c ****   /* USER CODE END TIM3_MspDeInit 0 */
 387:Core/Src/tim.c ****     /* Peripheral clock disable */
 388:Core/Src/tim.c ****     __HAL_RCC_TIM3_CLK_DISABLE();
 389:Core/Src/tim.c ****   /* USER CODE BEGIN TIM3_MspDeInit 1 */
 390:Core/Src/tim.c **** 
 391:Core/Src/tim.c ****   /* USER CODE END TIM3_MspDeInit 1 */
 392:Core/Src/tim.c ****   }
 393:Core/Src/tim.c **** }
ARM GAS  C:\Users\SF\AppData\Local\Temp\ccMxcvry.s 			page 31


 1107              		.loc 1 393 1 view .LVU346
 1108 0010 08BD     		pop	{r3, pc}
 1109              	.LVL53:
 1110              	.L67:
 374:Core/Src/tim.c **** 
 1111              		.loc 1 374 5 is_stmt 1 view .LVU347
 1112 0012 02F59C32 		add	r2, r2, #79872
 1113 0016 536C     		ldr	r3, [r2, #68]
 1114 0018 23F00103 		bic	r3, r3, #1
 1115 001c 5364     		str	r3, [r2, #68]
 377:Core/Src/tim.c ****   /* USER CODE BEGIN TIM1_MspDeInit 1 */
 1116              		.loc 1 377 5 view .LVU348
 1117 001e 1820     		movs	r0, #24
 1118              	.LVL54:
 377:Core/Src/tim.c ****   /* USER CODE BEGIN TIM1_MspDeInit 1 */
 1119              		.loc 1 377 5 is_stmt 0 view .LVU349
 1120 0020 FFF7FEFF 		bl	HAL_NVIC_DisableIRQ
 1121              	.LVL55:
 1122 0024 F4E7     		b	.L63
 1123              	.LVL56:
 1124              	.L68:
 388:Core/Src/tim.c ****   /* USER CODE BEGIN TIM3_MspDeInit 1 */
 1125              		.loc 1 388 5 is_stmt 1 view .LVU350
 1126 0026 02F50D32 		add	r2, r2, #144384
 1127 002a 136C     		ldr	r3, [r2, #64]
 1128 002c 23F00203 		bic	r3, r3, #2
 1129 0030 1364     		str	r3, [r2, #64]
 1130              		.loc 1 393 1 is_stmt 0 view .LVU351
 1131 0032 EDE7     		b	.L63
 1132              	.L70:
 1133              		.align	2
 1134              	.L69:
 1135 0034 00000140 		.word	1073807360
 1136 0038 00040040 		.word	1073742848
 1137              		.cfi_endproc
 1138              	.LFE137:
 1140              		.section	.text.HAL_TIM_Encoder_MspDeInit,"ax",%progbits
 1141              		.align	1
 1142              		.global	HAL_TIM_Encoder_MspDeInit
 1143              		.syntax unified
 1144              		.thumb
 1145              		.thumb_func
 1147              	HAL_TIM_Encoder_MspDeInit:
 1148              	.LVL57:
 1149              	.LFB138:
 394:Core/Src/tim.c **** 
 395:Core/Src/tim.c **** void HAL_TIM_Encoder_MspDeInit(TIM_HandleTypeDef* tim_encoderHandle)
 396:Core/Src/tim.c **** {
 1150              		.loc 1 396 1 is_stmt 1 view -0
 1151              		.cfi_startproc
 1152              		@ args = 0, pretend = 0, frame = 0
 1153              		@ frame_needed = 0, uses_anonymous_args = 0
 1154              		.loc 1 396 1 is_stmt 0 view .LVU353
 1155 0000 08B5     		push	{r3, lr}
 1156              	.LCFI29:
 1157              		.cfi_def_cfa_offset 8
 1158              		.cfi_offset 3, -8
ARM GAS  C:\Users\SF\AppData\Local\Temp\ccMxcvry.s 			page 32


 1159              		.cfi_offset 14, -4
 397:Core/Src/tim.c **** 
 398:Core/Src/tim.c ****   if(tim_encoderHandle->Instance==TIM2)
 1160              		.loc 1 398 3 is_stmt 1 view .LVU354
 1161              		.loc 1 398 23 is_stmt 0 view .LVU355
 1162 0002 0368     		ldr	r3, [r0]
 1163              		.loc 1 398 5 view .LVU356
 1164 0004 B3F1804F 		cmp	r3, #1073741824
 1165 0008 03D0     		beq	.L75
 399:Core/Src/tim.c ****   {
 400:Core/Src/tim.c ****   /* USER CODE BEGIN TIM2_MspDeInit 0 */
 401:Core/Src/tim.c **** 
 402:Core/Src/tim.c ****   /* USER CODE END TIM2_MspDeInit 0 */
 403:Core/Src/tim.c ****     /* Peripheral clock disable */
 404:Core/Src/tim.c ****     __HAL_RCC_TIM2_CLK_DISABLE();
 405:Core/Src/tim.c **** 
 406:Core/Src/tim.c ****     /**TIM2 GPIO Configuration
 407:Core/Src/tim.c ****     PA15     ------> TIM2_CH1
 408:Core/Src/tim.c ****     PB3     ------> TIM2_CH2
 409:Core/Src/tim.c ****     */
 410:Core/Src/tim.c ****     HAL_GPIO_DeInit(GPIOA, GPIO_PIN_15);
 411:Core/Src/tim.c **** 
 412:Core/Src/tim.c ****     HAL_GPIO_DeInit(GPIOB, GPIO_PIN_3);
 413:Core/Src/tim.c **** 
 414:Core/Src/tim.c ****   /* USER CODE BEGIN TIM2_MspDeInit 1 */
 415:Core/Src/tim.c **** 
 416:Core/Src/tim.c ****   /* USER CODE END TIM2_MspDeInit 1 */
 417:Core/Src/tim.c ****   }
 418:Core/Src/tim.c ****   else if(tim_encoderHandle->Instance==TIM4)
 1166              		.loc 1 418 8 is_stmt 1 view .LVU357
 1167              		.loc 1 418 10 is_stmt 0 view .LVU358
 1168 000a 0F4A     		ldr	r2, .L77
 1169 000c 9342     		cmp	r3, r2
 1170 000e 0FD0     		beq	.L76
 1171              	.LVL58:
 1172              	.L71:
 419:Core/Src/tim.c ****   {
 420:Core/Src/tim.c ****   /* USER CODE BEGIN TIM4_MspDeInit 0 */
 421:Core/Src/tim.c **** 
 422:Core/Src/tim.c ****   /* USER CODE END TIM4_MspDeInit 0 */
 423:Core/Src/tim.c ****     /* Peripheral clock disable */
 424:Core/Src/tim.c ****     __HAL_RCC_TIM4_CLK_DISABLE();
 425:Core/Src/tim.c **** 
 426:Core/Src/tim.c ****     /**TIM4 GPIO Configuration
 427:Core/Src/tim.c ****     PD12     ------> TIM4_CH1
 428:Core/Src/tim.c ****     PD13     ------> TIM4_CH2
 429:Core/Src/tim.c ****     */
 430:Core/Src/tim.c ****     HAL_GPIO_DeInit(GPIOD, GPIO_PIN_12|GPIO_PIN_13);
 431:Core/Src/tim.c **** 
 432:Core/Src/tim.c ****   /* USER CODE BEGIN TIM4_MspDeInit 1 */
 433:Core/Src/tim.c **** 
 434:Core/Src/tim.c ****   /* USER CODE END TIM4_MspDeInit 1 */
 435:Core/Src/tim.c ****   }
 436:Core/Src/tim.c **** }
 1173              		.loc 1 436 1 view .LVU359
 1174 0010 08BD     		pop	{r3, pc}
 1175              	.LVL59:
ARM GAS  C:\Users\SF\AppData\Local\Temp\ccMxcvry.s 			page 33


 1176              	.L75:
 404:Core/Src/tim.c **** 
 1177              		.loc 1 404 5 is_stmt 1 view .LVU360
 1178 0012 0E4A     		ldr	r2, .L77+4
 1179 0014 136C     		ldr	r3, [r2, #64]
 1180 0016 23F00103 		bic	r3, r3, #1
 1181 001a 1364     		str	r3, [r2, #64]
 410:Core/Src/tim.c **** 
 1182              		.loc 1 410 5 view .LVU361
 1183 001c 4FF40041 		mov	r1, #32768
 1184 0020 0B48     		ldr	r0, .L77+8
 1185              	.LVL60:
 410:Core/Src/tim.c **** 
 1186              		.loc 1 410 5 is_stmt 0 view .LVU362
 1187 0022 FFF7FEFF 		bl	HAL_GPIO_DeInit
 1188              	.LVL61:
 412:Core/Src/tim.c **** 
 1189              		.loc 1 412 5 is_stmt 1 view .LVU363
 1190 0026 0821     		movs	r1, #8
 1191 0028 0A48     		ldr	r0, .L77+12
 1192 002a FFF7FEFF 		bl	HAL_GPIO_DeInit
 1193              	.LVL62:
 1194 002e EFE7     		b	.L71
 1195              	.LVL63:
 1196              	.L76:
 424:Core/Src/tim.c **** 
 1197              		.loc 1 424 5 view .LVU364
 1198 0030 02F50C32 		add	r2, r2, #143360
 1199 0034 136C     		ldr	r3, [r2, #64]
 1200 0036 23F00403 		bic	r3, r3, #4
 1201 003a 1364     		str	r3, [r2, #64]
 430:Core/Src/tim.c **** 
 1202              		.loc 1 430 5 view .LVU365
 1203 003c 4FF44051 		mov	r1, #12288
 1204 0040 0548     		ldr	r0, .L77+16
 1205              	.LVL64:
 430:Core/Src/tim.c **** 
 1206              		.loc 1 430 5 is_stmt 0 view .LVU366
 1207 0042 FFF7FEFF 		bl	HAL_GPIO_DeInit
 1208              	.LVL65:
 1209              		.loc 1 436 1 view .LVU367
 1210 0046 E3E7     		b	.L71
 1211              	.L78:
 1212              		.align	2
 1213              	.L77:
 1214 0048 00080040 		.word	1073743872
 1215 004c 00380240 		.word	1073887232
 1216 0050 00000240 		.word	1073872896
 1217 0054 00040240 		.word	1073873920
 1218 0058 000C0240 		.word	1073875968
 1219              		.cfi_endproc
 1220              	.LFE138:
 1222              		.global	htim4
 1223              		.global	htim3
 1224              		.global	htim2
 1225              		.global	htim1
 1226              		.section	.bss.htim1,"aw",%nobits
ARM GAS  C:\Users\SF\AppData\Local\Temp\ccMxcvry.s 			page 34


 1227              		.align	2
 1228              		.set	.LANCHOR2,. + 0
 1231              	htim1:
 1232 0000 00000000 		.space	72
 1232      00000000 
 1232      00000000 
 1232      00000000 
 1232      00000000 
 1233              		.section	.bss.htim2,"aw",%nobits
 1234              		.align	2
 1235              		.set	.LANCHOR0,. + 0
 1238              	htim2:
 1239 0000 00000000 		.space	72
 1239      00000000 
 1239      00000000 
 1239      00000000 
 1239      00000000 
 1240              		.section	.bss.htim3,"aw",%nobits
 1241              		.align	2
 1242              		.set	.LANCHOR3,. + 0
 1245              	htim3:
 1246 0000 00000000 		.space	72
 1246      00000000 
 1246      00000000 
 1246      00000000 
 1246      00000000 
 1247              		.section	.bss.htim4,"aw",%nobits
 1248              		.align	2
 1249              		.set	.LANCHOR1,. + 0
 1252              	htim4:
 1253 0000 00000000 		.space	72
 1253      00000000 
 1253      00000000 
 1253      00000000 
 1253      00000000 
 1254              		.text
 1255              	.Letext0:
 1256              		.file 2 "Drivers/CMSIS/Device/ST/STM32F4xx/Include/stm32f411xe.h"
 1257              		.file 3 "d:\\stm32cubeide_1.10.1\\stm32cubeide\\plugins\\com.st.stm32cube.ide.mcu.externaltools.gn
 1258              		.file 4 "d:\\stm32cubeide_1.10.1\\stm32cubeide\\plugins\\com.st.stm32cube.ide.mcu.externaltools.gn
 1259              		.file 5 "Drivers/STM32F4xx_HAL_Driver/Inc/stm32f4xx_hal_def.h"
 1260              		.file 6 "Drivers/STM32F4xx_HAL_Driver/Inc/stm32f4xx_hal_gpio.h"
 1261              		.file 7 "Drivers/STM32F4xx_HAL_Driver/Inc/stm32f4xx_hal_dma.h"
 1262              		.file 8 "Drivers/STM32F4xx_HAL_Driver/Inc/stm32f4xx_hal_tim.h"
 1263              		.file 9 "Core/Inc/tim.h"
 1264              		.file 10 "Drivers/STM32F4xx_HAL_Driver/Inc/stm32f4xx_hal_cortex.h"
 1265              		.file 11 "Drivers/STM32F4xx_HAL_Driver/Inc/stm32f4xx_hal_tim_ex.h"
 1266              		.file 12 "Core/Inc/main.h"
 1267              		.file 13 "<built-in>"
ARM GAS  C:\Users\SF\AppData\Local\Temp\ccMxcvry.s 			page 35


DEFINED SYMBOLS
                            *ABS*:0000000000000000 tim.c
C:\Users\SF\AppData\Local\Temp\ccMxcvry.s:20     .text.MX_TIM2_Init:0000000000000000 $t
C:\Users\SF\AppData\Local\Temp\ccMxcvry.s:26     .text.MX_TIM2_Init:0000000000000000 MX_TIM2_Init
C:\Users\SF\AppData\Local\Temp\ccMxcvry.s:137    .text.MX_TIM2_Init:0000000000000060 $d
C:\Users\SF\AppData\Local\Temp\ccMxcvry.s:142    .text.MX_TIM4_Init:0000000000000000 $t
C:\Users\SF\AppData\Local\Temp\ccMxcvry.s:148    .text.MX_TIM4_Init:0000000000000000 MX_TIM4_Init
C:\Users\SF\AppData\Local\Temp\ccMxcvry.s:258    .text.MX_TIM4_Init:000000000000005c $d
C:\Users\SF\AppData\Local\Temp\ccMxcvry.s:264    .text.HAL_TIM_PWM_MspInit:0000000000000000 $t
C:\Users\SF\AppData\Local\Temp\ccMxcvry.s:270    .text.HAL_TIM_PWM_MspInit:0000000000000000 HAL_TIM_PWM_MspInit
C:\Users\SF\AppData\Local\Temp\ccMxcvry.s:365    .text.HAL_TIM_PWM_MspInit:000000000000005c $d
C:\Users\SF\AppData\Local\Temp\ccMxcvry.s:372    .text.HAL_TIM_Encoder_MspInit:0000000000000000 $t
C:\Users\SF\AppData\Local\Temp\ccMxcvry.s:378    .text.HAL_TIM_Encoder_MspInit:0000000000000000 HAL_TIM_Encoder_MspInit
C:\Users\SF\AppData\Local\Temp\ccMxcvry.s:582    .text.HAL_TIM_Encoder_MspInit:00000000000000d4 $d
C:\Users\SF\AppData\Local\Temp\ccMxcvry.s:591    .text.HAL_TIM_MspPostInit:0000000000000000 $t
C:\Users\SF\AppData\Local\Temp\ccMxcvry.s:597    .text.HAL_TIM_MspPostInit:0000000000000000 HAL_TIM_MspPostInit
C:\Users\SF\AppData\Local\Temp\ccMxcvry.s:730    .text.HAL_TIM_MspPostInit:0000000000000080 $d
C:\Users\SF\AppData\Local\Temp\ccMxcvry.s:739    .text.MX_TIM1_Init:0000000000000000 $t
C:\Users\SF\AppData\Local\Temp\ccMxcvry.s:745    .text.MX_TIM1_Init:0000000000000000 MX_TIM1_Init
C:\Users\SF\AppData\Local\Temp\ccMxcvry.s:929    .text.MX_TIM1_Init:00000000000000b0 $d
C:\Users\SF\AppData\Local\Temp\ccMxcvry.s:935    .text.MX_TIM3_Init:0000000000000000 $t
C:\Users\SF\AppData\Local\Temp\ccMxcvry.s:941    .text.MX_TIM3_Init:0000000000000000 MX_TIM3_Init
C:\Users\SF\AppData\Local\Temp\ccMxcvry.s:1068   .text.MX_TIM3_Init:000000000000007c $d
C:\Users\SF\AppData\Local\Temp\ccMxcvry.s:1074   .text.HAL_TIM_PWM_MspDeInit:0000000000000000 $t
C:\Users\SF\AppData\Local\Temp\ccMxcvry.s:1080   .text.HAL_TIM_PWM_MspDeInit:0000000000000000 HAL_TIM_PWM_MspDeInit
C:\Users\SF\AppData\Local\Temp\ccMxcvry.s:1135   .text.HAL_TIM_PWM_MspDeInit:0000000000000034 $d
C:\Users\SF\AppData\Local\Temp\ccMxcvry.s:1141   .text.HAL_TIM_Encoder_MspDeInit:0000000000000000 $t
C:\Users\SF\AppData\Local\Temp\ccMxcvry.s:1147   .text.HAL_TIM_Encoder_MspDeInit:0000000000000000 HAL_TIM_Encoder_MspDeInit
C:\Users\SF\AppData\Local\Temp\ccMxcvry.s:1214   .text.HAL_TIM_Encoder_MspDeInit:0000000000000048 $d
C:\Users\SF\AppData\Local\Temp\ccMxcvry.s:1252   .bss.htim4:0000000000000000 htim4
C:\Users\SF\AppData\Local\Temp\ccMxcvry.s:1245   .bss.htim3:0000000000000000 htim3
C:\Users\SF\AppData\Local\Temp\ccMxcvry.s:1238   .bss.htim2:0000000000000000 htim2
C:\Users\SF\AppData\Local\Temp\ccMxcvry.s:1231   .bss.htim1:0000000000000000 htim1
C:\Users\SF\AppData\Local\Temp\ccMxcvry.s:1227   .bss.htim1:0000000000000000 $d
C:\Users\SF\AppData\Local\Temp\ccMxcvry.s:1234   .bss.htim2:0000000000000000 $d
C:\Users\SF\AppData\Local\Temp\ccMxcvry.s:1241   .bss.htim3:0000000000000000 $d
C:\Users\SF\AppData\Local\Temp\ccMxcvry.s:1248   .bss.htim4:0000000000000000 $d

UNDEFINED SYMBOLS
memset
HAL_TIM_Encoder_Init
HAL_TIMEx_MasterConfigSynchronization
Error_Handler
HAL_NVIC_SetPriority
HAL_NVIC_EnableIRQ
HAL_GPIO_Init
HAL_TIM_PWM_Init
HAL_TIM_PWM_ConfigChannel
HAL_TIMEx_ConfigBreakDeadTime
HAL_NVIC_DisableIRQ
HAL_GPIO_DeInit
